   1              		.cpu arm7tdmi
   2              		.fpu softvfp
   3              		.eabi_attribute 20, 1
   4              		.eabi_attribute 21, 1
   5              		.eabi_attribute 23, 3
   6              		.eabi_attribute 24, 1
   7              		.eabi_attribute 25, 1
   8              		.eabi_attribute 26, 1
   9              		.eabi_attribute 30, 4
  10              		.eabi_attribute 18, 4
  11              		.file	"ahrs_infrared.c"
  12              		.section	.text.ahrs_init,"ax",%progbits
  13              		.align	2
  14              		.global	ahrs_init
  16              	ahrs_init:
  17              		@ Function supports interworking.
  18              		@ args = 0, pretend = 0, frame = 0
  19              		@ frame_needed = 0, uses_anonymous_args = 0
  20              		@ link register save eliminated.
  21 0000 14309FE5 		ldr	r3, .L2
  22 0004 0020A0E3 		mov	r2, #0
  23 0008 0020C3E5 		strb	r2, [r3, #0]
  24 000c 0C309FE5 		ldr	r3, .L2+4
  25 0010 0020A0E3 		mov	r2, #0
  26 0014 002083E5 		str	r2, [r3, #0]	@ float
  27 0018 1EFF2FE1 		bx	lr
  28              	.L3:
  29              		.align	2
  30              	.L2:
  31 001c 00000000 		.word	ahrs
  32 0020 00000000 		.word	heading
  34              		.section	.text.ahrs_align,"ax",%progbits
  35              		.align	2
  36              		.global	ahrs_align
  38              	ahrs_align:
  39              		@ Function supports interworking.
  40              		@ args = 0, pretend = 0, frame = 0
  41              		@ frame_needed = 0, uses_anonymous_args = 0
  42              		@ link register save eliminated.
  43 0000 08309FE5 		ldr	r3, .L5
  44 0004 0120A0E3 		mov	r2, #1
  45 0008 0020C3E5 		strb	r2, [r3, #0]
  46 000c 1EFF2FE1 		bx	lr
  47              	.L6:
  48              		.align	2
  49              	.L5:
  50 0010 00000000 		.word	ahrs
  52              		.global	__aeabi_i2f
  53              		.global	__aeabi_fmul
  54              		.section	.text.ahrs_propagate,"ax",%progbits
  55              		.align	2
  56              		.global	ahrs_propagate
  58              	ahrs_propagate:
  59              		@ Function supports interworking.
  60              		@ args = 0, pretend = 0, frame = 0
  61              		@ frame_needed = 0, uses_anonymous_args = 0
  62 0000 34309FE5 		ldr	r3, .L8
  63 0004 10402DE9 		stmfd	sp!, {r4, lr}
  64 0008 000093E5 		ldr	r0, [r3, #0]
  65 000c FEFFFFEB 		bl	__aeabi_i2f
  66 0010 E615A0E3 		mov	r1, #964689920
  67 0014 FEFFFFEB 		bl	__aeabi_fmul
  68 0018 20409FE5 		ldr	r4, .L8+4
  69 001c 0030A0E3 		mov	r3, #0
  70 0020 3C3284E5 		str	r3, [r4, #572]	@ float
  71 0024 403284E5 		str	r3, [r4, #576]	@ float
  72 0028 0230A0E3 		mov	r3, #2
  73 002c 380284E5 		str	r0, [r4, #568]	@ float
  74 0030 2832C4E5 		strb	r3, [r4, #552]
  75 0034 1040BDE8 		ldmfd	sp!, {r4, lr}
  76 0038 1EFF2FE1 		bx	lr
  77              	.L9:
  78              		.align	2
  79              	.L8:
  80 003c 00000000 		.word	imu
  81 0040 00000000 		.word	state
  83              		.section	.text.ahrs_update_accel,"ax",%progbits
  84              		.align	2
  85              		.global	ahrs_update_accel
  87              	ahrs_update_accel:
  88              		@ Function supports interworking.
  89              		@ args = 0, pretend = 0, frame = 0
  90              		@ frame_needed = 0, uses_anonymous_args = 0
  91              		@ link register save eliminated.
  92 0000 1EFF2FE1 		bx	lr
  94              		.section	.text.ahrs_update_mag,"ax",%progbits
  95              		.align	2
  96              		.global	ahrs_update_mag
  98              	ahrs_update_mag:
  99              		@ Function supports interworking.
 100              		@ args = 0, pretend = 0, frame = 0
 101              		@ frame_needed = 0, uses_anonymous_args = 0
 102              		@ link register save eliminated.
 103 0000 1EFF2FE1 		bx	lr
 105              		.global	__aeabi_i2d
 106              		.global	__aeabi_ddiv
 107              		.global	__aeabi_d2f
 108              		.global	__aeabi_fsub
 109              		.global	__aeabi_fcmplt
 110              		.global	__aeabi_f2d
 111              		.global	__aeabi_dadd
 112              		.section	.text.ahrs_update_gps,"ax",%progbits
 113              		.align	2
 114              		.global	ahrs_update_gps
 116              	ahrs_update_gps:
 117              		@ Function supports interworking.
 118              		@ args = 0, pretend = 0, frame = 0
 119              		@ frame_needed = 0, uses_anonymous_args = 0
 120 0000 F8402DE9 		stmfd	sp!, {r3, r4, r5, r6, r7, lr}
 121 0004 DC509FE5 		ldr	r5, .L18
 122 0008 F404D5E1 		ldrsh	r0, [r5, #68]
 123 000c FEFFFFEB 		bl	__aeabi_i2d
 124 0010 0020A0E3 		mov	r2, #0
 125 0014 D0309FE5 		ldr	r3, .L18+4
 126 0018 FEFFFFEB 		bl	__aeabi_ddiv
 127 001c FEFFFFEB 		bl	__aeabi_d2f
 128 0020 0040A0E1 		mov	r4, r0
 129 0024 480095E5 		ldr	r0, [r5, #72]
 130 0028 FEFFFFEB 		bl	__aeabi_i2d
 131 002c BC309FE5 		ldr	r3, .L18+8
 132 0030 0020A0E3 		mov	r2, #0
 133 0034 FEFFFFEB 		bl	__aeabi_ddiv
 134 0038 FEFFFFEB 		bl	__aeabi_d2f
 135 003c 0070A0E1 		mov	r7, r0
 136 0040 FEFFFFEB 		bl	cosf
 137 0044 0410A0E1 		mov	r1, r4
 138 0048 FEFFFFEB 		bl	__aeabi_fmul
 139 004c A0509FE5 		ldr	r5, .L18+12
 140 0050 4432D5E5 		ldrb	r3, [r5, #580]	@ zero_extendqisi2
 141 0054 040013E3 		tst	r3, #4
 142 0058 0060A0E1 		mov	r6, r0
 143 005c FEFFFF0B 		bleq	stateCalcHorizontalWindspeed_f
 144              	.L13:
 145 0060 541295E5 		ldr	r1, [r5, #596]	@ float
 146 0064 0600A0E1 		mov	r0, r6
 147 0068 FEFFFFEB 		bl	__aeabi_fsub
 148 006c 0060A0E1 		mov	r6, r0
 149 0070 0700A0E1 		mov	r0, r7
 150 0074 FEFFFFEB 		bl	sinf
 151 0078 0410A0E1 		mov	r1, r4
 152 007c FEFFFFEB 		bl	__aeabi_fmul
 153 0080 4432D5E5 		ldrb	r3, [r5, #580]	@ zero_extendqisi2
 154 0084 040013E3 		tst	r3, #4
 155 0088 0040A0E1 		mov	r4, r0
 156 008c FEFFFF0B 		bleq	stateCalcHorizontalWindspeed_f
 157              	.L14:
 158 0090 5C309FE5 		ldr	r3, .L18+12
 159 0094 0400A0E1 		mov	r0, r4
 160 0098 581293E5 		ldr	r1, [r3, #600]	@ float
 161 009c FEFFFFEB 		bl	__aeabi_fsub
 162 00a0 0610A0E1 		mov	r1, r6
 163 00a4 FEFFFFEB 		bl	atan2f
 164 00a8 48409FE5 		ldr	r4, .L18+16
 165 00ac 0010A0E3 		mov	r1, #0
 166 00b0 000084E5 		str	r0, [r4, #0]	@ float
 167 00b4 0050A0E1 		mov	r5, r0
 168 00b8 FEFFFFEB 		bl	__aeabi_fcmplt
 169 00bc 000050E3 		cmp	r0, #0
 170 00c0 0600000A 		beq	.L12
 171 00c4 0500A0E1 		mov	r0, r5
 172 00c8 FEFFFFEB 		bl	__aeabi_f2d
 173 00cc 28209FE5 		ldr	r2, .L18+20
 174 00d0 28309FE5 		ldr	r3, .L18+24
 175 00d4 FEFFFFEB 		bl	__aeabi_dadd
 176 00d8 FEFFFFEB 		bl	__aeabi_d2f
 177 00dc 000084E5 		str	r0, [r4, #0]	@ float
 178              	.L12:
 179 00e0 F840BDE8 		ldmfd	sp!, {r3, r4, r5, r6, r7, lr}
 180 00e4 1EFF2FE1 		bx	lr
 181              	.L19:
 182              		.align	2
 183              	.L18:
 184 00e8 00000000 		.word	gps
 185 00ec 00005940 		.word	1079574528
 186 00f0 D0126341 		.word	1097011920
 187 00f4 00000000 		.word	state
 188 00f8 00000000 		.word	heading
 189 00fc 182D4454 		.word	1413754136
 190 0100 FB211940 		.word	1075388923
 192              		.global	__aeabi_dsub
 193              		.global	__aeabi_dcmplt
 194              		.global	__aeabi_dcmpgt
 195              		.global	__aeabi_fcmpge
 196              		.section	.text.ahrs_update_infrared,"ax",%progbits
 197              		.align	2
 198              		.global	ahrs_update_infrared
 200              	ahrs_update_infrared:
 201              		@ Function supports interworking.
 202              		@ args = 0, pretend = 0, frame = 0
 203              		@ frame_needed = 0, uses_anonymous_args = 0
 204 0000 F8402DE9 		stmfd	sp!, {r3, r4, r5, r6, r7, lr}
 205 0004 84419FE5 		ldr	r4, .L41
 206 0008 F401D4E1 		ldrsh	r0, [r4, #20]
 207 000c FEFFFFEB 		bl	__aeabi_i2d
 208 0010 0060A0E1 		mov	r6, r0
 209 0014 F801D4E1 		ldrsh	r0, [r4, #24]
 210 0018 0170A0E1 		mov	r7, r1
 211 001c FEFFFFEB 		bl	__aeabi_i2d
 212 0020 0020A0E1 		mov	r2, r0
 213 0024 0130A0E1 		mov	r3, r1
 214 0028 0600A0E1 		mov	r0, r6
 215 002c 0710A0E1 		mov	r1, r7
 216 0030 FEFFFFEB 		bl	atan2
 217 0034 0060A0E1 		mov	r6, r0
 218 0038 080094E5 		ldr	r0, [r4, #8]	@ float
 219 003c 0170A0E1 		mov	r7, r1
 220 0040 FEFFFFEB 		bl	__aeabi_f2d
 221 0044 0020A0E1 		mov	r2, r0
 222 0048 0130A0E1 		mov	r3, r1
 223 004c 0600A0E1 		mov	r0, r6
 224 0050 0710A0E1 		mov	r1, r7
 225 0054 FEFFFFEB 		bl	__aeabi_dsub
 226 0058 FEFFFFEB 		bl	__aeabi_d2f
 227 005c 0050A0E1 		mov	r5, r0
 228 0060 F601D4E1 		ldrsh	r0, [r4, #22]
 229 0064 FEFFFFEB 		bl	__aeabi_i2d
 230 0068 0060A0E1 		mov	r6, r0
 231 006c F801D4E1 		ldrsh	r0, [r4, #24]
 232 0070 0170A0E1 		mov	r7, r1
 233 0074 FEFFFFEB 		bl	__aeabi_i2d
 234 0078 0020A0E1 		mov	r2, r0
 235 007c 0130A0E1 		mov	r3, r1
 236 0080 0600A0E1 		mov	r0, r6
 237 0084 0710A0E1 		mov	r1, r7
 238 0088 FEFFFFEB 		bl	atan2
 239 008c 0060A0E1 		mov	r6, r0
 240 0090 0C0094E5 		ldr	r0, [r4, #12]	@ float
 241 0094 0170A0E1 		mov	r7, r1
 242 0098 FEFFFFEB 		bl	__aeabi_f2d
 243 009c 0020A0E1 		mov	r2, r0
 244 00a0 0130A0E1 		mov	r3, r1
 245 00a4 0600A0E1 		mov	r0, r6
 246 00a8 0710A0E1 		mov	r1, r7
 247 00ac FEFFFFEB 		bl	__aeabi_dsub
 248 00b0 FEFFFFEB 		bl	__aeabi_d2f
 249 00b4 0040A0E1 		mov	r4, r0
 250 00b8 FEFFFFEB 		bl	__aeabi_f2d
 251 00bc D0209FE5 		ldr	r2, .L41+4
 252 00c0 D0309FE5 		ldr	r3, .L41+8
 253 00c4 0060A0E1 		mov	r6, r0
 254 00c8 0170A0E1 		mov	r7, r1
 255 00cc FEFFFFEB 		bl	__aeabi_dcmplt
 256 00d0 000050E3 		cmp	r0, #0
 257 00d4 0710A0E1 		mov	r1, r7
 258 00d8 0600A0E1 		mov	r0, r6
 259 00dc B0209FE5 		ldr	r2, .L41+4
 260 00e0 0200000A 		beq	.L35
 261 00e4 B0309FE5 		ldr	r3, .L41+12
 262 00e8 FEFFFFEB 		bl	__aeabi_dadd
 263 00ec 080000EA 		b	.L38
 264              	.L35:
 265 00f0 A8309FE5 		ldr	r3, .L41+16
 266 00f4 FEFFFFEB 		bl	__aeabi_dcmpgt
 267 00f8 000050E3 		cmp	r0, #0
 268 00fc 0600000A 		beq	.L23
 269 0100 0600A0E1 		mov	r0, r6
 270 0104 0710A0E1 		mov	r1, r7
 271 0108 84209FE5 		ldr	r2, .L41+4
 272 010c 88309FE5 		ldr	r3, .L41+12
 273 0110 FEFFFFEB 		bl	__aeabi_dsub
 274              	.L38:
 275 0114 FEFFFFEB 		bl	__aeabi_d2f
 276 0118 0040A0E1 		mov	r4, r0
 277              	.L23:
 278 011c 0010A0E3 		mov	r1, #0
 279 0120 0500A0E1 		mov	r0, r5
 280 0124 FEFFFFEB 		bl	__aeabi_fcmpge
 281 0128 60309FE5 		ldr	r3, .L41
 282 012c 000050E3 		cmp	r0, #0
 283 0130 2C109315 		ldrne	r1, [r3, #44]	@ float
 284 0134 28109305 		ldreq	r1, [r3, #40]	@ float
 285 0138 0500A0E1 		mov	r0, r5
 286 013c FEFFFFEB 		bl	__aeabi_fmul
 287 0140 0010A0E3 		mov	r1, #0
 288 0144 0050A0E1 		mov	r5, r0
 289 0148 0400A0E1 		mov	r0, r4
 290 014c FEFFFFEB 		bl	__aeabi_fcmpge
 291 0150 38309FE5 		ldr	r3, .L41
 292 0154 000050E3 		cmp	r0, #0
 293 0158 30109315 		ldrne	r1, [r3, #48]	@ float
 294 015c 34109305 		ldreq	r1, [r3, #52]	@ float
 295 0160 0400A0E1 		mov	r0, r4
 296 0164 FEFFFFEB 		bl	__aeabi_fmul
 297 0168 34309FE5 		ldr	r3, .L41+20
 298 016c 002093E5 		ldr	r2, [r3, #0]	@ float
 299 0170 30309FE5 		ldr	r3, .L41+24
 300 0174 002283E5 		str	r2, [r3, #512]	@ float
 301 0178 1020A0E3 		mov	r2, #16
 302 017c F85183E5 		str	r5, [r3, #504]	@ float
 303 0180 FC0183E5 		str	r0, [r3, #508]	@ float
 304 0184 A421C3E5 		strb	r2, [r3, #420]
 305 0188 F840BDE8 		ldmfd	sp!, {r3, r4, r5, r6, r7, lr}
 306 018c 1EFF2FE1 		bx	lr
 307              	.L42:
 308              		.align	2
 309              	.L41:
 310 0190 00000000 		.word	infrared
 311 0194 182D4454 		.word	1413754136
 312 0198 FB21F9BF 		.word	-1074191877
 313 019c FB210940 		.word	1074340347
 314 01a0 FB21F93F 		.word	1073291771
 315 01a4 00000000 		.word	heading
 316 01a8 00000000 		.word	state
 318              		.comm	heading,4,4
 319              		.ident	"GCC: (Linaro GCC 4.6-2011.09-1) 4.6.2 20110908 (prerelease)"
DEFINED SYMBOLS
                            *ABS*:00000000 ahrs_infrared.c
     /tmp/cc5X36pE.s:13     .text.ahrs_init:00000000 $a
     /tmp/cc5X36pE.s:16     .text.ahrs_init:00000000 ahrs_init
     /tmp/cc5X36pE.s:31     .text.ahrs_init:0000001c $d
                            *COM*:00000004 heading
     /tmp/cc5X36pE.s:35     .text.ahrs_align:00000000 $a
     /tmp/cc5X36pE.s:38     .text.ahrs_align:00000000 ahrs_align
     /tmp/cc5X36pE.s:50     .text.ahrs_align:00000010 $d
     /tmp/cc5X36pE.s:55     .text.ahrs_propagate:00000000 $a
     /tmp/cc5X36pE.s:58     .text.ahrs_propagate:00000000 ahrs_propagate
     /tmp/cc5X36pE.s:80     .text.ahrs_propagate:0000003c $d
     /tmp/cc5X36pE.s:84     .text.ahrs_update_accel:00000000 $a
     /tmp/cc5X36pE.s:87     .text.ahrs_update_accel:00000000 ahrs_update_accel
     /tmp/cc5X36pE.s:95     .text.ahrs_update_mag:00000000 $a
     /tmp/cc5X36pE.s:98     .text.ahrs_update_mag:00000000 ahrs_update_mag
     /tmp/cc5X36pE.s:113    .text.ahrs_update_gps:00000000 $a
     /tmp/cc5X36pE.s:116    .text.ahrs_update_gps:00000000 ahrs_update_gps
     /tmp/cc5X36pE.s:184    .text.ahrs_update_gps:000000e8 $d
     /tmp/cc5X36pE.s:197    .text.ahrs_update_infrared:00000000 $a
     /tmp/cc5X36pE.s:200    .text.ahrs_update_infrared:00000000 ahrs_update_infrared
     /tmp/cc5X36pE.s:310    .text.ahrs_update_infrared:00000190 $d

UNDEFINED SYMBOLS
ahrs
__aeabi_i2f
__aeabi_fmul
imu
state
__aeabi_i2d
__aeabi_ddiv
__aeabi_d2f
__aeabi_fsub
__aeabi_fcmplt
__aeabi_f2d
__aeabi_dadd
cosf
stateCalcHorizontalWindspeed_f
sinf
atan2f
gps
__aeabi_dsub
__aeabi_dcmplt
__aeabi_dcmpgt
__aeabi_fcmpge
atan2
infrared
