   1              		.cpu arm7tdmi
   2              		.fpu softvfp
   3              		.eabi_attribute 20, 1
   4              		.eabi_attribute 21, 1
   5              		.eabi_attribute 23, 3
   6              		.eabi_attribute 24, 1
   7              		.eabi_attribute 25, 1
   8              		.eabi_attribute 26, 1
   9              		.eabi_attribute 30, 4
  10              		.eabi_attribute 18, 4
  11              		.file	"datalink.c"
  12              		.global	__aeabi_i2f
  13              		.global	__aeabi_fdiv
  14              		.global	__aeabi_fsub
  15              		.global	__aeabi_f2d
  16              		.global	__aeabi_ddiv
  17              		.global	__aeabi_dmul
  18              		.global	__aeabi_d2f
  19              		.global	__aeabi_ui2f
  20              		.global	__aeabi_i2d
  21              		.global	__aeabi_fadd
  22              		.global	__aeabi_d2uiz
  23              		.global	__aeabi_f2uiz
  24              		.global	__aeabi_fcmpeq
  25              		.section	.text.dl_parse_msg,"ax",%progbits
  26              		.align	2
  27              		.global	dl_parse_msg
  29              	dl_parse_msg:
  30              		@ Function supports interworking.
  31              		@ args = 0, pretend = 0, frame = 88
  32              		@ frame_needed = 0, uses_anonymous_args = 0
  33 0000 F04F2DE9 		stmfd	sp!, {r4, r5, r6, r7, r8, r9, sl, fp, lr}
  34 0004 783E9FE5 		ldr	r3, .L77
  35 0008 784E9FE5 		ldr	r4, .L77+4
  36 000c 0050A0E3 		mov	r5, #0
  37 0010 B050C3E1 		strh	r5, [r3, #0]	@ movhi
  38 0014 0130D4E5 		ldrb	r3, [r4, #1]	@ zero_extendqisi2
  39 0018 080053E3 		cmp	r3, #8
  40 001c 5CD04DE2 		sub	sp, sp, #92
  41 0020 3600001A 		bne	.L2
  42 0024 600E9FE5 		ldr	r0, .L77+8
  43 0028 0B10A0E3 		mov	r1, #11
  44 002c FEFFFFEB 		bl	uart_check_free_space
  45 0030 050050E1 		cmp	r0, r5
  46 0034 8B03000A 		beq	.L53
  47 0038 503E9FE5 		ldr	r3, .L77+12
  48 003c B020D3E1 		ldrh	r2, [r3, #0]
  49 0040 0B2082E2 		add	r2, r2, #11
  50 0044 B020C3E1 		strh	r2, [r3, #0]	@ movhi
  51 0048 443E9FE5 		ldr	r3, .L77+16
  52 004c B020D3E1 		ldrh	r2, [r3, #0]
  53 0050 012082E2 		add	r2, r2, #1
  54 0054 B020C3E1 		strh	r2, [r3, #0]	@ movhi
  55 0058 2C0E9FE5 		ldr	r0, .L77+8
  56 005c 7E10A0E3 		mov	r1, #126
  57 0060 304E9FE5 		ldr	r4, .L77+20
  58 0064 FEFFFFEB 		bl	uart_transmit
  59 0068 1C0E9FE5 		ldr	r0, .L77+8
  60 006c 0510A0E1 		mov	r1, r5
  61 0070 FEFFFFEB 		bl	uart_transmit
  62 0074 0160A0E3 		mov	r6, #1
  63 0078 0C0E9FE5 		ldr	r0, .L77+8
  64 007c 0710A0E3 		mov	r1, #7
  65 0080 FEFFFFEB 		bl	uart_transmit
  66 0084 000E9FE5 		ldr	r0, .L77+8
  67 0088 0610A0E1 		mov	r1, r6
  68 008c 0060C4E5 		strb	r6, [r4, #0]
  69 0090 FEFFFFEB 		bl	uart_transmit
  70 0094 F00D9FE5 		ldr	r0, .L77+8
  71 0098 0510A0E1 		mov	r1, r5
  72 009c FEFFFFEB 		bl	uart_transmit
  73 00a0 0030D4E5 		ldrb	r3, [r4, #0]	@ zero_extendqisi2
  74 00a4 063083E0 		add	r3, r3, r6
  75 00a8 0030C4E5 		strb	r3, [r4, #0]
  76 00ac D80D9FE5 		ldr	r0, .L77+8
  77 00b0 0610A0E1 		mov	r1, r6
  78 00b4 FEFFFFEB 		bl	uart_transmit
  79 00b8 CC0D9FE5 		ldr	r0, .L77+8
  80 00bc 0510A0E1 		mov	r1, r5
  81 00c0 FEFFFFEB 		bl	uart_transmit
  82 00c4 C00D9FE5 		ldr	r0, .L77+8
  83 00c8 0510A0E1 		mov	r1, r5
  84 00cc FEFFFFEB 		bl	uart_transmit
  85 00d0 0030D4E5 		ldrb	r3, [r4, #0]	@ zero_extendqisi2
  86 00d4 023083E2 		add	r3, r3, #2
  87 00d8 0030C4E5 		strb	r3, [r4, #0]
  88 00dc A80D9FE5 		ldr	r0, .L77+8
  89 00e0 0210A0E3 		mov	r1, #2
  90 00e4 FEFFFFEB 		bl	uart_transmit
  91 00e8 0030D4E5 		ldrb	r3, [r4, #0]	@ zero_extendqisi2
  92 00ec 033083E2 		add	r3, r3, #3
  93 00f0 0030C4E5 		strb	r3, [r4, #0]
  94 00f4 900D9FE5 		ldr	r0, .L77+8
  95 00f8 0310A0E3 		mov	r1, #3
  96 00fc 530300EA 		b	.L72
  97              	.L2:
  98 0100 010053E3 		cmp	r3, #1
  99 0104 8900001A 		bne	.L5
 100 0108 1830D4E5 		ldrb	r3, [r4, #24]	@ zero_extendqisi2
 101 010c 020053E3 		cmp	r3, #2
 102 0110 5803000A 		beq	.L1
 103 0114 0C20D4E5 		ldrb	r2, [r4, #12]	@ zero_extendqisi2
 104 0118 00208DE5 		str	r2, [sp, #0]
 105 011c 0D20D4E5 		ldrb	r2, [r4, #13]	@ zero_extendqisi2
 106 0120 04208DE5 		str	r2, [sp, #4]
 107 0124 0E20D4E5 		ldrb	r2, [r4, #14]	@ zero_extendqisi2
 108 0128 08208DE5 		str	r2, [sp, #8]
 109 012c 0F20D4E5 		ldrb	r2, [r4, #15]	@ zero_extendqisi2
 110 0130 0C208DE5 		str	r2, [sp, #12]
 111 0134 0220D4E5 		ldrb	r2, [r4, #2]	@ zero_extendqisi2
 112 0138 10208DE5 		str	r2, [sp, #16]
 113 013c 0320D4E5 		ldrb	r2, [r4, #3]	@ zero_extendqisi2
 114 0140 14208DE5 		str	r2, [sp, #20]
 115 0144 1420D4E5 		ldrb	r2, [r4, #20]	@ zero_extendqisi2
 116 0148 18208DE5 		str	r2, [sp, #24]
 117 014c 1520D4E5 		ldrb	r2, [r4, #21]	@ zero_extendqisi2
 118 0150 1C208DE5 		str	r2, [sp, #28]
 119 0154 1620D4E5 		ldrb	r2, [r4, #22]	@ zero_extendqisi2
 120 0158 20208DE5 		str	r2, [sp, #32]
 121 015c 1720D4E5 		ldrb	r2, [r4, #23]	@ zero_extendqisi2
 122 0160 24208DE5 		str	r2, [sp, #36]
 123 0164 1020D4E5 		ldrb	r2, [r4, #16]	@ zero_extendqisi2
 124 0168 28208DE5 		str	r2, [sp, #40]
 125 016c 1120D4E5 		ldrb	r2, [r4, #17]	@ zero_extendqisi2
 126 0170 249D9FE5 		ldr	r9, .L77+24
 127 0174 2C208DE5 		str	r2, [sp, #44]
 128 0178 1220D4E5 		ldrb	r2, [r4, #18]	@ zero_extendqisi2
 129 017c 0410D4E5 		ldrb	r1, [r4, #4]	@ zero_extendqisi2
 130 0180 05C0D4E5 		ldrb	ip, [r4, #5]	@ zero_extendqisi2
 131 0184 06A0D4E5 		ldrb	sl, [r4, #6]	@ zero_extendqisi2
 132 0188 0700D4E5 		ldrb	r0, [r4, #7]	@ zero_extendqisi2
 133 018c 0850D4E5 		ldrb	r5, [r4, #8]	@ zero_extendqisi2
 134 0190 0960D4E5 		ldrb	r6, [r4, #9]	@ zero_extendqisi2
 135 0194 0A80D4E5 		ldrb	r8, [r4, #10]	@ zero_extendqisi2
 136 0198 0B70D4E5 		ldrb	r7, [r4, #11]	@ zero_extendqisi2
 137 019c 30208DE5 		str	r2, [sp, #48]
 138 01a0 0020D9E5 		ldrb	r2, [r9, #0]	@ zero_extendqisi2
 139 01a4 1340D4E5 		ldrb	r4, [r4, #19]	@ zero_extendqisi2
 140 01a8 170052E3 		cmp	r2, #23
 141 01ac 34408DE5 		str	r4, [sp, #52]
 142 01b0 3003008A 		bhi	.L1
 143 01b4 000053E3 		cmp	r3, #0
 144 01b8 E0EC9FE5 		ldr	lr, .L77+28
 145 01bc E04C9FE5 		ldr	r4, .L77+32
 146 01c0 0500000A 		beq	.L7
 147 01c4 03B0DEE7 		ldrb	fp, [lr, r3]	@ zero_extendqisi2
 148 01c8 00005BE3 		cmp	fp, #0
 149 01cc 01B08202 		addeq	fp, r2, #1
 150 01d0 0320CE07 		streqb	r2, [lr, r3]
 151 01d4 00B0C905 		streqb	fp, [r9, #0]
 152 01d8 8232C407 		streqb	r3, [r4, r2, asl #5]
 153              	.L7:
 154 01dc 0AA8A0E1 		mov	sl, sl, asl #16
 155 01e0 0330DEE7 		ldrb	r3, [lr, r3]	@ zero_extendqisi2
 156 01e4 0C1481E1 		orr	r1, r1, ip, asl #8
 157 01e8 00AC8AE1 		orr	sl, sl, r0, asl #24
 158 01ec 01008AE1 		orr	r0, sl, r1
 159 01f0 834284E0 		add	r4, r4, r3, asl #5
 160 01f4 FEFFFFEB 		bl	__aeabi_i2f
 161 01f8 A81C9FE5 		ldr	r1, .L77+36
 162 01fc FEFFFFEB 		bl	__aeabi_fdiv
 163 0200 A43C9FE5 		ldr	r3, .L77+40
 164 0204 00A0A0E1 		mov	sl, r0
 165 0208 000093E5 		ldr	r0, [r3, #0]
 166 020c FEFFFFEB 		bl	__aeabi_i2f
 167 0210 0010A0E1 		mov	r1, r0
 168 0214 0A00A0E1 		mov	r0, sl
 169 0218 FEFFFFEB 		bl	__aeabi_fsub
 170 021c 0888A0E1 		mov	r8, r8, asl #16
 171 0220 065485E1 		orr	r5, r5, r6, asl #8
 172 0224 078C88E1 		orr	r8, r8, r7, asl #24
 173 0228 040084E5 		str	r0, [r4, #4]	@ float
 174 022c 050088E1 		orr	r0, r8, r5
 175 0230 FEFFFFEB 		bl	__aeabi_i2f
 176 0234 6C1C9FE5 		ldr	r1, .L77+36
 177 0238 FEFFFFEB 		bl	__aeabi_fdiv
 178 023c 6C3C9FE5 		ldr	r3, .L77+44
 179 0240 0050A0E1 		mov	r5, r0
 180 0244 000093E5 		ldr	r0, [r3, #0]
 181 0248 FEFFFFEB 		bl	__aeabi_i2f
 182 024c 0010A0E1 		mov	r1, r0
 183 0250 0500A0E1 		mov	r0, r5
 184 0254 FEFFFFEB 		bl	__aeabi_fsub
 185 0258 10309DE5 		ldr	r3, [sp, #16]
 186 025c 14209DE5 		ldr	r2, [sp, #20]
 187 0260 080084E5 		str	r0, [r4, #8]	@ float
 188 0264 020483E1 		orr	r0, r3, r2, asl #8
 189 0268 0008A0E1 		mov	r0, r0, asl #16
 190 026c 4008A0E1 		mov	r0, r0, asr #16
 191 0270 FEFFFFEB 		bl	__aeabi_i2f
 192 0274 FEFFFFEB 		bl	__aeabi_f2d
 193 0278 0020A0E3 		mov	r2, #0
 194 027c 303C9FE5 		ldr	r3, .L77+48
 195 0280 FEFFFFEB 		bl	__aeabi_ddiv
 196 0284 2C2C9FE5 		ldr	r2, .L77+52
 197 0288 2C3C9FE5 		ldr	r3, .L77+56
 198 028c FEFFFFEB 		bl	__aeabi_dmul
 199 0290 FEFFFFEB 		bl	__aeabi_d2f
 200 0294 08309DE5 		ldr	r3, [sp, #8]
 201 0298 0C109DE5 		ldr	r1, [sp, #12]
 202 029c 0C0084E5 		str	r0, [r4, #12]	@ float
 203 02a0 0308A0E1 		mov	r0, r3, asl #16
 204 02a4 00209DE5 		ldr	r2, [sp, #0]
 205 02a8 010C80E1 		orr	r0, r0, r1, asl #24
 206 02ac 04109DE5 		ldr	r1, [sp, #4]
 207 02b0 013482E1 		orr	r3, r2, r1, asl #8
 208 02b4 030080E1 		orr	r0, r0, r3
 209 02b8 FEFFFFEB 		bl	__aeabi_i2f
 210 02bc E41B9FE5 		ldr	r1, .L77+36
 211 02c0 FEFFFFEB 		bl	__aeabi_fdiv
 212 02c4 18208DE2 		add	r2, sp, #24
 213 02c8 0C0092E8 		ldmia	r2, {r2, r3}
 214 02cc 100084E5 		str	r0, [r4, #16]	@ float
 215 02d0 030482E1 		orr	r0, r2, r3, asl #8
 216 02d4 FEFFFFEB 		bl	__aeabi_ui2f
 217 02d8 C81B9FE5 		ldr	r1, .L77+36
 218 02dc FEFFFFEB 		bl	__aeabi_fdiv
 219 02e0 20108DE2 		add	r1, sp, #32
 220 02e4 060091E8 		ldmia	r1, {r1, r2}
 221 02e8 140084E5 		str	r0, [r4, #20]	@ float
 222 02ec 020481E1 		orr	r0, r1, r2, asl #8
 223 02f0 0008A0E1 		mov	r0, r0, asl #16
 224 02f4 4008A0E1 		mov	r0, r0, asr #16
 225 02f8 FEFFFFEB 		bl	__aeabi_i2f
 226 02fc A41B9FE5 		ldr	r1, .L77+36
 227 0300 FEFFFFEB 		bl	__aeabi_fdiv
 228 0304 180084E5 		str	r0, [r4, #24]	@ float
 229 0308 30009DE5 		ldr	r0, [sp, #48]
 230 030c 34109DE5 		ldr	r1, [sp, #52]
 231 0310 0038A0E1 		mov	r3, r0, asl #16
 232 0314 28008DE2 		add	r0, sp, #40
 233 0318 013C83E1 		orr	r3, r3, r1, asl #24
 234 031c 030090E8 		ldmia	r0, {r0, r1}
 235 0320 012480E1 		orr	r2, r0, r1, asl #8
 236 0324 023083E1 		orr	r3, r3, r2
 237 0328 1C3084E5 		str	r3, [r4, #28]
 238 032c D10200EA 		b	.L1
 239              	.L5:
 240 0330 020053E3 		cmp	r3, #2
 241 0334 E500001A 		bne	.L8
 242 0338 0380D4E5 		ldrb	r8, [r4, #3]	@ zero_extendqisi2
 243 033c 020058E3 		cmp	r8, #2
 244 0340 CC02001A 		bne	.L1
 245 0344 0E00D4E5 		ldrb	r0, [r4, #14]	@ zero_extendqisi2
 246 0348 0F30D4E5 		ldrb	r3, [r4, #15]	@ zero_extendqisi2
 247 034c 0008A0E1 		mov	r0, r0, asl #16
 248 0350 0D20D4E5 		ldrb	r2, [r4, #13]	@ zero_extendqisi2
 249 0354 030C80E1 		orr	r0, r0, r3, asl #24
 250 0358 0C30D4E5 		ldrb	r3, [r4, #12]	@ zero_extendqisi2
 251 035c 023483E1 		orr	r3, r3, r2, asl #8
 252 0360 030080E1 		orr	r0, r0, r3
 253 0364 FEFFFFEB 		bl	__aeabi_i2f
 254 0368 381B9FE5 		ldr	r1, .L77+36
 255 036c FEFFFFEB 		bl	__aeabi_fdiv
 256 0370 0070A0E1 		mov	r7, r0
 257 0374 54008DE5 		str	r0, [sp, #84]	@ float
 258 0378 0600D4E5 		ldrb	r0, [r4, #6]	@ zero_extendqisi2
 259 037c 0730D4E5 		ldrb	r3, [r4, #7]	@ zero_extendqisi2
 260 0380 0008A0E1 		mov	r0, r0, asl #16
 261 0384 0520D4E5 		ldrb	r2, [r4, #5]	@ zero_extendqisi2
 262 0388 030C80E1 		orr	r0, r0, r3, asl #24
 263 038c 0430D4E5 		ldrb	r3, [r4, #4]	@ zero_extendqisi2
 264 0390 023483E1 		orr	r3, r3, r2, asl #8
 265 0394 030080E1 		orr	r0, r0, r3
 266 0398 FEFFFFEB 		bl	__aeabi_i2d
 267 039c 0020A0E3 		mov	r2, #0
 268 03a0 183B9FE5 		ldr	r3, .L77+60
 269 03a4 FEFFFFEB 		bl	__aeabi_ddiv
 270 03a8 FEFFFFEB 		bl	__aeabi_d2f
 271 03ac FEFFFFEB 		bl	__aeabi_f2d
 272 03b0 002B9FE5 		ldr	r2, .L77+52
 273 03b4 003B9FE5 		ldr	r3, .L77+56
 274 03b8 FEFFFFEB 		bl	__aeabi_dmul
 275 03bc FEFFFFEB 		bl	__aeabi_d2f
 276 03c0 4C008DE5 		str	r0, [sp, #76]	@ float
 277 03c4 0A00D4E5 		ldrb	r0, [r4, #10]	@ zero_extendqisi2
 278 03c8 0B30D4E5 		ldrb	r3, [r4, #11]	@ zero_extendqisi2
 279 03cc 0008A0E1 		mov	r0, r0, asl #16
 280 03d0 0920D4E5 		ldrb	r2, [r4, #9]	@ zero_extendqisi2
 281 03d4 030C80E1 		orr	r0, r0, r3, asl #24
 282 03d8 0830D4E5 		ldrb	r3, [r4, #8]	@ zero_extendqisi2
 283 03dc 023483E1 		orr	r3, r3, r2, asl #8
 284 03e0 030080E1 		orr	r0, r0, r3
 285 03e4 FEFFFFEB 		bl	__aeabi_i2d
 286 03e8 0020A0E3 		mov	r2, #0
 287 03ec CC3A9FE5 		ldr	r3, .L77+60
 288 03f0 FEFFFFEB 		bl	__aeabi_ddiv
 289 03f4 FEFFFFEB 		bl	__aeabi_d2f
 290 03f8 FEFFFFEB 		bl	__aeabi_f2d
 291 03fc B42A9FE5 		ldr	r2, .L77+52
 292 0400 B43A9FE5 		ldr	r3, .L77+56
 293 0404 FEFFFFEB 		bl	__aeabi_dmul
 294 0408 FEFFFFEB 		bl	__aeabi_d2f
 295 040c 0260D4E5 		ldrb	r6, [r4, #2]	@ zero_extendqisi2
 296 0410 AC4A9FE5 		ldr	r4, .L77+64
 297 0414 0030D4E5 		ldrb	r3, [r4, #0]	@ zero_extendqisi2
 298 0418 48008DE5 		str	r0, [sp, #72]	@ float
 299 041c 48108DE2 		add	r1, sp, #72
 300 0420 38008DE2 		add	r0, sp, #56
 301 0424 4430CDE5 		strb	r3, [sp, #68]
 302 0428 FEFFFFEB 		bl	utm_of_lla_f
 303 042c 38209DE5 		ldr	r2, [sp, #56]	@ float
 304 0430 3C109DE5 		ldr	r1, [sp, #60]	@ float
 305 0434 0730A0E1 		mov	r3, r7
 306 0438 0600A0E1 		mov	r0, r6
 307 043c FEFFFFEB 		bl	nav_move_waypoint
 308 0440 643A9FE5 		ldr	r3, .L77+40
 309 0444 000093E5 		ldr	r0, [r3, #0]
 310 0448 FEFFFFEB 		bl	__aeabi_i2f
 311 044c 0CA0A0E3 		mov	sl, #12
 312 0450 960A0AE0 		mul	sl, r6, sl
 313 0454 6C9A9FE5 		ldr	r9, .L77+68
 314 0458 0010A0E1 		mov	r1, r0
 315 045c 0A0099E7 		ldr	r0, [r9, sl]	@ float
 316 0460 FEFFFFEB 		bl	__aeabi_fadd
 317 0464 443A9FE5 		ldr	r3, .L77+44
 318 0468 3C008DE5 		str	r0, [sp, #60]	@ float
 319 046c 000093E5 		ldr	r0, [r3, #0]
 320 0470 FEFFFFEB 		bl	__aeabi_i2f
 321 0474 0A7089E0 		add	r7, r9, sl
 322 0478 0010A0E1 		mov	r1, r0
 323 047c 040097E5 		ldr	r0, [r7, #4]	@ float
 324 0480 FEFFFFEB 		bl	__aeabi_fadd
 325 0484 1910A0E3 		mov	r1, #25
 326 0488 38008DE5 		str	r0, [sp, #56]	@ float
 327 048c F8099FE5 		ldr	r0, .L77+8
 328 0490 FEFFFFEB 		bl	uart_check_free_space
 329 0494 000050E3 		cmp	r0, #0
 330 0498 7202000A 		beq	.L53
 331 049c EC399FE5 		ldr	r3, .L77+12
 332 04a0 B020D3E1 		ldrh	r2, [r3, #0]
 333 04a4 192082E2 		add	r2, r2, #25
 334 04a8 B020C3E1 		strh	r2, [r3, #0]	@ movhi
 335 04ac E0399FE5 		ldr	r3, .L77+16
 336 04b0 B020D3E1 		ldrh	r2, [r3, #0]
 337 04b4 012082E2 		add	r2, r2, #1
 338 04b8 B020C3E1 		strh	r2, [r3, #0]	@ movhi
 339 04bc C8099FE5 		ldr	r0, .L77+8
 340 04c0 7E10A0E3 		mov	r1, #126
 341 04c4 CC799FE5 		ldr	r7, .L77+20
 342 04c8 FEFFFFEB 		bl	uart_transmit
 343 04cc B8099FE5 		ldr	r0, .L77+8
 344 04d0 0510A0E1 		mov	r1, r5
 345 04d4 FEFFFFEB 		bl	uart_transmit
 346 04d8 01A0A0E3 		mov	sl, #1
 347 04dc A8099FE5 		ldr	r0, .L77+8
 348 04e0 1510A0E3 		mov	r1, #21
 349 04e4 FEFFFFEB 		bl	uart_transmit
 350 04e8 9C099FE5 		ldr	r0, .L77+8
 351 04ec 0A10A0E1 		mov	r1, sl
 352 04f0 00A0C7E5 		strb	sl, [r7, #0]
 353 04f4 FEFFFFEB 		bl	uart_transmit
 354 04f8 8C099FE5 		ldr	r0, .L77+8
 355 04fc 0510A0E1 		mov	r1, r5
 356 0500 FEFFFFEB 		bl	uart_transmit
 357 0504 0030D7E5 		ldrb	r3, [r7, #0]	@ zero_extendqisi2
 358 0508 0A3083E0 		add	r3, r3, sl
 359 050c 0030C7E5 		strb	r3, [r7, #0]
 360 0510 74099FE5 		ldr	r0, .L77+8
 361 0514 0A10A0E1 		mov	r1, sl
 362 0518 FEFFFFEB 		bl	uart_transmit
 363 051c 68099FE5 		ldr	r0, .L77+8
 364 0520 0510A0E1 		mov	r1, r5
 365 0524 FEFFFFEB 		bl	uart_transmit
 366 0528 5C099FE5 		ldr	r0, .L77+8
 367 052c 0510A0E1 		mov	r1, r5
 368 0530 FEFFFFEB 		bl	uart_transmit
 369 0534 0030D7E5 		ldrb	r3, [r7, #0]	@ zero_extendqisi2
 370 0538 023083E2 		add	r3, r3, #2
 371 053c 0030C7E5 		strb	r3, [r7, #0]
 372 0540 44099FE5 		ldr	r0, .L77+8
 373 0544 0810A0E1 		mov	r1, r8
 374 0548 FEFFFFEB 		bl	uart_transmit
 375 054c 0030D7E5 		ldrb	r3, [r7, #0]	@ zero_extendqisi2
 376 0550 233083E2 		add	r3, r3, #35
 377 0554 0030C7E5 		strb	r3, [r7, #0]
 378 0558 2C099FE5 		ldr	r0, .L77+8
 379 055c 2310A0E3 		mov	r1, #35
 380 0560 FEFFFFEB 		bl	uart_transmit
 381 0564 0030D7E5 		ldrb	r3, [r7, #0]	@ zero_extendqisi2
 382 0568 033086E0 		add	r3, r6, r3
 383 056c 0030C7E5 		strb	r3, [r7, #0]
 384 0570 14099FE5 		ldr	r0, .L77+8
 385 0574 0610A0E1 		mov	r1, r6
 386 0578 FEFFFFEB 		bl	uart_transmit
 387 057c 3C10DDE5 		ldrb	r1, [sp, #60]	@ zero_extendqisi2
 388 0580 0030D7E5 		ldrb	r3, [r7, #0]	@ zero_extendqisi2
 389 0584 033081E0 		add	r3, r1, r3
 390 0588 0030C7E5 		strb	r3, [r7, #0]
 391 058c F8089FE5 		ldr	r0, .L77+8
 392 0590 FEFFFFEB 		bl	uart_transmit
 393 0594 3D10DDE5 		ldrb	r1, [sp, #61]	@ zero_extendqisi2
 394 0598 0030D7E5 		ldrb	r3, [r7, #0]	@ zero_extendqisi2
 395 059c 033081E0 		add	r3, r1, r3
 396 05a0 0030C7E5 		strb	r3, [r7, #0]
 397 05a4 E0089FE5 		ldr	r0, .L77+8
 398 05a8 FEFFFFEB 		bl	uart_transmit
 399 05ac 3E10DDE5 		ldrb	r1, [sp, #62]	@ zero_extendqisi2
 400 05b0 0030D7E5 		ldrb	r3, [r7, #0]	@ zero_extendqisi2
 401 05b4 033081E0 		add	r3, r1, r3
 402 05b8 0030C7E5 		strb	r3, [r7, #0]
 403 05bc C8089FE5 		ldr	r0, .L77+8
 404 05c0 FEFFFFEB 		bl	uart_transmit
 405 05c4 3F10DDE5 		ldrb	r1, [sp, #63]	@ zero_extendqisi2
 406 05c8 0030D7E5 		ldrb	r3, [r7, #0]	@ zero_extendqisi2
 407 05cc 033081E0 		add	r3, r1, r3
 408 05d0 0030C7E5 		strb	r3, [r7, #0]
 409 05d4 B0089FE5 		ldr	r0, .L77+8
 410 05d8 FEFFFFEB 		bl	uart_transmit
 411 05dc 3810DDE5 		ldrb	r1, [sp, #56]	@ zero_extendqisi2
 412 05e0 0030D7E5 		ldrb	r3, [r7, #0]	@ zero_extendqisi2
 413 05e4 033081E0 		add	r3, r1, r3
 414 05e8 0030C7E5 		strb	r3, [r7, #0]
 415 05ec 98089FE5 		ldr	r0, .L77+8
 416 05f0 FEFFFFEB 		bl	uart_transmit
 417 05f4 3910DDE5 		ldrb	r1, [sp, #57]	@ zero_extendqisi2
 418 05f8 0030D7E5 		ldrb	r3, [r7, #0]	@ zero_extendqisi2
 419 05fc 033081E0 		add	r3, r1, r3
 420 0600 0030C7E5 		strb	r3, [r7, #0]
 421 0604 80089FE5 		ldr	r0, .L77+8
 422 0608 FEFFFFEB 		bl	uart_transmit
 423 060c 3A10DDE5 		ldrb	r1, [sp, #58]	@ zero_extendqisi2
 424 0610 0030D7E5 		ldrb	r3, [r7, #0]	@ zero_extendqisi2
 425 0614 033081E0 		add	r3, r1, r3
 426 0618 0030C7E5 		strb	r3, [r7, #0]
 427 061c 68089FE5 		ldr	r0, .L77+8
 428 0620 FEFFFFEB 		bl	uart_transmit
 429 0624 3B10DDE5 		ldrb	r1, [sp, #59]	@ zero_extendqisi2
 430 0628 0030D7E5 		ldrb	r3, [r7, #0]	@ zero_extendqisi2
 431 062c 033081E0 		add	r3, r1, r3
 432 0630 0030C7E5 		strb	r3, [r7, #0]
 433 0634 50089FE5 		ldr	r0, .L77+8
 434 0638 FEFFFFEB 		bl	uart_transmit
 435 063c 5410DDE5 		ldrb	r1, [sp, #84]	@ zero_extendqisi2
 436 0640 0030D7E5 		ldrb	r3, [r7, #0]	@ zero_extendqisi2
 437 0644 033081E0 		add	r3, r1, r3
 438 0648 0030C7E5 		strb	r3, [r7, #0]
 439 064c 38089FE5 		ldr	r0, .L77+8
 440 0650 FEFFFFEB 		bl	uart_transmit
 441 0654 5510DDE5 		ldrb	r1, [sp, #85]	@ zero_extendqisi2
 442 0658 0030D7E5 		ldrb	r3, [r7, #0]	@ zero_extendqisi2
 443 065c 033081E0 		add	r3, r1, r3
 444 0660 0030C7E5 		strb	r3, [r7, #0]
 445 0664 20089FE5 		ldr	r0, .L77+8
 446 0668 FEFFFFEB 		bl	uart_transmit
 447 066c 5610DDE5 		ldrb	r1, [sp, #86]	@ zero_extendqisi2
 448 0670 0030D7E5 		ldrb	r3, [r7, #0]	@ zero_extendqisi2
 449 0674 033081E0 		add	r3, r1, r3
 450 0678 0030C7E5 		strb	r3, [r7, #0]
 451 067c 08089FE5 		ldr	r0, .L77+8
 452 0680 FEFFFFEB 		bl	uart_transmit
 453 0684 5710DDE5 		ldrb	r1, [sp, #87]	@ zero_extendqisi2
 454 0688 0030D7E5 		ldrb	r3, [r7, #0]	@ zero_extendqisi2
 455 068c 033081E0 		add	r3, r1, r3
 456 0690 0030C7E5 		strb	r3, [r7, #0]
 457 0694 F0079FE5 		ldr	r0, .L77+8
 458 0698 FEFFFFEB 		bl	uart_transmit
 459 069c 0010D4E5 		ldrb	r1, [r4, #0]	@ zero_extendqisi2
 460 06a0 0030D7E5 		ldrb	r3, [r7, #0]	@ zero_extendqisi2
 461 06a4 033081E0 		add	r3, r1, r3
 462 06a8 0030C7E5 		strb	r3, [r7, #0]
 463 06ac D8079FE5 		ldr	r0, .L77+8
 464 06b0 FEFFFFEB 		bl	uart_transmit
 465 06b4 0010D7E5 		ldrb	r1, [r7, #0]	@ zero_extendqisi2
 466 06b8 0110E0E1 		mvn	r1, r1
 467 06bc FF1001E2 		and	r1, r1, #255
 468 06c0 0010C7E5 		strb	r1, [r7, #0]
 469              	.L71:
 470 06c4 C0079FE5 		ldr	r0, .L77+8
 471 06c8 FEFFFFEB 		bl	uart_transmit
 472 06cc E90100EA 		b	.L1
 473              	.L8:
 474 06d0 050053E3 		cmp	r3, #5
 475 06d4 C200001A 		bne	.L10
 476 06d8 0330D4E5 		ldrb	r3, [r4, #3]	@ zero_extendqisi2
 477 06dc 020053E3 		cmp	r3, #2
 478 06e0 E401001A 		bne	.L1
 479 06e4 0200D4E5 		ldrb	r0, [r4, #2]	@ zero_extendqisi2
 480 06e8 FEFFFFEB 		bl	nav_goto_block
 481 06ec D8379FE5 		ldr	r3, .L77+72
 482 06f0 004093E5 		ldr	r4, [r3, #0]	@ float
 483 06f4 D4379FE5 		ldr	r3, .L77+76
 484 06f8 B030D3E1 		ldrh	r3, [r3, #0]
 485 06fc 800013E3 		tst	r3, #128
 486 0700 FEFFFF0B 		bleq	stateCalcPositionEnu_f
 487              	.L12:
 488 0704 80079FE5 		ldr	r0, .L77+8
 489 0708 1F10A0E3 		mov	r1, #31
 490 070c FEFFFFEB 		bl	uart_check_free_space
 491 0710 000050E3 		cmp	r0, #0
 492 0714 D301000A 		beq	.L53
 493 0718 0201C4E3 		bic	r0, r4, #-2147483648
 494 071c FEFFFFEB 		bl	__aeabi_f2d
 495 0720 AC279FE5 		ldr	r2, .L77+80
 496 0724 AC379FE5 		ldr	r3, .L77+84
 497 0728 FEFFFFEB 		bl	__aeabi_ddiv
 498 072c FEFFFFEB 		bl	__aeabi_d2uiz
 499 0730 58379FE5 		ldr	r3, .L77+12
 500 0734 B020D3E1 		ldrh	r2, [r3, #0]
 501 0738 1F2082E2 		add	r2, r2, #31
 502 073c B020C3E1 		strh	r2, [r3, #0]	@ movhi
 503 0740 4C379FE5 		ldr	r3, .L77+16
 504 0744 B020D3E1 		ldrh	r2, [r3, #0]
 505 0748 012082E2 		add	r2, r2, #1
 506 074c B020C3E1 		strh	r2, [r3, #0]	@ movhi
 507 0750 FF6000E2 		and	r6, r0, #255
 508 0754 7E10A0E3 		mov	r1, #126
 509 0758 2C079FE5 		ldr	r0, .L77+8
 510 075c 34479FE5 		ldr	r4, .L77+20
 511 0760 FEFFFFEB 		bl	uart_transmit
 512 0764 20079FE5 		ldr	r0, .L77+8
 513 0768 0010A0E3 		mov	r1, #0
 514 076c 0150A0E3 		mov	r5, #1
 515 0770 FEFFFFEB 		bl	uart_transmit
 516 0774 10079FE5 		ldr	r0, .L77+8
 517 0778 1B10A0E3 		mov	r1, #27
 518 077c FEFFFFEB 		bl	uart_transmit
 519 0780 0510A0E1 		mov	r1, r5
 520 0784 0050C4E5 		strb	r5, [r4, #0]
 521 0788 FC069FE5 		ldr	r0, .L77+8
 522 078c FEFFFFEB 		bl	uart_transmit
 523 0790 F4069FE5 		ldr	r0, .L77+8
 524 0794 0010A0E3 		mov	r1, #0
 525 0798 FEFFFFEB 		bl	uart_transmit
 526 079c 0030D4E5 		ldrb	r3, [r4, #0]	@ zero_extendqisi2
 527 07a0 053083E0 		add	r3, r3, r5
 528 07a4 0030C4E5 		strb	r3, [r4, #0]
 529 07a8 0510A0E1 		mov	r1, r5
 530 07ac D8069FE5 		ldr	r0, .L77+8
 531 07b0 FEFFFFEB 		bl	uart_transmit
 532 07b4 D0069FE5 		ldr	r0, .L77+8
 533 07b8 0010A0E3 		mov	r1, #0
 534 07bc FEFFFFEB 		bl	uart_transmit
 535 07c0 C4069FE5 		ldr	r0, .L77+8
 536 07c4 0010A0E3 		mov	r1, #0
 537 07c8 FEFFFFEB 		bl	uart_transmit
 538 07cc 0030D4E5 		ldrb	r3, [r4, #0]	@ zero_extendqisi2
 539 07d0 023083E2 		add	r3, r3, #2
 540 07d4 0030C4E5 		strb	r3, [r4, #0]
 541 07d8 AC069FE5 		ldr	r0, .L77+8
 542 07dc 0210A0E3 		mov	r1, #2
 543 07e0 FEFFFFEB 		bl	uart_transmit
 544 07e4 0030D4E5 		ldrb	r3, [r4, #0]	@ zero_extendqisi2
 545 07e8 0A3083E2 		add	r3, r3, #10
 546 07ec 0030C4E5 		strb	r3, [r4, #0]
 547 07f0 94069FE5 		ldr	r0, .L77+8
 548 07f4 0A10A0E3 		mov	r1, #10
 549 07f8 FEFFFFEB 		bl	uart_transmit
 550 07fc D8369FE5 		ldr	r3, .L77+88
 551 0800 0010D3E5 		ldrb	r1, [r3, #0]	@ zero_extendqisi2
 552 0804 0030D4E5 		ldrb	r3, [r4, #0]	@ zero_extendqisi2
 553 0808 033081E0 		add	r3, r1, r3
 554 080c 0030C4E5 		strb	r3, [r4, #0]
 555 0810 74069FE5 		ldr	r0, .L77+8
 556 0814 FEFFFFEB 		bl	uart_transmit
 557 0818 C0369FE5 		ldr	r3, .L77+92
 558 081c 0010D3E5 		ldrb	r1, [r3, #0]	@ zero_extendqisi2
 559 0820 0030D4E5 		ldrb	r3, [r4, #0]	@ zero_extendqisi2
 560 0824 A4569FE5 		ldr	r5, .L77+76
 561 0828 033081E0 		add	r3, r1, r3
 562 082c 0030C4E5 		strb	r3, [r4, #0]
 563 0830 54069FE5 		ldr	r0, .L77+8
 564 0834 FEFFFFEB 		bl	uart_transmit
 565 0838 0811D5E5 		ldrb	r1, [r5, #264]	@ zero_extendqisi2
 566 083c 0030D4E5 		ldrb	r3, [r4, #0]	@ zero_extendqisi2
 567 0840 033081E0 		add	r3, r1, r3
 568 0844 0030C4E5 		strb	r3, [r4, #0]
 569 0848 3C069FE5 		ldr	r0, .L77+8
 570 084c FEFFFFEB 		bl	uart_transmit
 571 0850 0911D5E5 		ldrb	r1, [r5, #265]	@ zero_extendqisi2
 572 0854 0030D4E5 		ldrb	r3, [r4, #0]	@ zero_extendqisi2
 573 0858 033081E0 		add	r3, r1, r3
 574 085c 0030C4E5 		strb	r3, [r4, #0]
 575 0860 24069FE5 		ldr	r0, .L77+8
 576 0864 FEFFFFEB 		bl	uart_transmit
 577 0868 0A11D5E5 		ldrb	r1, [r5, #266]	@ zero_extendqisi2
 578 086c 0030D4E5 		ldrb	r3, [r4, #0]	@ zero_extendqisi2
 579 0870 033081E0 		add	r3, r1, r3
 580 0874 0030C4E5 		strb	r3, [r4, #0]
 581 0878 0C069FE5 		ldr	r0, .L77+8
 582 087c FEFFFFEB 		bl	uart_transmit
 583 0880 0B11D5E5 		ldrb	r1, [r5, #267]	@ zero_extendqisi2
 584 0884 0030D4E5 		ldrb	r3, [r4, #0]	@ zero_extendqisi2
 585 0888 033081E0 		add	r3, r1, r3
 586 088c 0030C4E5 		strb	r3, [r4, #0]
 587 0890 F4059FE5 		ldr	r0, .L77+8
 588 0894 FEFFFFEB 		bl	uart_transmit
 589 0898 0C11D5E5 		ldrb	r1, [r5, #268]	@ zero_extendqisi2
 590 089c 0030D4E5 		ldrb	r3, [r4, #0]	@ zero_extendqisi2
 591 08a0 033081E0 		add	r3, r1, r3
 592 08a4 0030C4E5 		strb	r3, [r4, #0]
 593 08a8 DC059FE5 		ldr	r0, .L77+8
 594 08ac FEFFFFEB 		bl	uart_transmit
 595 08b0 0D11D5E5 		ldrb	r1, [r5, #269]	@ zero_extendqisi2
 596 08b4 0030D4E5 		ldrb	r3, [r4, #0]	@ zero_extendqisi2
 597 08b8 033081E0 		add	r3, r1, r3
 598 08bc 0030C4E5 		strb	r3, [r4, #0]
 599 08c0 C4059FE5 		ldr	r0, .L77+8
 600 08c4 FEFFFFEB 		bl	uart_transmit
 601 08c8 0E11D5E5 		ldrb	r1, [r5, #270]	@ zero_extendqisi2
 602 08cc 0030D4E5 		ldrb	r3, [r4, #0]	@ zero_extendqisi2
 603 08d0 033081E0 		add	r3, r1, r3
 604 08d4 0030C4E5 		strb	r3, [r4, #0]
 605 08d8 AC059FE5 		ldr	r0, .L77+8
 606 08dc FEFFFFEB 		bl	uart_transmit
 607 08e0 0F11D5E5 		ldrb	r1, [r5, #271]	@ zero_extendqisi2
 608 08e4 0030D4E5 		ldrb	r3, [r4, #0]	@ zero_extendqisi2
 609 08e8 F4559FE5 		ldr	r5, .L77+96
 610 08ec 033081E0 		add	r3, r1, r3
 611 08f0 0030C4E5 		strb	r3, [r4, #0]
 612 08f4 90059FE5 		ldr	r0, .L77+8
 613 08f8 FEFFFFEB 		bl	uart_transmit
 614 08fc 0010D5E5 		ldrb	r1, [r5, #0]	@ zero_extendqisi2
 615 0900 0030D4E5 		ldrb	r3, [r4, #0]	@ zero_extendqisi2
 616 0904 033081E0 		add	r3, r1, r3
 617 0908 0030C4E5 		strb	r3, [r4, #0]
 618 090c 78059FE5 		ldr	r0, .L77+8
 619 0910 FEFFFFEB 		bl	uart_transmit
 620 0914 0110D5E5 		ldrb	r1, [r5, #1]	@ zero_extendqisi2
 621 0918 0030D4E5 		ldrb	r3, [r4, #0]	@ zero_extendqisi2
 622 091c 033081E0 		add	r3, r1, r3
 623 0920 0030C4E5 		strb	r3, [r4, #0]
 624 0924 60059FE5 		ldr	r0, .L77+8
 625 0928 FEFFFFEB 		bl	uart_transmit
 626 092c 0210D5E5 		ldrb	r1, [r5, #2]	@ zero_extendqisi2
 627 0930 0030D4E5 		ldrb	r3, [r4, #0]	@ zero_extendqisi2
 628 0934 033081E0 		add	r3, r1, r3
 629 0938 0030C4E5 		strb	r3, [r4, #0]
 630 093c 48059FE5 		ldr	r0, .L77+8
 631 0940 FEFFFFEB 		bl	uart_transmit
 632 0944 0310D5E5 		ldrb	r1, [r5, #3]	@ zero_extendqisi2
 633 0948 0030D4E5 		ldrb	r3, [r4, #0]	@ zero_extendqisi2
 634 094c 94559FE5 		ldr	r5, .L77+100
 635 0950 033081E0 		add	r3, r1, r3
 636 0954 0030C4E5 		strb	r3, [r4, #0]
 637 0958 2C059FE5 		ldr	r0, .L77+8
 638 095c FEFFFFEB 		bl	uart_transmit
 639 0960 0010D5E5 		ldrb	r1, [r5, #0]	@ zero_extendqisi2
 640 0964 0030D4E5 		ldrb	r3, [r4, #0]	@ zero_extendqisi2
 641 0968 033081E0 		add	r3, r1, r3
 642 096c 0030C4E5 		strb	r3, [r4, #0]
 643 0970 14059FE5 		ldr	r0, .L77+8
 644 0974 FEFFFFEB 		bl	uart_transmit
 645 0978 0110D5E5 		ldrb	r1, [r5, #1]	@ zero_extendqisi2
 646 097c 0030D4E5 		ldrb	r3, [r4, #0]	@ zero_extendqisi2
 647 0980 033081E0 		add	r3, r1, r3
 648 0984 0030C4E5 		strb	r3, [r4, #0]
 649 0988 FC049FE5 		ldr	r0, .L77+8
 650 098c FEFFFFEB 		bl	uart_transmit
 651 0990 0210D5E5 		ldrb	r1, [r5, #2]	@ zero_extendqisi2
 652 0994 0030D4E5 		ldrb	r3, [r4, #0]	@ zero_extendqisi2
 653 0998 033081E0 		add	r3, r1, r3
 654 099c 0030C4E5 		strb	r3, [r4, #0]
 655 09a0 E4049FE5 		ldr	r0, .L77+8
 656 09a4 FEFFFFEB 		bl	uart_transmit
 657 09a8 0310D5E5 		ldrb	r1, [r5, #3]	@ zero_extendqisi2
 658 09ac 0030D4E5 		ldrb	r3, [r4, #0]	@ zero_extendqisi2
 659 09b0 033081E0 		add	r3, r1, r3
 660 09b4 0030C4E5 		strb	r3, [r4, #0]
 661 09b8 CC049FE5 		ldr	r0, .L77+8
 662 09bc FEFFFFEB 		bl	uart_transmit
 663 09c0 0030D4E5 		ldrb	r3, [r4, #0]	@ zero_extendqisi2
 664 09c4 033086E0 		add	r3, r6, r3
 665 09c8 0030C4E5 		strb	r3, [r4, #0]
 666 09cc 0610A0E1 		mov	r1, r6
 667 09d0 B4049FE5 		ldr	r0, .L77+8
 668 09d4 FEFFFFEB 		bl	uart_transmit
 669 09d8 0C359FE5 		ldr	r3, .L77+104
 670 09dc 0010D3E5 		ldrb	r1, [r3, #0]	@ zero_extendqisi2
 671 09e0 160100EA 		b	.L74
 672              	.L10:
 673 09e4 030053E3 		cmp	r3, #3
 674 09e8 2300001A 		bne	.L11
 675 09ec 0230D4E5 		ldrb	r3, [r4, #2]	@ zero_extendqisi2
 676 09f0 020053E3 		cmp	r3, #2
 677 09f4 1F01001A 		bne	.L1
 678 09f8 0620D4E5 		ldrb	r2, [r4, #6]	@ zero_extendqisi2
 679 09fc 0730D4E5 		ldrb	r3, [r4, #7]	@ zero_extendqisi2
 680 0a00 0228A0E1 		mov	r2, r2, asl #16
 681 0a04 032C82E1 		orr	r2, r2, r3, asl #24
 682 0a08 0510D4E5 		ldrb	r1, [r4, #5]	@ zero_extendqisi2
 683 0a0c 0430D4E5 		ldrb	r3, [r4, #4]	@ zero_extendqisi2
 684 0a10 013483E1 		orr	r3, r3, r1, asl #8
 685 0a14 0A10D4E5 		ldrb	r1, [r4, #10]	@ zero_extendqisi2
 686 0a18 0B00D4E5 		ldrb	r0, [r4, #11]	@ zero_extendqisi2
 687 0a1c 0118A0E1 		mov	r1, r1, asl #16
 688 0a20 001C81E1 		orr	r1, r1, r0, asl #24
 689 0a24 09C0D4E5 		ldrb	ip, [r4, #9]	@ zero_extendqisi2
 690 0a28 0800D4E5 		ldrb	r0, [r4, #8]	@ zero_extendqisi2
 691 0a2c 032082E1 		orr	r2, r2, r3
 692 0a30 0C0480E1 		orr	r0, r0, ip, asl #8
 693 0a34 94349FE5 		ldr	r3, .L77+76
 694 0a38 001081E1 		orr	r1, r1, r0
 695 0a3c 541283E5 		str	r1, [r3, #596]	@ float
 696 0a40 0E10D4E5 		ldrb	r1, [r4, #14]	@ zero_extendqisi2
 697 0a44 0F00D4E5 		ldrb	r0, [r4, #15]	@ zero_extendqisi2
 698 0a48 0118A0E1 		mov	r1, r1, asl #16
 699 0a4c 001C81E1 		orr	r1, r1, r0, asl #24
 700 0a50 582283E5 		str	r2, [r3, #600]	@ float
 701 0a54 0DC0D4E5 		ldrb	ip, [r4, #13]	@ zero_extendqisi2
 702 0a58 4422D3E5 		ldrb	r2, [r3, #580]	@ zero_extendqisi2
 703 0a5c 0C00D4E5 		ldrb	r0, [r4, #12]	@ zero_extendqisi2
 704 0a60 F82002E2 		and	r2, r2, #248
 705 0a64 0C0480E1 		orr	r0, r0, ip, asl #8
 706 0a68 001081E1 		orr	r1, r1, r0
 707 0a6c 0C2082E3 		orr	r2, r2, #12
 708 0a70 5C1283E5 		str	r1, [r3, #604]	@ float
 709 0a74 4422C3E5 		strb	r2, [r3, #580]
 710 0a78 FE0000EA 		b	.L1
 711              	.L11:
 712 0a7c 040053E3 		cmp	r3, #4
 713 0a80 6700001A 		bne	.L6
 714 0a84 0330D4E5 		ldrb	r3, [r4, #3]	@ zero_extendqisi2
 715 0a88 020053E3 		cmp	r3, #2
 716 0a8c F900001A 		bne	.L1
 717 0a90 0620D4E5 		ldrb	r2, [r4, #6]	@ zero_extendqisi2
 718 0a94 0730D4E5 		ldrb	r3, [r4, #7]	@ zero_extendqisi2
 719 0a98 0228A0E1 		mov	r2, r2, asl #16
 720 0a9c 032C82E1 		orr	r2, r2, r3, asl #24
 721 0aa0 0510D4E5 		ldrb	r1, [r4, #5]	@ zero_extendqisi2
 722 0aa4 0430D4E5 		ldrb	r3, [r4, #4]	@ zero_extendqisi2
 723 0aa8 0250D4E5 		ldrb	r5, [r4, #2]	@ zero_extendqisi2
 724 0aac 013483E1 		orr	r3, r3, r1, asl #8
 725 0ab0 034082E1 		orr	r4, r2, r3
 726 0ab4 54408DE5 		str	r4, [sp, #84]	@ float
 727 0ab8 0C0055E3 		cmp	r5, #12
 728 0abc 05F19F97 		ldrls	pc, [pc, r5, asl #2]
 729 0ac0 8E0000EA 		b	.L76
 730              	.L28:
 731 0ac4 F80A0000 		.word	.L15
 732 0ac8 080B0000 		.word	.L16
 733 0acc 180B0000 		.word	.L17
 734 0ad0 200B0000 		.word	.L18
 735 0ad4 2C0B0000 		.word	.L19
 736 0ad8 640B0000 		.word	.L20
 737 0adc 840B0000 		.word	.L21
 738 0ae0 D00B0000 		.word	.L22
 739 0ae4 E00B0000 		.word	.L23
 740 0ae8 F00B0000 		.word	.L24
 741 0aec D40C0000 		.word	.L49
 742 0af0 000C0000 		.word	.L26
 743 0af4 100C0000 		.word	.L27
 744              	.L15:
 745 0af8 0400A0E1 		mov	r0, r4
 746 0afc FEFFFFEB 		bl	__aeabi_f2uiz
 747 0b00 E8339FE5 		ldr	r3, .L77+108
 748 0b04 440000EA 		b	.L65
 749              	.L16:
 750 0b08 0400A0E1 		mov	r0, r4
 751 0b0c FEFFFFEB 		bl	__aeabi_f2uiz
 752 0b10 DC339FE5 		ldr	r3, .L77+112
 753 0b14 400000EA 		b	.L65
 754              	.L17:
 755 0b18 D8339FE5 		ldr	r3, .L77+116
 756 0b1c 000000EA 		b	.L66
 757              	.L18:
 758 0b20 D4339FE5 		ldr	r3, .L77+120
 759              	.L66:
 760 0b24 004083E5 		str	r4, [r3, #0]	@ float
 761 0b28 740000EA 		b	.L76
 762              	.L19:
 763 0b2c 0070A0E3 		mov	r7, #0
 764 0b30 0400A0E1 		mov	r0, r4
 765 0b34 0710A0E1 		mov	r1, r7
 766 0b38 FEFFFFEB 		bl	__aeabi_fcmpeq
 767 0b3c BC639FE5 		ldr	r6, .L77+124
 768 0b40 000050E3 		cmp	r0, #0
 769 0b44 00708615 		strne	r7, [r6, #0]	@ float
 770 0b48 0300001A 		bne	.L31
 771 0b4c 000096E5 		ldr	r0, [r6, #0]	@ float
 772 0b50 0410A0E1 		mov	r1, r4
 773 0b54 FEFFFFEB 		bl	__aeabi_fadd
 774 0b58 000086E5 		str	r0, [r6, #0]	@ float
 775              	.L31:
 776 0b5c 003096E5 		ldr	r3, [r6, #0]	@ float
 777 0b60 180000EA 		b	.L67
 778              	.L20:
 779 0b64 98139FE5 		ldr	r1, .L77+128
 780 0b68 0030A0E3 		mov	r3, #0
 781 0b6c 0320A0E1 		mov	r2, r3	@ movhi
 782 0b70 B030C1E1 		strh	r3, [r1, #0]	@ movhi
 783 0b74 8C339FE5 		ldr	r3, .L77+132
 784 0b78 0020C3E5 		strb	r2, [r3, #0]
 785 0b7c 0030A0E3 		mov	r3, #0
 786 0b80 100000EA 		b	.L67
 787              	.L21:
 788 0b84 0400A0E1 		mov	r0, r4
 789 0b88 FE15A0E3 		mov	r1, #1065353216
 790 0b8c FEFFFFEB 		bl	__aeabi_fcmpeq
 791 0b90 000050E3 		cmp	r0, #0
 792 0b94 70639FE5 		ldr	r6, .L77+136
 793 0b98 70339F15 		ldrne	r3, .L77+140
 794 0b9c 0600001A 		bne	.L64
 795 0ba0 0400A0E1 		mov	r0, r4
 796 0ba4 68139FE5 		ldr	r1, .L77+144
 797 0ba8 FEFFFFEB 		bl	__aeabi_fcmpeq
 798 0bac 000050E3 		cmp	r0, #0
 799 0bb0 00408605 		streq	r4, [r6, #0]	@ float
 800 0bb4 0100000A 		beq	.L34
 801 0bb8 58339FE5 		ldr	r3, .L77+148
 802              	.L64:
 803 0bbc 003086E5 		str	r3, [r6, #0]	@ float
 804              	.L34:
 805 0bc0 44339FE5 		ldr	r3, .L77+136
 806 0bc4 003093E5 		ldr	r3, [r3, #0]	@ float
 807              	.L67:
 808 0bc8 54308DE5 		str	r3, [sp, #84]	@ float
 809 0bcc 4B0000EA 		b	.L76
 810              	.L22:
 811 0bd0 0400A0E1 		mov	r0, r4
 812 0bd4 FEFFFFEB 		bl	__aeabi_f2uiz
 813 0bd8 3C339FE5 		ldr	r3, .L77+152
 814 0bdc 0E0000EA 		b	.L65
 815              	.L23:
 816 0be0 0400A0E1 		mov	r0, r4
 817 0be4 FEFFFFEB 		bl	__aeabi_f2uiz
 818 0be8 18339FE5 		ldr	r3, .L77+132
 819 0bec 0A0000EA 		b	.L65
 820              	.L24:
 821 0bf0 0400A0E1 		mov	r0, r4
 822 0bf4 FEFFFFEB 		bl	__aeabi_f2uiz
 823 0bf8 20339FE5 		ldr	r3, .L77+156
 824 0bfc 060000EA 		b	.L65
 825              	.L26:
 826 0c00 0400A0E1 		mov	r0, r4
 827 0c04 FEFFFFEB 		bl	__aeabi_f2uiz
 828 0c08 14339FE5 		ldr	r3, .L77+160
 829 0c0c 020000EA 		b	.L65
 830              	.L27:
 831 0c10 0400A0E1 		mov	r0, r4
 832 0c14 FEFFFFEB 		bl	__aeabi_f2uiz
 833 0c18 08339FE5 		ldr	r3, .L77+164
 834              	.L65:
 835 0c1c 0000C3E5 		strb	r0, [r3, #0]
 836 0c20 360000EA 		b	.L76
 837              	.L6:
 838 0c24 100053E3 		cmp	r3, #16
 839 0c28 9200001A 		bne	.L1
 840 0c2c 0330D4E5 		ldrb	r3, [r4, #3]	@ zero_extendqisi2
 841 0c30 020053E3 		cmp	r3, #2
 842 0c34 8F00001A 		bne	.L1
 843 0c38 0250D4E5 		ldrb	r5, [r4, #2]	@ zero_extendqisi2
 844 0c3c 0C0055E3 		cmp	r5, #12
 845 0c40 05F19F97 		ldrls	pc, [pc, r5, asl #2]
 846 0c44 2B0000EA 		b	.L54
 847              	.L52:
 848 0c48 7C0C0000 		.word	.L39
 849 0c4c 840C0000 		.word	.L40
 850 0c50 8C0C0000 		.word	.L41
 851 0c54 940C0000 		.word	.L42
 852 0c58 9C0C0000 		.word	.L43
 853 0c5c A40C0000 		.word	.L44
 854 0c60 B00C0000 		.word	.L45
 855 0c64 BC0C0000 		.word	.L46
 856 0c68 C40C0000 		.word	.L47
 857 0c6c CC0C0000 		.word	.L48
 858 0c70 D40C0000 		.word	.L49
 859 0c74 E00C0000 		.word	.L50
 860 0c78 E80C0000 		.word	.L51
 861              	.L39:
 862 0c7c 6C329FE5 		ldr	r3, .L77+108
 863 0c80 190000EA 		b	.L68
 864              	.L40:
 865 0c84 68329FE5 		ldr	r3, .L77+112
 866 0c88 170000EA 		b	.L68
 867              	.L41:
 868 0c8c 64329FE5 		ldr	r3, .L77+116
 869 0c90 070000EA 		b	.L70
 870              	.L42:
 871 0c94 60329FE5 		ldr	r3, .L77+120
 872 0c98 050000EA 		b	.L70
 873              	.L43:
 874 0c9c 5C329FE5 		ldr	r3, .L77+124
 875 0ca0 030000EA 		b	.L70
 876              	.L44:
 877 0ca4 58329FE5 		ldr	r3, .L77+128
 878 0ca8 B000D3E1 		ldrh	r0, [r3, #0]
 879 0cac 0F0000EA 		b	.L69
 880              	.L45:
 881 0cb0 54329FE5 		ldr	r3, .L77+136
 882              	.L70:
 883 0cb4 000093E5 		ldr	r0, [r3, #0]	@ float
 884 0cb8 0F0000EA 		b	.L38
 885              	.L46:
 886 0cbc 58329FE5 		ldr	r3, .L77+152
 887 0cc0 090000EA 		b	.L68
 888              	.L47:
 889 0cc4 3C329FE5 		ldr	r3, .L77+132
 890 0cc8 070000EA 		b	.L68
 891              	.L48:
 892 0ccc 4C329FE5 		ldr	r3, .L77+156
 893 0cd0 050000EA 		b	.L68
 894              	.L49:
 895 0cd4 50329FE5 		ldr	r3, .L77+168
 896 0cd8 B00FD3E1 		ldrh	r0, [r3, #240]
 897 0cdc 030000EA 		b	.L69
 898              	.L50:
 899 0ce0 3C329FE5 		ldr	r3, .L77+160
 900 0ce4 000000EA 		b	.L68
 901              	.L51:
 902 0ce8 38329FE5 		ldr	r3, .L77+164
 903              	.L68:
 904 0cec 0000D3E5 		ldrb	r0, [r3, #0]	@ zero_extendqisi2
 905              	.L69:
 906 0cf0 FEFFFFEB 		bl	__aeabi_ui2f
 907 0cf4 000000EA 		b	.L38
 908              	.L54:
 909 0cf8 0000A0E3 		mov	r0, #0
 910              	.L38:
 911 0cfc 54008DE5 		str	r0, [sp, #84]	@ float
 912              	.L76:
 913 0d00 84019FE5 		ldr	r0, .L77+8
 914 0d04 1010A0E3 		mov	r1, #16
 915 0d08 FEFFFFEB 		bl	uart_check_free_space
 916 0d0c 000050E3 		cmp	r0, #0
 917 0d10 5400000A 		beq	.L53
 918 0d14 74319FE5 		ldr	r3, .L77+12
 919 0d18 B020D3E1 		ldrh	r2, [r3, #0]
 920 0d1c 102082E2 		add	r2, r2, #16
 921 0d20 B020C3E1 		strh	r2, [r3, #0]	@ movhi
 922 0d24 68319FE5 		ldr	r3, .L77+16
 923 0d28 B020D3E1 		ldrh	r2, [r3, #0]
 924 0d2c 012082E2 		add	r2, r2, #1
 925 0d30 B020C3E1 		strh	r2, [r3, #0]	@ movhi
 926 0d34 50019FE5 		ldr	r0, .L77+8
 927 0d38 7E10A0E3 		mov	r1, #126
 928 0d3c 54419FE5 		ldr	r4, .L77+20
 929 0d40 FEFFFFEB 		bl	uart_transmit
 930 0d44 40019FE5 		ldr	r0, .L77+8
 931 0d48 0010A0E3 		mov	r1, #0
 932 0d4c FEFFFFEB 		bl	uart_transmit
 933 0d50 0160A0E3 		mov	r6, #1
 934 0d54 30019FE5 		ldr	r0, .L77+8
 935 0d58 0C10A0E3 		mov	r1, #12
 936 0d5c FEFFFFEB 		bl	uart_transmit
 937 0d60 24019FE5 		ldr	r0, .L77+8
 938 0d64 0610A0E1 		mov	r1, r6
 939 0d68 0060C4E5 		strb	r6, [r4, #0]
 940 0d6c FEFFFFEB 		bl	uart_transmit
 941 0d70 14019FE5 		ldr	r0, .L77+8
 942 0d74 0010A0E3 		mov	r1, #0
 943 0d78 FEFFFFEB 		bl	uart_transmit
 944 0d7c 0030D4E5 		ldrb	r3, [r4, #0]	@ zero_extendqisi2
 945 0d80 063083E0 		add	r3, r3, r6
 946 0d84 0030C4E5 		strb	r3, [r4, #0]
 947 0d88 FC009FE5 		ldr	r0, .L77+8
 948 0d8c 0610A0E1 		mov	r1, r6
 949 0d90 FEFFFFEB 		bl	uart_transmit
 950 0d94 F0009FE5 		ldr	r0, .L77+8
 951 0d98 0010A0E3 		mov	r1, #0
 952 0d9c FEFFFFEB 		bl	uart_transmit
 953 0da0 E4009FE5 		ldr	r0, .L77+8
 954 0da4 0010A0E3 		mov	r1, #0
 955 0da8 FEFFFFEB 		bl	uart_transmit
 956 0dac 0030D4E5 		ldrb	r3, [r4, #0]	@ zero_extendqisi2
 957 0db0 023083E2 		add	r3, r3, #2
 958 0db4 0030C4E5 		strb	r3, [r4, #0]
 959 0db8 CC009FE5 		ldr	r0, .L77+8
 960 0dbc 0210A0E3 		mov	r1, #2
 961 0dc0 FEFFFFEB 		bl	uart_transmit
 962 0dc4 0030D4E5 		ldrb	r3, [r4, #0]	@ zero_extendqisi2
 963 0dc8 1F3083E2 		add	r3, r3, #31
 964 0dcc 0030C4E5 		strb	r3, [r4, #0]
 965 0dd0 B4009FE5 		ldr	r0, .L77+8
 966 0dd4 1F10A0E3 		mov	r1, #31
 967 0dd8 FEFFFFEB 		bl	uart_transmit
 968 0ddc 0030D4E5 		ldrb	r3, [r4, #0]	@ zero_extendqisi2
 969 0de0 033085E0 		add	r3, r5, r3
 970 0de4 0030C4E5 		strb	r3, [r4, #0]
 971 0de8 9C009FE5 		ldr	r0, .L77+8
 972 0dec 0510A0E1 		mov	r1, r5
 973 0df0 FEFFFFEB 		bl	uart_transmit
 974 0df4 5410DDE5 		ldrb	r1, [sp, #84]	@ zero_extendqisi2
 975 0df8 0030D4E5 		ldrb	r3, [r4, #0]	@ zero_extendqisi2
 976 0dfc 033081E0 		add	r3, r1, r3
 977 0e00 0030C4E5 		strb	r3, [r4, #0]
 978 0e04 80009FE5 		ldr	r0, .L77+8
 979 0e08 FEFFFFEB 		bl	uart_transmit
 980 0e0c 5510DDE5 		ldrb	r1, [sp, #85]	@ zero_extendqisi2
 981 0e10 0030D4E5 		ldrb	r3, [r4, #0]	@ zero_extendqisi2
 982 0e14 033081E0 		add	r3, r1, r3
 983 0e18 0030C4E5 		strb	r3, [r4, #0]
 984 0e1c 68009FE5 		ldr	r0, .L77+8
 985 0e20 FEFFFFEB 		bl	uart_transmit
 986 0e24 5610DDE5 		ldrb	r1, [sp, #86]	@ zero_extendqisi2
 987 0e28 0030D4E5 		ldrb	r3, [r4, #0]	@ zero_extendqisi2
 988 0e2c 033081E0 		add	r3, r1, r3
 989 0e30 0030C4E5 		strb	r3, [r4, #0]
 990 0e34 50009FE5 		ldr	r0, .L77+8
 991 0e38 FEFFFFEB 		bl	uart_transmit
 992 0e3c 5710DDE5 		ldrb	r1, [sp, #87]	@ zero_extendqisi2
 993              	.L74:
 994 0e40 0030D4E5 		ldrb	r3, [r4, #0]	@ zero_extendqisi2
 995 0e44 033081E0 		add	r3, r1, r3
 996 0e48 0030C4E5 		strb	r3, [r4, #0]
 997 0e4c 38009FE5 		ldr	r0, .L77+8
 998              	.L72:
 999 0e50 FEFFFFEB 		bl	uart_transmit
 1000 0e54 0010D4E5 		ldrb	r1, [r4, #0]	@ zero_extendqisi2
 1001 0e58 0110E0E1 		mvn	r1, r1
 1002 0e5c FF1001E2 		and	r1, r1, #255
 1003 0e60 0010C4E5 		strb	r1, [r4, #0]
 1004 0e64 16FEFFEA 		b	.L71
 1005              	.L53:
 1006 0e68 C0309FE5 		ldr	r3, .L77+172
 1007 0e6c 0020D3E5 		ldrb	r2, [r3, #0]	@ zero_extendqisi2
 1008 0e70 012082E2 		add	r2, r2, #1
 1009 0e74 0020C3E5 		strb	r2, [r3, #0]
 1010              	.L1:
 1011 0e78 5CD08DE2 		add	sp, sp, #92
 1012 0e7c F04FBDE8 		ldmfd	sp!, {r4, r5, r6, r7, r8, r9, sl, fp, lr}
 1013 0e80 1EFF2FE1 		bx	lr
 1014              	.L78:
 1015              		.align	2
 1016              	.L77:
 1017 0e84 00000000 		.word	datalink_time
 1018 0e88 00000000 		.word	dl_buffer
 1019 0e8c 00000000 		.word	uart0
 1020 0e90 00000000 		.word	downlink_nb_bytes
 1021 0e94 00000000 		.word	downlink_nb_msgs
 1022 0e98 00000000 		.word	xbee_cs
 1023 0e9c 00000000 		.word	acs_idx
 1024 0ea0 00000000 		.word	the_acs_id
 1025 0ea4 00000000 		.word	the_acs
 1026 0ea8 0000C842 		.word	1120403456
 1027 0eac 00000000 		.word	nav_utm_east0
 1028 0eb0 00000000 		.word	nav_utm_north0
 1029 0eb4 00002440 		.word	1076101120
 1030 0eb8 399D52A2 		.word	-1571644103
 1031 0ebc 46DF913F 		.word	1066524486
 1032 0ec0 D0126341 		.word	1097011920
 1033 0ec4 00000000 		.word	nav_utm_zone0
 1034 0ec8 00000000 		.word	waypoints
 1035 0ecc 00000000 		.word	nav_circle_radians
 1036 0ed0 00000000 		.word	state
 1037 0ed4 182D4454 		.word	1413754136
 1038 0ed8 FB211940 		.word	1075388923
 1039 0edc 00000000 		.word	nav_block
 1040 0ee0 00000000 		.word	nav_stage
 1041 0ee4 00000000 		.word	dist2_to_wp
 1042 0ee8 00000000 		.word	dist2_to_home
 1043 0eec 00000000 		.word	nav_oval_count
 1044 0ef0 00000000 		.word	telemetry_mode_Ap
 1045 0ef4 00000000 		.word	telemetry_mode_Fbw
 1046 0ef8 00000000 		.word	flight_altitude
 1047 0efc 00000000 		.word	nav_course
 1048 0f00 00000000 		.word	nav_shift
 1049 0f04 00000000 		.word	autopilot_flight_time
 1050 0f08 00000000 		.word	launch
 1051 0f0c 00000000 		.word	nav_radius
 1052 0f10 0000A042 		.word	1117782016
 1053 0f14 000080BF 		.word	-1082130432
 1054 0f18 0000A0C2 		.word	-1029701632
 1055 0f1c 00000000 		.word	pprz_mode
 1056 0f20 00000000 		.word	kill_throttle
 1057 0f24 00000000 		.word	openlog_periodic_2Hz_openlog_status
 1058 0f28 00000000 		.word	digital_cam_servo_servo_cam_ctrl_periodic_status
 1059 0f2c 00000000 		.word	gps
 1060 0f30 00000000 		.word	downlink_nb_ovrn
 1062              		.comm	dl_buffer,128,8
 1063              		.comm	datalink_time,2,2
 1064              		.comm	dl_msg_available,1,1
 1065              		.ident	"GCC: (Linaro GCC 4.6-2011.09-1) 4.6.2 20110908 (prerelease)"
DEFINED SYMBOLS
                            *ABS*:00000000 datalink.c
     /tmp/ccRkIgQb.s:26     .text.dl_parse_msg:00000000 $a
     /tmp/ccRkIgQb.s:29     .text.dl_parse_msg:00000000 dl_parse_msg
     /tmp/ccRkIgQb.s:731    .text.dl_parse_msg:00000ac4 $d
     /tmp/ccRkIgQb.s:745    .text.dl_parse_msg:00000af8 $a
     /tmp/ccRkIgQb.s:848    .text.dl_parse_msg:00000c48 $d
     /tmp/ccRkIgQb.s:862    .text.dl_parse_msg:00000c7c $a
     /tmp/ccRkIgQb.s:1017   .text.dl_parse_msg:00000e84 $d
                            *COM*:00000002 datalink_time
                            *COM*:00000080 dl_buffer
                            *COM*:00000001 dl_msg_available

UNDEFINED SYMBOLS
__aeabi_i2f
__aeabi_fdiv
__aeabi_fsub
__aeabi_f2d
__aeabi_ddiv
__aeabi_dmul
__aeabi_d2f
__aeabi_ui2f
__aeabi_i2d
__aeabi_fadd
__aeabi_d2uiz
__aeabi_f2uiz
__aeabi_fcmpeq
uart_check_free_space
uart_transmit
utm_of_lla_f
nav_move_waypoint
nav_goto_block
stateCalcPositionEnu_f
uart0
downlink_nb_bytes
downlink_nb_msgs
xbee_cs
acs_idx
the_acs_id
the_acs
nav_utm_east0
nav_utm_north0
nav_utm_zone0
waypoints
nav_circle_radians
state
nav_block
nav_stage
dist2_to_wp
dist2_to_home
nav_oval_count
telemetry_mode_Ap
telemetry_mode_Fbw
flight_altitude
nav_course
nav_shift
autopilot_flight_time
launch
nav_radius
pprz_mode
kill_throttle
openlog_periodic_2Hz_openlog_status
digital_cam_servo_servo_cam_ctrl_periodic_status
gps
downlink_nb_ovrn
