   1              		.cpu arm7tdmi
   2              		.fpu softvfp
   3              		.eabi_attribute 20, 1
   4              		.eabi_attribute 21, 1
   5              		.eabi_attribute 23, 3
   6              		.eabi_attribute 24, 1
   7              		.eabi_attribute 25, 1
   8              		.eabi_attribute 26, 1
   9              		.eabi_attribute 30, 4
  10              		.eabi_attribute 18, 4
  11              		.file	"mcu.c"
  12              		.section	.text.mcu_init,"ax",%progbits
  13              		.align	2
  14              		.global	mcu_init
  16              	mcu_init:
  17              		@ Function supports interworking.
  18              		@ args = 0, pretend = 0, frame = 0
  19              		@ frame_needed = 0, uses_anonymous_args = 0
  20 0000 08402DE9 		stmfd	sp!, {r3, lr}
  21 0004 FEFFFFEB 		bl	mcu_arch_init
  22 0008 FEFFFFEB 		bl	sys_time_init
  23 000c 4C309FE5 		ldr	r3, .L2
  24 0010 182093E5 		ldr	r2, [r3, #24]
  25 0014 012282E3 		orr	r2, r2, #268435456
  26 0018 182083E5 		str	r2, [r3, #24]
  27 001c 0122A0E3 		mov	r2, #268435456
  28 0020 142083E5 		str	r2, [r3, #20]
  29 0024 182093E5 		ldr	r2, [r3, #24]
  30 0028 022782E3 		orr	r2, r2, #524288
  31 002c 182083E5 		str	r2, [r3, #24]
  32 0030 0227A0E3 		mov	r2, #524288
  33 0034 142083E5 		str	r2, [r3, #20]
  34 0038 082093E5 		ldr	r2, [r3, #8]
  35 003c 022B82E3 		orr	r2, r2, #2048
  36 0040 082083E5 		str	r2, [r3, #8]
  37 0044 022BA0E3 		mov	r2, #2048
  38 0048 042083E5 		str	r2, [r3, #4]
  39 004c FEFFFFEB 		bl	uart0_init
  40 0050 FEFFFFEB 		bl	uart1_init
  41 0054 FEFFFFEB 		bl	adc_init
  42 0058 0840BDE8 		ldmfd	sp!, {r3, lr}
  43 005c 1EFF2FE1 		bx	lr
  44              	.L3:
  45              		.align	2
  46              	.L2:
  47 0060 008002E0 		.word	-536707072
  49              		.ident	"GCC: (Linaro GCC 4.6-2011.09-1) 4.6.2 20110908 (prerelease)"
DEFINED SYMBOLS
                            *ABS*:00000000 mcu.c
     /tmp/cc6Y3V4D.s:13     .text.mcu_init:00000000 $a
     /tmp/cc6Y3V4D.s:16     .text.mcu_init:00000000 mcu_init
     /tmp/cc6Y3V4D.s:47     .text.mcu_init:00000060 $d

UNDEFINED SYMBOLS
mcu_arch_init
sys_time_init
uart0_init
uart1_init
adc_init
