   1              		.cpu arm7tdmi
   2              		.fpu softvfp
   3              		.eabi_attribute 20, 1
   4              		.eabi_attribute 21, 1
   5              		.eabi_attribute 23, 3
   6              		.eabi_attribute 24, 1
   7              		.eabi_attribute 25, 1
   8              		.eabi_attribute 26, 1
   9              		.eabi_attribute 30, 4
  10              		.eabi_attribute 18, 4
  11              		.file	"servo_cam_ctrl.c"
  12              		.section	.text.dc_send_command,"ax",%progbits
  13              		.align	2
  14              		.global	dc_send_command
  16              	dc_send_command:
  17              		@ Function supports interworking.
  18              		@ args = 0, pretend = 0, frame = 0
  19              		@ frame_needed = 0, uses_anonymous_args = 0
  20 0000 08402DE9 		stmfd	sp!, {r3, lr}
  21 0004 24309FE5 		ldr	r3, .L4
  22 0008 0220A0E3 		mov	r2, #2
  23 000c 200050E3 		cmp	r0, #32
  24 0010 0020C3E5 		strb	r2, [r3, #0]
  25 0014 18309F05 		ldreq	r3, .L4+4
  26 0018 18209F05 		ldreq	r2, .L4+8
  27 001c 00309305 		ldreq	r3, [r3, #0]
  28 0020 B620C301 		streqh	r2, [r3, #6]	@ movhi
  29 0024 FEFFFF0B 		bleq	dc_send_shot_position
  30              	.L1:
  31 0028 0840BDE8 		ldmfd	sp!, {r3, lr}
  32 002c 1EFF2FE1 		bx	lr
  33              	.L5:
  34              		.align	2
  35              	.L4:
  36 0030 00000000 		.word	dc_timer
  37 0034 00000000 		.word	ap_state
  38 0038 80DAFFFF 		.word	-9600
  40              		.comm	dc_timer,1,1
  41              		.ident	"GCC: (Linaro GCC 4.6-2011.09-1) 4.6.2 20110908 (prerelease)"
DEFINED SYMBOLS
                            *ABS*:00000000 servo_cam_ctrl.c
     /tmp/cccjpShL.s:13     .text.dc_send_command:00000000 $a
     /tmp/cccjpShL.s:16     .text.dc_send_command:00000000 dc_send_command
     /tmp/cccjpShL.s:36     .text.dc_send_command:00000030 $d
                            *COM*:00000001 dc_timer

UNDEFINED SYMBOLS
dc_send_shot_position
ap_state
