   1              		.cpu arm7tdmi
   2              		.fpu softvfp
   3              		.eabi_attribute 20, 1
   4              		.eabi_attribute 21, 1
   5              		.eabi_attribute 23, 3
   6              		.eabi_attribute 24, 1
   7              		.eabi_attribute 25, 1
   8              		.eabi_attribute 26, 1
   9              		.eabi_attribute 30, 4
  10              		.eabi_attribute 18, 4
  11              		.file	"commands.c"
  12              		.global	commands_failsafe
  13              		.comm	commands,10,2
  14              		.global	command_pitch_trim
  15              		.global	command_roll_trim
  16              		.section	.bss.command_roll_trim,"aw",%nobits
  17              		.align	1
  20              	command_roll_trim:
  21 0000 0000     		.space	2
  22              		.section	.rodata.commands_failsafe,"a",%progbits
  23              		.align	1
  26              	commands_failsafe:
  27 0000 00000000 		.space	10
  27      00000000 
  27      0000
  28              		.section	.bss.command_pitch_trim,"aw",%nobits
  29              		.align	1
  32              	command_pitch_trim:
  33 0000 0000     		.space	2
  34              		.ident	"GCC: (Linaro GCC 4.6-2011.09-1) 4.6.2 20110908 (prerelease)"
DEFINED SYMBOLS
                            *ABS*:00000000 commands.c
     /tmp/ccciPOU9.s:26     .rodata.commands_failsafe:00000000 commands_failsafe
                            *COM*:0000000a commands
     /tmp/ccciPOU9.s:32     .bss.command_pitch_trim:00000000 command_pitch_trim
     /tmp/ccciPOU9.s:20     .bss.command_roll_trim:00000000 command_roll_trim
     /tmp/ccciPOU9.s:17     .bss.command_roll_trim:00000000 $d
     /tmp/ccciPOU9.s:23     .rodata.commands_failsafe:00000000 $d
     /tmp/ccciPOU9.s:29     .bss.command_pitch_trim:00000000 $d

NO UNDEFINED SYMBOLS
