   1              		.cpu arm7tdmi
   2              		.fpu softvfp
   3              		.eabi_attribute 20, 1
   4              		.eabi_attribute 21, 1
   5              		.eabi_attribute 23, 3
   6              		.eabi_attribute 24, 1
   7              		.eabi_attribute 25, 1
   8              		.eabi_attribute 26, 1
   9              		.eabi_attribute 30, 4
  10              		.eabi_attribute 18, 4
  11              		.file	"electrical.c"
  12              		.section	.text.electrical_init,"ax",%progbits
  13              		.align	2
  14              		.global	electrical_init
  16              	electrical_init:
  17              		@ Function supports interworking.
  18              		@ args = 0, pretend = 0, frame = 0
  19              		@ frame_needed = 0, uses_anonymous_args = 0
  20 0000 08402DE9 		stmfd	sp!, {r3, lr}
  21 0004 20309FE5 		ldr	r3, .L2
  22 0008 0020A0E3 		mov	r2, #0
  23 000c 0020C3E5 		strb	r2, [r3, #0]
  24 0010 042083E5 		str	r2, [r3, #4]
  25 0014 0D00A0E3 		mov	r0, #13
  26 0018 10109FE5 		ldr	r1, .L2+4
  27 001c 2020A0E3 		mov	r2, #32
  28 0020 FEFFFFEB 		bl	adc_buf_channel
  29 0024 0840BDE8 		ldmfd	sp!, {r3, lr}
  30 0028 1EFF2FE1 		bx	lr
  31              	.L3:
  32              		.align	2
  33              	.L2:
  34 002c 00000000 		.word	electrical
  35 0030 00000000 		.word	.LANCHOR0
  37              		.global	__aeabi_uidiv
  38              		.global	__aeabi_ui2d
  39              		.global	__aeabi_dmul
  40              		.global	__aeabi_d2uiz
  41              		.section	.text.electrical_periodic,"ax",%progbits
  42              		.align	2
  43              		.global	electrical_periodic
  45              	electrical_periodic:
  46              		@ Function supports interworking.
  47              		@ args = 0, pretend = 0, frame = 0
  48              		@ frame_needed = 0, uses_anonymous_args = 0
  49 0000 08402DE9 		stmfd	sp!, {r3, lr}
  50 0004 34309FE5 		ldr	r3, .L5
  51 0008 000093E5 		ldr	r0, [r3, #0]
  52 000c 4510D3E5 		ldrb	r1, [r3, #69]	@ zero_extendqisi2
  53 0010 FEFFFFEB 		bl	__aeabi_uidiv
  54 0014 0A30A0E3 		mov	r3, #10
  55 0018 930000E0 		mul	r0, r3, r0
  56 001c FEFFFFEB 		bl	__aeabi_ui2d
  57 0020 1C309FE5 		ldr	r3, .L5+4
  58 0024 1C209FE5 		ldr	r2, .L5+8
  59 0028 FEFFFFEB 		bl	__aeabi_dmul
  60 002c FEFFFFEB 		bl	__aeabi_d2uiz
  61 0030 14309FE5 		ldr	r3, .L5+12
  62 0034 0000C3E5 		strb	r0, [r3, #0]
  63 0038 0840BDE8 		ldmfd	sp!, {r3, lr}
  64 003c 1EFF2FE1 		bx	lr
  65              	.L6:
  66              		.align	2
  67              	.L5:
  68 0040 00000000 		.word	.LANCHOR0
  69 0044 CC4C923F 		.word	1066552524
  70 0048 CDCCCCCC 		.word	-858993459
  71 004c 00000000 		.word	electrical
  73              		.comm	electrical,8,4
  74              		.section	.bss.electrical_priv,"aw",%nobits
  75              		.align	2
  76              		.set	.LANCHOR0,. + 0
  79              	electrical_priv:
  80 0000 00000000 		.space	72
  80      00000000 
  80      00000000 
  80      00000000 
  80      00000000 
  81              		.ident	"GCC: (Linaro GCC 4.6-2011.09-1) 4.6.2 20110908 (prerelease)"
DEFINED SYMBOLS
                            *ABS*:00000000 electrical.c
     /tmp/ccpqFNMT.s:13     .text.electrical_init:00000000 $a
     /tmp/ccpqFNMT.s:16     .text.electrical_init:00000000 electrical_init
     /tmp/ccpqFNMT.s:34     .text.electrical_init:0000002c $d
                            *COM*:00000008 electrical
     /tmp/ccpqFNMT.s:42     .text.electrical_periodic:00000000 $a
     /tmp/ccpqFNMT.s:45     .text.electrical_periodic:00000000 electrical_periodic
     /tmp/ccpqFNMT.s:68     .text.electrical_periodic:00000040 $d
     /tmp/ccpqFNMT.s:75     .bss.electrical_priv:00000000 $d
     /tmp/ccpqFNMT.s:79     .bss.electrical_priv:00000000 electrical_priv

UNDEFINED SYMBOLS
adc_buf_channel
__aeabi_uidiv
__aeabi_ui2d
__aeabi_dmul
__aeabi_d2uiz
