   1              		.cpu arm7tdmi
   2              		.fpu softvfp
   3              		.eabi_attribute 20, 1
   4              		.eabi_attribute 21, 1
   5              		.eabi_attribute 23, 3
   6              		.eabi_attribute 24, 1
   7              		.eabi_attribute 25, 1
   8              		.eabi_attribute 26, 1
   9              		.eabi_attribute 30, 4
  10              		.eabi_attribute 18, 4
  11              		.file	"main_fbw.c"
  12              		.section	.text.inter_mcu_fill_fbw_state,"ax",%progbits
  13              		.align	2
  15              	inter_mcu_fill_fbw_state:
  16              		@ Function supports interworking.
  17              		@ args = 0, pretend = 0, frame = 0
  18              		@ frame_needed = 0, uses_anonymous_args = 0
  19              		@ link register save eliminated.
  20 0000 AC209FE5 		ldr	r2, .L10
  21 0004 AC309FE5 		ldr	r3, .L10+4
  22 0008 B610D2E1 		ldrh	r1, [r2, #6]
  23 000c 003093E5 		ldr	r3, [r3, #0]
  24 0010 B010C3E1 		strh	r1, [r3, #0]	@ movhi
  25 0014 B810D2E1 		ldrh	r1, [r2, #8]
  26 0018 B210C3E1 		strh	r1, [r3, #2]	@ movhi
  27 001c BA10D2E1 		ldrh	r1, [r2, #10]
  28 0020 B410C3E1 		strh	r1, [r3, #4]	@ movhi
  29 0024 BC10D2E1 		ldrh	r1, [r2, #12]
  30 0028 B610C3E1 		strh	r1, [r3, #6]	@ movhi
  31 002c BE10D2E1 		ldrh	r1, [r2, #14]
  32 0030 B810C3E1 		strh	r1, [r3, #8]	@ movhi
  33 0034 0310D2E5 		ldrb	r1, [r2, #3]	@ zero_extendqisi2
  34 0038 0020D2E5 		ldrb	r2, [r2, #0]	@ zero_extendqisi2
  35 003c 020052E3 		cmp	r2, #2
  36 0040 0A10C3E5 		strb	r1, [r3, #10]
  37 0044 0210A003 		moveq	r1, #2
  38 0048 0010A013 		movne	r1, #0
  39 004c 000052E3 		cmp	r2, #0
  40 0050 01108103 		orreq	r1, r1, #1
  41 0054 000052E3 		cmp	r2, #0
  42 0058 1020A003 		moveq	r2, #16
  43 005c 0020A013 		movne	r2, #0
  44 0060 022081E1 		orr	r2, r1, r2
  45 0064 50109FE5 		ldr	r1, .L10+8
  46 0068 0010D1E5 		ldrb	r1, [r1, #0]	@ zero_extendqisi2
  47 006c 010051E3 		cmp	r1, #1
  48 0070 0400A003 		moveq	r0, #4
  49 0074 0000A013 		movne	r0, #0
  50 0078 020051E3 		cmp	r1, #2
  51 007c 002082E1 		orr	r2, r2, r0
  52 0080 0810A003 		moveq	r1, #8
  53 0084 0010A013 		movne	r1, #0
  54 0088 011082E1 		orr	r1, r2, r1
  55 008c 2C209FE5 		ldr	r2, .L10+12
  56 0090 0B10C3E5 		strb	r1, [r3, #11]
  57 0094 0010D2E5 		ldrb	r1, [r2, #0]	@ zero_extendqisi2
  58 0098 042092E5 		ldr	r2, [r2, #4]
  59 009c 0D10C3E5 		strb	r1, [r3, #13]
  60 00a0 102083E5 		str	r2, [r3, #16]
  61 00a4 18309FE5 		ldr	r3, .L10+16
  62 00a8 0120A0E3 		mov	r2, #1
  63 00ac 0020C3E5 		strb	r2, [r3, #0]
  64 00b0 1EFF2FE1 		bx	lr
  65              	.L11:
  66              		.align	2
  67              	.L10:
  68 00b4 00000000 		.word	radio_control
  69 00b8 00000000 		.word	fbw_state
  70 00bc 00000000 		.word	fbw_mode
  71 00c0 00000000 		.word	electrical
  72 00c4 00000000 		.word	inter_mcu_received_fbw
  74              		.section	.text.init_fbw,"ax",%progbits
  75              		.align	2
  76              		.global	init_fbw
  78              	init_fbw:
  79              		@ Function supports interworking.
  80              		@ args = 0, pretend = 0, frame = 0
  81              		@ frame_needed = 0, uses_anonymous_args = 0
  82 0000 70402DE9 		stmfd	sp!, {r4, r5, r6, lr}
  83 0004 FEFFFFEB 		bl	mcu_init
  84 0008 FEFFFFEB 		bl	electrical_init
  85 000c FEFFFFEB 		bl	actuators_init
  86 0010 C4209FE5 		ldr	r2, .L13
  87 0014 C4309FE5 		ldr	r3, .L13+4
  88 0018 B010D2E1 		ldrh	r1, [r2, #0]
  89 001c B010C3E1 		strh	r1, [r3, #0]	@ movhi
  90 0020 B210D2E1 		ldrh	r1, [r2, #2]
  91 0024 B210C3E1 		strh	r1, [r3, #2]	@ movhi
  92 0028 B410D2E1 		ldrh	r1, [r2, #4]
  93 002c B410C3E1 		strh	r1, [r3, #4]	@ movhi
  94 0030 B610D2E1 		ldrh	r1, [r2, #6]
  95 0034 B820D2E1 		ldrh	r2, [r2, #8]
  96 0038 B610C3E1 		strh	r1, [r3, #6]	@ movhi
  97 003c B820C3E1 		strh	r2, [r3, #8]	@ movhi
  98 0040 9C309FE5 		ldr	r3, .L13+8
  99 0044 0120A0E3 		mov	r2, #1
 100 0048 0020C3E5 		strb	r2, [r3, #0]
 101 004c 94309FE5 		ldr	r3, .L13+12
 102 0050 0040A0E3 		mov	r4, #0
 103 0054 3C20A0E3 		mov	r2, #60
 104 0058 0260A0E3 		mov	r6, #2
 105 005c 0120C3E5 		strb	r2, [r3, #1]
 106 0060 B640C3E1 		strh	r4, [r3, #6]	@ movhi
 107 0064 B840C3E1 		strh	r4, [r3, #8]	@ movhi
 108 0068 BA40C3E1 		strh	r4, [r3, #10]	@ movhi
 109 006c BC40C3E1 		strh	r4, [r3, #12]	@ movhi
 110 0070 BE40C3E1 		strh	r4, [r3, #14]	@ movhi
 111 0074 0060C3E5 		strb	r6, [r3, #0]
 112 0078 0240C3E5 		strb	r4, [r3, #2]
 113 007c 0340C3E5 		strb	r4, [r3, #3]
 114 0080 0440C3E5 		strb	r4, [r3, #4]
 115 0084 FEFFFFEB 		bl	radio_control_impl_init
 116 0088 5C309FE5 		ldr	r3, .L13+16
 117 008c 003093E5 		ldr	r3, [r3, #0]
 118 0090 0B40C3E5 		strb	r4, [r3, #11]
 119 0094 0C40C3E5 		strb	r4, [r3, #12]
 120 0098 50309FE5 		ldr	r3, .L13+20
 121 009c 0040C3E5 		strb	r4, [r3, #0]
 122 00a0 4C309FE5 		ldr	r3, .L13+24
 123 00a4 0410A0E1 		mov	r1, r4
 124 00a8 0060C3E5 		strb	r6, [r3, #0]
 125 00ac 44009FE5 		ldr	r0, .L13+28
 126 00b0 FEFFFFEB 		bl	sys_time_register_timer
 127 00b4 40309FE5 		ldr	r3, .L13+32
 128 00b8 0410A0E1 		mov	r1, r4
 129 00bc 0000C3E5 		strb	r0, [r3, #0]
 130 00c0 38009FE5 		ldr	r0, .L13+36
 131 00c4 FEFFFFEB 		bl	sys_time_register_timer
 132 00c8 34309FE5 		ldr	r3, .L13+40
 133 00cc 0450A0E1 		mov	r5, r4	@ movhi
 134 00d0 0000C3E5 		strb	r0, [r3, #0]
 135 00d4 7040BDE8 		ldmfd	sp!, {r4, r5, r6, lr}
 136 00d8 1EFF2FE1 		bx	lr
 137              	.L14:
 138              		.align	2
 139              	.L13:
 140 00dc 00000000 		.word	commands_failsafe
 141 00e0 00000000 		.word	commands
 142 00e4 00000000 		.word	.LANCHOR0
 143 00e8 00000000 		.word	radio_control
 144 00ec 00000000 		.word	fbw_state
 145 00f0 00000000 		.word	ap_ok
 146 00f4 00000000 		.word	fbw_mode
 147 00f8 8988883C 		.word	1015580809
 148 00fc 00000000 		.word	fbw_periodic_tid
 149 0100 CDCCCC3D 		.word	1036831949
 150 0104 00000000 		.word	electrical_tid
 152              		.global	__aeabi_i2f
 153              		.global	__aeabi_f2d
 154              		.global	__aeabi_dmul
 155              		.global	__aeabi_d2f
 156              		.global	__aeabi_f2iz
 157              		.global	__aeabi_i2d
 158              		.global	__aeabi_dadd
 159              		.global	__aeabi_d2uiz
 160              		.global	__aeabi_fcmpgt
 161              		.section	.text.event_task_fbw,"ax",%progbits
 162              		.align	2
 163              		.global	event_task_fbw
 165              	event_task_fbw:
 166              		@ Function supports interworking.
 167              		@ args = 0, pretend = 0, frame = 16
 168              		@ frame_needed = 0, uses_anonymous_args = 0
 169 0000 F0432DE9 		stmfd	sp!, {r4, r5, r6, r7, r8, r9, lr}
 170 0004 B0369FE5 		ldr	r3, .L61
 171 0008 0030D3E5 		ldrb	r3, [r3, #0]	@ zero_extendqisi2
 172 000c 000053E3 		cmp	r3, #0
 173 0010 14D04DE2 		sub	sp, sp, #20
 174 0014 7100000A 		beq	.L16
 175 0018 A0369FE5 		ldr	r3, .L61+4
 176 001c 0420D3E5 		ldrb	r2, [r3, #4]	@ zero_extendqisi2
 177 0020 9C169FE5 		ldr	r1, .L61+8
 178 0024 012082E2 		add	r2, r2, #1
 179 0028 0420C3E5 		strb	r2, [r3, #4]
 180 002c 0020A0E3 		mov	r2, #0
 181 0030 0120C3E5 		strb	r2, [r3, #1]
 182 0034 0220C3E5 		strb	r2, [r3, #2]
 183 0038 0020C3E5 		strb	r2, [r3, #0]
 184 003c D020D1E1 		ldrsb	r2, [r1, #0]
 185 0040 4B00A0E3 		mov	r0, #75
 186 0044 900202E0 		mul	r2, r0, r2
 187 0048 0228A0E1 		mov	r2, r2, asl #16
 188 004c 2228A0E1 		mov	r2, r2, lsr #16
 189 0050 B620C3E1 		strh	r2, [r3, #6]	@ movhi
 190 0054 0228A0E1 		mov	r2, r2, asl #16
 191 0058 4228A0E1 		mov	r2, r2, asr #16
 192 005c 960D52E3 		cmp	r2, #9600
 193 0060 962DA0C3 		movgt	r2, #9600
 194 0064 020000CA 		bgt	.L57
 195 0068 960D72E3 		cmn	r2, #9600
 196 006c 010000AA 		bge	.L18
 197 0070 50269FE5 		ldr	r2, .L61+12
 198              	.L57:
 199 0074 B620C3E1 		strh	r2, [r3, #6]	@ movhi
 200              	.L18:
 201 0078 D130D1E1 		ldrsb	r3, [r1, #1]
 202 007c 4B20A0E3 		mov	r2, #75
 203 0080 930202E0 		mul	r2, r3, r2
 204 0084 34369FE5 		ldr	r3, .L61+4
 205 0088 0228A0E1 		mov	r2, r2, asl #16
 206 008c 2228A0E1 		mov	r2, r2, lsr #16
 207 0090 B820C3E1 		strh	r2, [r3, #8]	@ movhi
 208 0094 0228A0E1 		mov	r2, r2, asl #16
 209 0098 4228A0E1 		mov	r2, r2, asr #16
 210 009c 960D52E3 		cmp	r2, #9600
 211 00a0 962DA0C3 		movgt	r2, #9600
 212 00a4 020000CA 		bgt	.L58
 213 00a8 960D72E3 		cmn	r2, #9600
 214 00ac 010000AA 		bge	.L20
 215 00b0 10269FE5 		ldr	r2, .L61+12
 216              	.L58:
 217 00b4 B820C3E1 		strh	r2, [r3, #8]	@ movhi
 218              	.L20:
 219 00b8 04169FE5 		ldr	r1, .L61+8
 220 00bc D230D1E1 		ldrsb	r3, [r1, #2]
 221 00c0 4B20A0E3 		mov	r2, #75
 222 00c4 930202E0 		mul	r2, r3, r2
 223 00c8 F0359FE5 		ldr	r3, .L61+4
 224 00cc 0228A0E1 		mov	r2, r2, asl #16
 225 00d0 2228A0E1 		mov	r2, r2, lsr #16
 226 00d4 BA20C3E1 		strh	r2, [r3, #10]	@ movhi
 227 00d8 0228A0E1 		mov	r2, r2, asl #16
 228 00dc 4228A0E1 		mov	r2, r2, asr #16
 229 00e0 960D52E3 		cmp	r2, #9600
 230 00e4 962DA0C3 		movgt	r2, #9600
 231 00e8 020000CA 		bgt	.L59
 232 00ec 960D72E3 		cmn	r2, #9600
 233 00f0 010000AA 		bge	.L22
 234 00f4 CC259FE5 		ldr	r2, .L61+12
 235              	.L59:
 236 00f8 BA20C3E1 		strh	r2, [r3, #10]	@ movhi
 237              	.L22:
 238 00fc D330D1E1 		ldrsb	r3, [r1, #3]
 239 0100 4B20A0E3 		mov	r2, #75
 240 0104 930202E0 		mul	r2, r3, r2
 241 0108 B0359FE5 		ldr	r3, .L61+4
 242 010c 0228A0E1 		mov	r2, r2, asl #16
 243 0110 2228A0E1 		mov	r2, r2, lsr #16
 244 0114 BC20C3E1 		strh	r2, [r3, #12]	@ movhi
 245 0118 0228A0E1 		mov	r2, r2, asl #16
 246 011c 4228A0E1 		mov	r2, r2, asr #16
 247 0120 960D52E3 		cmp	r2, #9600
 248 0124 962DA0C3 		movgt	r2, #9600
 249 0128 020000CA 		bgt	.L60
 250 012c 000052E3 		cmp	r2, #0
 251 0130 010000AA 		bge	.L24
 252 0134 0020A0E3 		mov	r2, #0
 253              	.L60:
 254 0138 BC20C3E1 		strh	r2, [r3, #12]	@ movhi
 255              	.L24:
 256 013c 80359FE5 		ldr	r3, .L61+8
 257 0140 D420D3E1 		ldrsb	r2, [r3, #4]
 258 0144 961DA0E3 		mov	r1, #9600
 259 0148 012042E2 		sub	r2, r2, #1
 260 014c 910202E0 		mul	r2, r1, r2
 261 0150 68359FE5 		ldr	r3, .L61+4
 262 0154 0228A0E1 		mov	r2, r2, asl #16
 263 0158 2228A0E1 		mov	r2, r2, lsr #16
 264 015c BE20C3E1 		strh	r2, [r3, #14]	@ movhi
 265 0160 0228A0E1 		mov	r2, r2, asl #16
 266 0164 4228A0E1 		mov	r2, r2, asr #16
 267 0168 010052E1 		cmp	r2, r1
 268 016c BE10C3C1 		strgth	r1, [r3, #14]	@ movhi
 269 0170 020000CA 		bgt	.L26
 270 0174 960D72E3 		cmn	r2, #9600
 271 0178 48259FB5 		ldrlt	r2, .L61+12
 272 017c BE20C3B1 		strlth	r2, [r3, #14]	@ movhi
 273              	.L26:
 274 0180 FE30D3E1 		ldrsh	r3, [r3, #14]
 275 0184 4B0D73E3 		cmn	r3, #4800
 276 0188 0030A0B3 		movlt	r3, #0
 277 018c 0130A0A3 		movge	r3, #1
 278 0190 34159FE5 		ldr	r1, .L61+16
 279 0194 000053E3 		cmp	r3, #0
 280 0198 20259FE5 		ldr	r2, .L61+4
 281 019c 0030C1E5 		strb	r3, [r1, #0]
 282 01a0 0B00001A 		bne	.L27
 283 01a4 24359FE5 		ldr	r3, .L61+20
 284 01a8 BC10D2E1 		ldrh	r1, [r2, #12]
 285 01ac B010C3E1 		strh	r1, [r3, #0]	@ movhi
 286 01b0 B610D2E1 		ldrh	r1, [r2, #6]
 287 01b4 B610C3E1 		strh	r1, [r3, #6]	@ movhi
 288 01b8 B810D2E1 		ldrh	r1, [r2, #8]
 289 01bc BA20D2E1 		ldrh	r2, [r2, #10]
 290 01c0 B210C3E1 		strh	r1, [r3, #2]	@ movhi
 291 01c4 B420C3E1 		strh	r2, [r3, #4]	@ movhi
 292 01c8 04359FE5 		ldr	r3, .L61+24
 293 01cc 0120A0E3 		mov	r2, #1
 294 01d0 0020C3E5 		strb	r2, [r3, #0]
 295              	.L27:
 296 01d4 E0349FE5 		ldr	r3, .L61
 297 01d8 0020A0E3 		mov	r2, #0
 298 01dc 0020C3E5 		strb	r2, [r3, #0]
 299              	.L16:
 300 01e0 FEFFFFEB 		bl	i2c_event
 301 01e4 EC349FE5 		ldr	r3, .L61+28
 302 01e8 0020D3E5 		ldrb	r2, [r3, #0]	@ zero_extendqisi2
 303 01ec 000052E3 		cmp	r2, #0
 304 01f0 2400000A 		beq	.L28
 305 01f4 0020A0E3 		mov	r2, #0
 306 01f8 0020C3E5 		strb	r2, [r3, #0]
 307 01fc D8349FE5 		ldr	r3, .L61+32
 308 0200 0020C3E5 		strb	r2, [r3, #0]
 309 0204 D4349FE5 		ldr	r3, .L61+36
 310 0208 0110A0E3 		mov	r1, #1
 311 020c 0010C3E5 		strb	r1, [r3, #0]
 312 0210 CC349FE5 		ldr	r3, .L61+40
 313 0214 003093E5 		ldr	r3, [r3, #0]
 314 0218 C8249FE5 		ldr	r2, .L61+44
 315 021c BA00D3E1 		ldrh	r0, [r3, #10]
 316 0220 B000C2E1 		strh	r0, [r2, #0]	@ movhi
 317 0224 BC00D3E1 		ldrh	r0, [r3, #12]
 318 0228 BC249FE5 		ldr	r2, .L61+48
 319 022c B000C2E1 		strh	r0, [r2, #0]	@ movhi
 320 0230 94249FE5 		ldr	r2, .L61+16
 321 0234 0000D2E5 		ldrb	r0, [r2, #0]	@ zero_extendqisi2
 322 0238 020050E3 		cmp	r0, #2
 323 023c 0010C205 		streqb	r1, [r2, #0]
 324 0240 0020D2E5 		ldrb	r2, [r2, #0]	@ zero_extendqisi2
 325 0244 010052E3 		cmp	r2, #1
 326 0248 0A00001A 		bne	.L30
 327 024c B010D3E1 		ldrh	r1, [r3, #0]
 328 0250 78249FE5 		ldr	r2, .L61+20
 329 0254 B010C2E1 		strh	r1, [r2, #0]	@ movhi
 330 0258 B210D3E1 		ldrh	r1, [r3, #2]
 331 025c B210C2E1 		strh	r1, [r2, #2]	@ movhi
 332 0260 B410D3E1 		ldrh	r1, [r3, #4]
 333 0264 B410C2E1 		strh	r1, [r2, #4]	@ movhi
 334 0268 B610D3E1 		ldrh	r1, [r3, #6]
 335 026c B830D3E1 		ldrh	r3, [r3, #8]
 336 0270 B610C2E1 		strh	r1, [r2, #6]	@ movhi
 337 0274 B830C2E1 		strh	r3, [r2, #8]	@ movhi
 338              	.L30:
 339 0278 54349FE5 		ldr	r3, .L61+24
 340 027c 0120A0E3 		mov	r2, #1
 341 0280 0020C3E5 		strb	r2, [r3, #0]
 342 0284 FEFFFFEB 		bl	inter_mcu_fill_fbw_state
 343              	.L28:
 344 0288 44349FE5 		ldr	r3, .L61+24
 345 028c 0030D3E5 		ldrb	r3, [r3, #0]	@ zero_extendqisi2
 346 0290 000053E3 		cmp	r3, #0
 347 0294 0501000A 		beq	.L15
 348 0298 30349FE5 		ldr	r3, .L61+20
 349 029c B020D3E1 		ldrh	r2, [r3, #0]
 350 02a0 B420CDE1 		strh	r2, [sp, #4]	@ movhi
 351 02a4 B220D3E1 		ldrh	r2, [r3, #2]
 352 02a8 B800D3E1 		ldrh	r0, [r3, #8]
 353 02ac B620CDE1 		strh	r2, [sp, #6]	@ movhi
 354 02b0 B640D3E1 		ldrh	r4, [r3, #6]
 355 02b4 B420D3E1 		ldrh	r2, [r3, #4]
 356 02b8 28349FE5 		ldr	r3, .L61+44
 357 02bc B820CDE1 		strh	r2, [sp, #8]	@ movhi
 358 02c0 F020D3E1 		ldrsh	r2, [r3, #0]
 359 02c4 0F0D52E3 		cmp	r2, #960
 360 02c8 0230A0B1 		movlt	r3, r2
 361 02cc 0F3DA0A3 		movge	r3, #960
 362 02d0 0338A0E1 		mov	r3, r3, asl #16
 363 02d4 0F0D72E3 		cmn	r2, #960
 364 02d8 2338A0E1 		mov	r3, r3, lsr #16
 365 02dc 0C349FB5 		ldrlt	r3, .L61+52
 366 02e0 044083E0 		add	r4, r3, r4
 367 02e4 00349FE5 		ldr	r3, .L61+48
 368 02e8 F020D3E1 		ldrsh	r2, [r3, #0]
 369 02ec 0F0D52E3 		cmp	r2, #960
 370 02f0 0230A0B1 		movlt	r3, r2
 371 02f4 0F3DA0A3 		movge	r3, #960
 372 02f8 0338A0E1 		mov	r3, r3, asl #16
 373 02fc 0F0D72E3 		cmn	r2, #960
 374 0300 2338A0E1 		mov	r3, r3, lsr #16
 375 0304 B670DDE1 		ldrh	r7, [sp, #6]
 376 0308 E0339FB5 		ldrlt	r3, .L61+52
 377 030c 0008A0E1 		mov	r0, r0, asl #16
 378 0310 4008A0E1 		mov	r0, r0, asr #16
 379 0314 077083E0 		add	r7, r3, r7
 380 0318 FEFFFFEB 		bl	__aeabi_i2f
 381 031c FEFFFFEB 		bl	__aeabi_f2d
 382 0320 CC239FE5 		ldr	r2, .L61+56
 383 0324 CC339FE5 		ldr	r3, .L61+60
 384 0328 FEFFFFEB 		bl	__aeabi_dmul
 385 032c FEFFFFEB 		bl	__aeabi_d2f
 386 0330 FEFFFFEB 		bl	__aeabi_f2iz
 387 0334 5D0E80E2 		add	r0, r0, #1488
 388 0338 0C0080E2 		add	r0, r0, #12
 389 033c 0448A0E1 		mov	r4, r4, asl #16
 390 0340 0778A0E1 		mov	r7, r7, asl #16
 391 0344 FA0F50E3 		cmp	r0, #1000
 392 0348 2448A0E1 		mov	r4, r4, lsr #16
 393 034c 2778A0E1 		mov	r7, r7, lsr #16
 394 0350 FA0FA033 		movcc	r0, #1000
 395 0354 0300003A 		bcc	.L34
 396 0358 7D0E50E3 		cmp	r0, #2000
 397 035c 7D0EA023 		movcs	r0, #2000
 398 0360 0008A0E1 		mov	r0, r0, asl #16
 399 0364 2008A0E1 		mov	r0, r0, lsr #16
 400              	.L34:
 401 0368 8C639FE5 		ldr	r6, .L61+64
 402 036c BC00C6E1 		strh	r0, [r6, #12]	@ movhi
 403 0370 FEFFFFEB 		bl	__aeabi_i2d
 404 0374 84239FE5 		ldr	r2, .L61+68
 405 0378 84339FE5 		ldr	r3, .L61+72
 406 037c FEFFFFEB 		bl	__aeabi_dmul
 407 0380 0020A0E3 		mov	r2, #0
 408 0384 7C339FE5 		ldr	r3, .L61+76
 409 0388 FEFFFFEB 		bl	__aeabi_dmul
 410 038c 0020A0E3 		mov	r2, #0
 411 0390 74339FE5 		ldr	r3, .L61+80
 412 0394 FEFFFFEB 		bl	__aeabi_dadd
 413 0398 FEFFFFEB 		bl	__aeabi_d2uiz
 414 039c 6C539FE5 		ldr	r5, .L61+84
 415 03a0 BC00C5E1 		strh	r0, [r5, #12]	@ movhi
 416 03a4 0708A0E1 		mov	r0, r7, asl #16
 417 03a8 4008A0E1 		mov	r0, r0, asr #16
 418 03ac FEFFFFEB 		bl	__aeabi_i2f
 419 03b0 FEFFFFEB 		bl	__aeabi_f2d
 420 03b4 38239FE5 		ldr	r2, .L61+56
 421 03b8 38339FE5 		ldr	r3, .L61+60
 422 03bc FEFFFFEB 		bl	__aeabi_dmul
 423 03c0 FEFFFFEB 		bl	__aeabi_d2f
 424 03c4 FEFFFFEB 		bl	__aeabi_f2iz
 425 03c8 5D0E80E2 		add	r0, r0, #1488
 426 03cc 0C0080E2 		add	r0, r0, #12
 427 03d0 FA0F50E3 		cmp	r0, #1000
 428 03d4 FA0FA033 		movcc	r0, #1000
 429 03d8 0300003A 		bcc	.L35
 430 03dc 7D0E50E3 		cmp	r0, #2000
 431 03e0 7D0EA023 		movcs	r0, #2000
 432 03e4 0008A0E1 		mov	r0, r0, asl #16
 433 03e8 2008A0E1 		mov	r0, r0, lsr #16
 434              	.L35:
 435 03ec BE00C6E1 		strh	r0, [r6, #14]	@ movhi
 436 03f0 FEFFFFEB 		bl	__aeabi_i2d
 437 03f4 04239FE5 		ldr	r2, .L61+68
 438 03f8 04339FE5 		ldr	r3, .L61+72
 439 03fc FEFFFFEB 		bl	__aeabi_dmul
 440 0400 0020A0E3 		mov	r2, #0
 441 0404 FC329FE5 		ldr	r3, .L61+76
 442 0408 FEFFFFEB 		bl	__aeabi_dmul
 443 040c 0020A0E3 		mov	r2, #0
 444 0410 F4329FE5 		ldr	r3, .L61+80
 445 0414 FEFFFFEB 		bl	__aeabi_dadd
 446 0418 FEFFFFEB 		bl	__aeabi_d2uiz
 447 041c BE00C5E1 		strh	r0, [r5, #14]	@ movhi
 448 0420 F800DDE1 		ldrsh	r0, [sp, #8]
 449 0424 FEFFFFEB 		bl	__aeabi_i2f
 450 0428 FEFFFFEB 		bl	__aeabi_f2d
 451 042c C0229FE5 		ldr	r2, .L61+56
 452 0430 C0329FE5 		ldr	r3, .L61+60
 453 0434 FEFFFFEB 		bl	__aeabi_dmul
 454 0438 FEFFFFEB 		bl	__aeabi_d2f
 455 043c FEFFFFEB 		bl	__aeabi_f2iz
 456 0440 5D0E80E2 		add	r0, r0, #1488
 457 0444 0C0080E2 		add	r0, r0, #12
 458 0448 FA0F50E3 		cmp	r0, #1000
 459 044c FA0FA033 		movcc	r0, #1000
 460 0450 0300003A 		bcc	.L36
 461 0454 7D0E50E3 		cmp	r0, #2000
 462 0458 7D0EA023 		movcs	r0, #2000
 463 045c 0008A0E1 		mov	r0, r0, asl #16
 464 0460 2008A0E1 		mov	r0, r0, lsr #16
 465              	.L36:
 466 0464 90329FE5 		ldr	r3, .L61+64
 467 0468 B800C3E1 		strh	r0, [r3, #8]	@ movhi
 468 046c FEFFFFEB 		bl	__aeabi_i2d
 469 0470 88229FE5 		ldr	r2, .L61+68
 470 0474 88329FE5 		ldr	r3, .L61+72
 471 0478 FEFFFFEB 		bl	__aeabi_dmul
 472 047c 0020A0E3 		mov	r2, #0
 473 0480 80329FE5 		ldr	r3, .L61+76
 474 0484 FEFFFFEB 		bl	__aeabi_dmul
 475 0488 0020A0E3 		mov	r2, #0
 476 048c 78329FE5 		ldr	r3, .L61+80
 477 0490 FEFFFFEB 		bl	__aeabi_dadd
 478 0494 FEFFFFEB 		bl	__aeabi_d2uiz
 479 0498 70329FE5 		ldr	r3, .L61+84
 480 049c B800C3E1 		strh	r0, [r3, #8]	@ movhi
 481 04a0 0408A0E1 		mov	r0, r4, asl #16
 482 04a4 4008A0E1 		mov	r0, r0, asr #16
 483 04a8 000050E3 		cmp	r0, #0
 484 04ac 0060A0C3 		movgt	r6, #0
 485 04b0 5C729FC5 		ldrgt	r7, .L61+88
 486 04b4 5C629FD5 		ldrle	r6, .L61+92
 487 04b8 5C729FD5 		ldrle	r7, .L61+96
 488 04bc FEFFFFEB 		bl	__aeabi_i2d
 489 04c0 0080A0E1 		mov	r8, r0
 490 04c4 0190A0E1 		mov	r9, r1
 491 04c8 0820A0E1 		mov	r2, r8
 492 04cc 0930A0E1 		mov	r3, r9
 493 04d0 0600A0E1 		mov	r0, r6
 494 04d4 0710A0E1 		mov	r1, r7
 495 04d8 FEFFFFEB 		bl	__aeabi_dmul
 496 04dc FEFFFFEB 		bl	__aeabi_d2f
 497 04e0 FEFFFFEB 		bl	__aeabi_f2d
 498 04e4 08229FE5 		ldr	r2, .L61+56
 499 04e8 30329FE5 		ldr	r3, .L61+100
 500 04ec FEFFFFEB 		bl	__aeabi_dmul
 501 04f0 FEFFFFEB 		bl	__aeabi_d2f
 502 04f4 FEFFFFEB 		bl	__aeabi_f2iz
 503 04f8 5D0E80E2 		add	r0, r0, #1488
 504 04fc 0C0080E2 		add	r0, r0, #12
 505 0500 FA0F50E3 		cmp	r0, #1000
 506 0504 FA0FA033 		movcc	r0, #1000
 507 0508 0300003A 		bcc	.L38
 508 050c 7D0E50E3 		cmp	r0, #2000
 509 0510 7D0EA023 		movcs	r0, #2000
 510 0514 0008A0E1 		mov	r0, r0, asl #16
 511 0518 2008A0E1 		mov	r0, r0, lsr #16
 512              	.L38:
 513 051c D8319FE5 		ldr	r3, .L61+64
 514 0520 B200C3E1 		strh	r0, [r3, #2]	@ movhi
 515 0524 FEFFFFEB 		bl	__aeabi_i2d
 516 0528 D0219FE5 		ldr	r2, .L61+68
 517 052c D0319FE5 		ldr	r3, .L61+72
 518 0530 FEFFFFEB 		bl	__aeabi_dmul
 519 0534 0020A0E3 		mov	r2, #0
 520 0538 C8319FE5 		ldr	r3, .L61+76
 521 053c FEFFFFEB 		bl	__aeabi_dmul
 522 0540 0020A0E3 		mov	r2, #0
 523 0544 C0319FE5 		ldr	r3, .L61+80
 524 0548 FEFFFFEB 		bl	__aeabi_dadd
 525 054c FEFFFFEB 		bl	__aeabi_d2uiz
 526 0550 0448A0E1 		mov	r4, r4, asl #16
 527 0554 B4319FE5 		ldr	r3, .L61+84
 528 0558 000054E3 		cmp	r4, #0
 529 055c B8119FC5 		ldrgt	r1, .L61+96
 530 0560 AC119FD5 		ldrle	r1, .L61+88
 531 0564 B200C3E1 		strh	r0, [r3, #2]	@ movhi
 532 0568 0820A0E1 		mov	r2, r8
 533 056c A4019FC5 		ldrgt	r0, .L61+92
 534 0570 0000A0D3 		movle	r0, #0
 535 0574 0930A0E1 		mov	r3, r9
 536 0578 FEFFFFEB 		bl	__aeabi_dmul
 537 057c FEFFFFEB 		bl	__aeabi_d2f
 538 0580 FEFFFFEB 		bl	__aeabi_f2d
 539 0584 68219FE5 		ldr	r2, .L61+56
 540 0588 90319FE5 		ldr	r3, .L61+100
 541 058c FEFFFFEB 		bl	__aeabi_dmul
 542 0590 FEFFFFEB 		bl	__aeabi_d2f
 543 0594 FEFFFFEB 		bl	__aeabi_f2iz
 544 0598 5D0E80E2 		add	r0, r0, #1488
 545 059c 0C0080E2 		add	r0, r0, #12
 546 05a0 FA0F50E3 		cmp	r0, #1000
 547 05a4 FA0FA033 		movcc	r0, #1000
 548 05a8 0300003A 		bcc	.L40
 549 05ac 7D0E50E3 		cmp	r0, #2000
 550 05b0 7D0EA023 		movcs	r0, #2000
 551 05b4 0008A0E1 		mov	r0, r0, asl #16
 552 05b8 2008A0E1 		mov	r0, r0, lsr #16
 553              	.L40:
 554 05bc 38319FE5 		ldr	r3, .L61+64
 555 05c0 B400C3E1 		strh	r0, [r3, #4]	@ movhi
 556 05c4 FEFFFFEB 		bl	__aeabi_i2d
 557 05c8 30219FE5 		ldr	r2, .L61+68
 558 05cc 30319FE5 		ldr	r3, .L61+72
 559 05d0 FEFFFFEB 		bl	__aeabi_dmul
 560 05d4 0020A0E3 		mov	r2, #0
 561 05d8 28319FE5 		ldr	r3, .L61+76
 562 05dc FEFFFFEB 		bl	__aeabi_dmul
 563 05e0 0020A0E3 		mov	r2, #0
 564 05e4 20319FE5 		ldr	r3, .L61+80
 565 05e8 FEFFFFEB 		bl	__aeabi_dadd
 566 05ec FEFFFFEB 		bl	__aeabi_d2uiz
 567 05f0 18319FE5 		ldr	r3, .L61+84
 568 05f4 B400C3E1 		strh	r0, [r3, #4]	@ movhi
 569 05f8 F400DDE1 		ldrsh	r0, [sp, #4]
 570 05fc FEFFFFEB 		bl	__aeabi_i2f
 571 0600 0060A0E1 		mov	r6, r0
 572 0604 FEFFFFEB 		bl	__aeabi_f2d
 573 0608 0040A0E1 		mov	r4, r0
 574 060c 0150A0E1 		mov	r5, r1
 575 0610 0600A0E1 		mov	r0, r6
 576 0614 0010A0E3 		mov	r1, #0
 577 0618 FEFFFFEB 		bl	__aeabi_fcmpgt
 578 061c 000050E3 		cmp	r0, #0
 579 0620 FC309F15 		ldrne	r3, .L61+104
 580 0624 FC309F05 		ldreq	r3, .L61+108
 581 0628 FC209F15 		ldrne	r2, .L61+112
 582 062c FC209F05 		ldreq	r2, .L61+116
 583 0630 0400A0E1 		mov	r0, r4
 584 0634 0510A0E1 		mov	r1, r5
 585 0638 FEFFFFEB 		bl	__aeabi_dmul
 586 063c FEFFFFEB 		bl	__aeabi_d2f
 587 0640 FEFFFFEB 		bl	__aeabi_f2iz
 588 0644 E8309FE5 		ldr	r3, .L61+120
 589 0648 FA0F80E2 		add	r0, r0, #1000
 590 064c 030050E1 		cmp	r0, r3
 591 0650 E0009F95 		ldrls	r0, .L61+124
 592 0654 0300009A 		bls	.L43
 593 0658 7D0E50E3 		cmp	r0, #2000
 594 065c 7D0EA023 		movcs	r0, #2000
 595 0660 0008A0E1 		mov	r0, r0, asl #16
 596 0664 2008A0E1 		mov	r0, r0, lsr #16
 597              	.L43:
 598 0668 8C309FE5 		ldr	r3, .L61+64
 599 066c B000C3E1 		strh	r0, [r3, #0]	@ movhi
 600 0670 FEFFFFEB 		bl	__aeabi_i2d
 601 0674 84209FE5 		ldr	r2, .L61+68
 602 0678 84309FE5 		ldr	r3, .L61+72
 603 067c FEFFFFEB 		bl	__aeabi_dmul
 604 0680 0020A0E3 		mov	r2, #0
 605 0684 7C309FE5 		ldr	r3, .L61+76
 606 0688 FEFFFFEB 		bl	__aeabi_dmul
 607 068c 0020A0E3 		mov	r2, #0
 608 0690 74309FE5 		ldr	r3, .L61+80
 609 0694 FEFFFFEB 		bl	__aeabi_dadd
 610 0698 FEFFFFEB 		bl	__aeabi_d2uiz
 611 069c 6C309FE5 		ldr	r3, .L61+84
 612 06a0 B000C3E1 		strh	r0, [r3, #0]	@ movhi
 613 06a4 28309FE5 		ldr	r3, .L61+24
 614 06a8 0020A0E3 		mov	r2, #0
 615 06ac 0020C3E5 		strb	r2, [r3, #0]
 616              	.L15:
 617 06b0 14D08DE2 		add	sp, sp, #20
 618 06b4 F043BDE8 		ldmfd	sp!, {r4, r5, r6, r7, r8, r9, lr}
 619 06b8 1EFF2FE1 		bx	lr
 620              	.L62:
 621              		.align	2
 622              	.L61:
 623 06bc 00000000 		.word	rc_dl_frame_available
 624 06c0 00000000 		.word	radio_control
 625 06c4 00000000 		.word	rc_dl_values
 626 06c8 80DAFFFF 		.word	-9600
 627 06cc 00000000 		.word	fbw_mode
 628 06d0 00000000 		.word	commands
 629 06d4 00000000 		.word	.LANCHOR0
 630 06d8 00000000 		.word	inter_mcu_received_ap
 631 06dc 00000000 		.word	time_since_last_ap
 632 06e0 00000000 		.word	ap_ok
 633 06e4 00000000 		.word	ap_state
 634 06e8 00000000 		.word	command_roll_trim
 635 06ec 00000000 		.word	command_pitch_trim
 636 06f0 40FC0000 		.word	64576
 637 06f4 E797AAAA 		.word	-1431660569
 638 06f8 AAAAAA3F 		.word	1068149418
 639 06fc 00000000 		.word	actuators
 640 0700 8DEDB5A0 		.word	-1598689907
 641 0704 F7C6B03E 		.word	1051772663
 642 0708 389C6C41 		.word	1097636920
 643 070c 0000E03F 		.word	1071644672
 644 0710 00000000 		.word	servos_values
 645 0714 0000F03F 		.word	1072693248
 646 0718 1F85EB51 		.word	1374389535
 647 071c B81EE53F 		.word	1071980216
 648 0720 AAAAAABF 		.word	-1079334230
 649 0724 AAAABA3F 		.word	1069197994
 650 0728 DDDD7D3F 		.word	1065213405
 651 072c 7E08ABAA 		.word	-1431631746
 652 0730 E1ECDDDD 		.word	-572658463
 653 0734 A1030000 		.word	929
 654 0738 A2030000 		.word	930
 656              		.section	.text.periodic_task_fbw,"ax",%progbits
 657              		.align	2
 658              		.global	periodic_task_fbw
 660              	periodic_task_fbw:
 661              		@ Function supports interworking.
 662              		@ args = 0, pretend = 0, frame = 0
 663              		@ frame_needed = 0, uses_anonymous_args = 0
 664 0000 F0412DE9 		stmfd	sp!, {r4, r5, r6, r7, r8, lr}
 665 0004 D82C9FE5 		ldr	r2, .L103
 666 0008 0030D2E5 		ldrb	r3, [r2, #0]	@ zero_extendqisi2
 667 000c 013083E2 		add	r3, r3, #1
 668 0010 FF3003E2 		and	r3, r3, #255
 669 0014 3B0053E3 		cmp	r3, #59
 670 0018 0030C2E5 		strb	r3, [r2, #0]
 671 001c C43C9FE5 		ldr	r3, .L103+4
 672 0020 0010A083 		movhi	r1, #0
 673 0024 0010C285 		strhib	r1, [r2, #0]
 674 0028 0420D385 		ldrhib	r2, [r3, #4]	@ zero_extendqisi2
 675 002c 0410C385 		strhib	r1, [r3, #4]
 676 0030 0320C385 		strhib	r2, [r3, #3]
 677 0034 0130D3E5 		ldrb	r3, [r3, #1]	@ zero_extendqisi2
 678 0038 A82C9FE5 		ldr	r2, .L103+4
 679 003c 3B0053E3 		cmp	r3, #59
 680 0040 0230A083 		movhi	r3, #2
 681 0044 0030C285 		strhib	r3, [r2, #0]
 682 0048 0700008A 		bhi	.L66
 683 004c 1D0053E3 		cmp	r3, #29
 684 0050 0110A083 		movhi	r1, #1
 685 0054 0010C285 		strhib	r1, [r2, #0]
 686 0058 0F10A083 		movhi	r1, #15
 687 005c 0210C285 		strhib	r1, [r2, #2]
 688 0060 802C9FE5 		ldr	r2, .L103+4
 689 0064 013083E2 		add	r3, r3, #1
 690 0068 0130C2E5 		strb	r3, [r2, #1]
 691              	.L66:
 692 006c 783C9FE5 		ldr	r3, .L103+8
 693 0070 0020D3E5 		ldrb	r2, [r3, #0]	@ zero_extendqisi2
 694 0074 000052E3 		cmp	r2, #0
 695 0078 0400001A 		bne	.L68
 696 007c 642C9FE5 		ldr	r2, .L103+4
 697 0080 0020D2E5 		ldrb	r2, [r2, #0]	@ zero_extendqisi2
 698 0084 020052E3 		cmp	r2, #2
 699 0088 0120A003 		moveq	r2, #1
 700 008c 0020C305 		streqb	r2, [r3, #0]
 701              	.L68:
 702 0090 583C9FE5 		ldr	r3, .L103+12
 703 0094 0020D3E5 		ldrb	r2, [r3, #0]	@ zero_extendqisi2
 704 0098 1D0052E3 		cmp	r2, #29
 705 009c 01208292 		addls	r2, r2, #1
 706 00a0 0020C395 		strlsb	r2, [r3, #0]
 707 00a4 483C9F85 		ldrhi	r3, .L103+16
 708 00a8 0020A083 		movhi	r2, #0
 709 00ac 0020C385 		strhib	r2, [r3, #0]
 710 00b0 FEFFFF8B 		blhi	inter_mcu_fill_fbw_state
 711              	.L70:
 712 00b4 303C9FE5 		ldr	r3, .L103+8
 713 00b8 0010D3E5 		ldrb	r1, [r3, #0]	@ zero_extendqisi2
 714 00bc 010051E3 		cmp	r1, #1
 715 00c0 1300001A 		bne	.L71
 716 00c4 282C9FE5 		ldr	r2, .L103+16
 717 00c8 0020D2E5 		ldrb	r2, [r2, #0]	@ zero_extendqisi2
 718 00cc 000052E3 		cmp	r2, #0
 719 00d0 0F00001A 		bne	.L71
 720 00d4 0220A0E3 		mov	r2, #2
 721 00d8 0020C3E5 		strb	r2, [r3, #0]
 722 00dc 142C9FE5 		ldr	r2, .L103+20
 723 00e0 143C9FE5 		ldr	r3, .L103+24
 724 00e4 B000D2E1 		ldrh	r0, [r2, #0]
 725 00e8 B000C3E1 		strh	r0, [r3, #0]	@ movhi
 726 00ec B200D2E1 		ldrh	r0, [r2, #2]
 727 00f0 B200C3E1 		strh	r0, [r3, #2]	@ movhi
 728 00f4 B400D2E1 		ldrh	r0, [r2, #4]
 729 00f8 B400C3E1 		strh	r0, [r3, #4]	@ movhi
 730 00fc B600D2E1 		ldrh	r0, [r2, #6]
 731 0100 B820D2E1 		ldrh	r2, [r2, #8]
 732 0104 B600C3E1 		strh	r0, [r3, #6]	@ movhi
 733 0108 B820C3E1 		strh	r2, [r3, #8]	@ movhi
 734 010c EC3B9FE5 		ldr	r3, .L103+28
 735 0110 0010C3E5 		strb	r1, [r3, #0]
 736              	.L71:
 737 0114 E83B9FE5 		ldr	r3, .L103+32
 738 0118 0020D3E5 		ldrb	r2, [r3, #0]	@ zero_extendqisi2
 739 011c 000052E3 		cmp	r2, #0
 740 0120 4101001A 		bne	.L72
 741 0124 DC3B9FE5 		ldr	r3, .L103+36
 742 0128 0010D3E5 		ldrb	r1, [r3, #0]	@ zero_extendqisi2
 743 012c 011081E2 		add	r1, r1, #1
 744 0130 FF1001E2 		and	r1, r1, #255
 745 0134 770051E3 		cmp	r1, #119
 746 0138 0010C3E5 		strb	r1, [r3, #0]
 747 013c 0020C385 		strhib	r2, [r3, #0]
 748 0140 C43B9FE5 		ldr	r3, .L103+40
 749 0144 B020D3E1 		ldrh	r2, [r3, #0]
 750 0148 012082E2 		add	r2, r2, #1
 751 014c 0228A0E1 		mov	r2, r2, asl #16
 752 0150 2228A0E1 		mov	r2, r2, lsr #16
 753 0154 4B0F52E3 		cmp	r2, #300
 754 0158 B020C3E1 		strh	r2, [r3, #0]	@ movhi
 755 015c 0020A023 		movcs	r2, #0
 756 0160 B020C321 		strcsh	r2, [r3, #0]	@ movhi
 757 0164 9C3B9FE5 		ldr	r3, .L103+36
 758 0168 0030D3E5 		ldrb	r3, [r3, #0]	@ zero_extendqisi2
 759 016c 000053E3 		cmp	r3, #0
 760 0170 8300001A 		bne	.L75
 761 0174 940B9FE5 		ldr	r0, .L103+44
 762 0178 0E10A0E3 		mov	r1, #14
 763 017c FEFFFFEB 		bl	uart_check_free_space
 764 0180 000050E3 		cmp	r0, #0
 765 0184 7A00000A 		beq	.L76
 766 0188 843B9FE5 		ldr	r3, .L103+48
 767 018c B020D3E1 		ldrh	r2, [r3, #0]
 768 0190 0E2082E2 		add	r2, r2, #14
 769 0194 B020C3E1 		strh	r2, [r3, #0]	@ movhi
 770 0198 783B9FE5 		ldr	r3, .L103+52
 771 019c B020D3E1 		ldrh	r2, [r3, #0]
 772 01a0 012082E2 		add	r2, r2, #1
 773 01a4 B020C3E1 		strh	r2, [r3, #0]	@ movhi
 774 01a8 600B9FE5 		ldr	r0, .L103+44
 775 01ac 9910A0E3 		mov	r1, #153
 776 01b0 645B9FE5 		ldr	r5, .L103+56
 777 01b4 FEFFFFEB 		bl	uart_transmit
 778 01b8 500B9FE5 		ldr	r0, .L103+44
 779 01bc 0E10A0E3 		mov	r1, #14
 780 01c0 584B9FE5 		ldr	r4, .L103+60
 781 01c4 FEFFFFEB 		bl	uart_transmit
 782 01c8 0F30A0E3 		mov	r3, #15
 783 01cc 0030C5E5 		strb	r3, [r5, #0]
 784 01d0 1D30A0E3 		mov	r3, #29
 785 01d4 0030C4E5 		strb	r3, [r4, #0]
 786 01d8 300B9FE5 		ldr	r0, .L103+44
 787 01dc 0110A0E3 		mov	r1, #1
 788 01e0 FEFFFFEB 		bl	uart_transmit
 789 01e4 0030D5E5 		ldrb	r3, [r5, #0]	@ zero_extendqisi2
 790 01e8 0020D4E5 		ldrb	r2, [r4, #0]	@ zero_extendqisi2
 791 01ec 673083E2 		add	r3, r3, #103
 792 01f0 FF3003E2 		and	r3, r3, #255
 793 01f4 0030C5E5 		strb	r3, [r5, #0]
 794 01f8 E86A9FE5 		ldr	r6, .L103+4
 795 01fc 023083E0 		add	r3, r3, r2
 796 0200 0030C4E5 		strb	r3, [r4, #0]
 797 0204 040B9FE5 		ldr	r0, .L103+44
 798 0208 6710A0E3 		mov	r1, #103
 799 020c FEFFFFEB 		bl	uart_transmit
 800 0210 0010D6E5 		ldrb	r1, [r6, #0]	@ zero_extendqisi2
 801 0214 0030D5E5 		ldrb	r3, [r5, #0]	@ zero_extendqisi2
 802 0218 0020D4E5 		ldrb	r2, [r4, #0]	@ zero_extendqisi2
 803 021c 033081E0 		add	r3, r1, r3
 804 0220 FF3003E2 		and	r3, r3, #255
 805 0224 0030C5E5 		strb	r3, [r5, #0]
 806 0228 023083E0 		add	r3, r3, r2
 807 022c 0030C4E5 		strb	r3, [r4, #0]
 808 0230 D80A9FE5 		ldr	r0, .L103+44
 809 0234 FEFFFFEB 		bl	uart_transmit
 810 0238 0310D6E5 		ldrb	r1, [r6, #3]	@ zero_extendqisi2
 811 023c 0030D5E5 		ldrb	r3, [r5, #0]	@ zero_extendqisi2
 812 0240 0020D4E5 		ldrb	r2, [r4, #0]	@ zero_extendqisi2
 813 0244 033081E0 		add	r3, r1, r3
 814 0248 FF3003E2 		and	r3, r3, #255
 815 024c 0030C5E5 		strb	r3, [r5, #0]
 816 0250 023083E0 		add	r3, r3, r2
 817 0254 0030C4E5 		strb	r3, [r4, #0]
 818 0258 B00A9FE5 		ldr	r0, .L103+44
 819 025c FEFFFFEB 		bl	uart_transmit
 820 0260 843A9FE5 		ldr	r3, .L103+8
 821 0264 0010D3E5 		ldrb	r1, [r3, #0]	@ zero_extendqisi2
 822 0268 0030D5E5 		ldrb	r3, [r5, #0]	@ zero_extendqisi2
 823 026c 0020D4E5 		ldrb	r2, [r4, #0]	@ zero_extendqisi2
 824 0270 033081E0 		add	r3, r1, r3
 825 0274 FF3003E2 		and	r3, r3, #255
 826 0278 A46A9FE5 		ldr	r6, .L103+64
 827 027c 0030C5E5 		strb	r3, [r5, #0]
 828 0280 023083E0 		add	r3, r3, r2
 829 0284 0030C4E5 		strb	r3, [r4, #0]
 830 0288 800A9FE5 		ldr	r0, .L103+44
 831 028c FEFFFFEB 		bl	uart_transmit
 832 0290 0010D6E5 		ldrb	r1, [r6, #0]	@ zero_extendqisi2
 833 0294 0030D5E5 		ldrb	r3, [r5, #0]	@ zero_extendqisi2
 834 0298 0020D4E5 		ldrb	r2, [r4, #0]	@ zero_extendqisi2
 835 029c 033081E0 		add	r3, r1, r3
 836 02a0 FF3003E2 		and	r3, r3, #255
 837 02a4 0030C5E5 		strb	r3, [r5, #0]
 838 02a8 023083E0 		add	r3, r3, r2
 839 02ac 0030C4E5 		strb	r3, [r4, #0]
 840 02b0 580A9FE5 		ldr	r0, .L103+44
 841 02b4 FEFFFFEB 		bl	uart_transmit
 842 02b8 0410D6E5 		ldrb	r1, [r6, #4]	@ zero_extendqisi2
 843 02bc 0030D5E5 		ldrb	r3, [r5, #0]	@ zero_extendqisi2
 844 02c0 0020D4E5 		ldrb	r2, [r4, #0]	@ zero_extendqisi2
 845 02c4 033081E0 		add	r3, r1, r3
 846 02c8 FF3003E2 		and	r3, r3, #255
 847 02cc 0030C5E5 		strb	r3, [r5, #0]
 848 02d0 023083E0 		add	r3, r3, r2
 849 02d4 0030C4E5 		strb	r3, [r4, #0]
 850 02d8 300A9FE5 		ldr	r0, .L103+44
 851 02dc FEFFFFEB 		bl	uart_transmit
 852 02e0 0510D6E5 		ldrb	r1, [r6, #5]	@ zero_extendqisi2
 853 02e4 0030D5E5 		ldrb	r3, [r5, #0]	@ zero_extendqisi2
 854 02e8 0020D4E5 		ldrb	r2, [r4, #0]	@ zero_extendqisi2
 855 02ec 033081E0 		add	r3, r1, r3
 856 02f0 FF3003E2 		and	r3, r3, #255
 857 02f4 0030C5E5 		strb	r3, [r5, #0]
 858 02f8 023083E0 		add	r3, r3, r2
 859 02fc 0030C4E5 		strb	r3, [r4, #0]
 860 0300 080A9FE5 		ldr	r0, .L103+44
 861 0304 FEFFFFEB 		bl	uart_transmit
 862 0308 0610D6E5 		ldrb	r1, [r6, #6]	@ zero_extendqisi2
 863 030c 0030D5E5 		ldrb	r3, [r5, #0]	@ zero_extendqisi2
 864 0310 0020D4E5 		ldrb	r2, [r4, #0]	@ zero_extendqisi2
 865 0314 033081E0 		add	r3, r1, r3
 866 0318 FF3003E2 		and	r3, r3, #255
 867 031c 0030C5E5 		strb	r3, [r5, #0]
 868 0320 023083E0 		add	r3, r3, r2
 869 0324 0030C4E5 		strb	r3, [r4, #0]
 870 0328 E0099FE5 		ldr	r0, .L103+44
 871 032c FEFFFFEB 		bl	uart_transmit
 872 0330 0710D6E5 		ldrb	r1, [r6, #7]	@ zero_extendqisi2
 873 0334 0030D5E5 		ldrb	r3, [r5, #0]	@ zero_extendqisi2
 874 0338 0020D4E5 		ldrb	r2, [r4, #0]	@ zero_extendqisi2
 875 033c 033081E0 		add	r3, r1, r3
 876 0340 FF3003E2 		and	r3, r3, #255
 877 0344 0030C5E5 		strb	r3, [r5, #0]
 878 0348 023083E0 		add	r3, r3, r2
 879 034c 0030C4E5 		strb	r3, [r4, #0]
 880 0350 B8099FE5 		ldr	r0, .L103+44
 881 0354 FEFFFFEB 		bl	uart_transmit
 882 0358 0010D5E5 		ldrb	r1, [r5, #0]	@ zero_extendqisi2
 883 035c AC099FE5 		ldr	r0, .L103+44
 884 0360 FEFFFFEB 		bl	uart_transmit
 885 0364 A4099FE5 		ldr	r0, .L103+44
 886 0368 0010D4E5 		ldrb	r1, [r4, #0]	@ zero_extendqisi2
 887 036c FEFFFFEB 		bl	uart_transmit
 888 0370 030000EA 		b	.L75
 889              	.L76:
 890 0374 AC399FE5 		ldr	r3, .L103+68
 891 0378 0020D3E5 		ldrb	r2, [r3, #0]	@ zero_extendqisi2
 892 037c 012082E2 		add	r2, r2, #1
 893 0380 0020C3E5 		strb	r2, [r3, #0]
 894              	.L75:
 895 0384 80399FE5 		ldr	r3, .L103+40
 896 0388 B030D3E1 		ldrh	r3, [r3, #0]
 897 038c 060053E3 		cmp	r3, #6
 898 0390 4B00001A 		bne	.L77
 899 0394 74099FE5 		ldr	r0, .L103+44
 900 0398 1110A0E3 		mov	r1, #17
 901 039c FEFFFFEB 		bl	uart_check_free_space
 902 03a0 000050E3 		cmp	r0, #0
 903 03a4 9C00000A 		beq	.L80
 904 03a8 64399FE5 		ldr	r3, .L103+48
 905 03ac B020D3E1 		ldrh	r2, [r3, #0]
 906 03b0 112082E2 		add	r2, r2, #17
 907 03b4 B020C3E1 		strh	r2, [r3, #0]	@ movhi
 908 03b8 58399FE5 		ldr	r3, .L103+52
 909 03bc B020D3E1 		ldrh	r2, [r3, #0]
 910 03c0 012082E2 		add	r2, r2, #1
 911 03c4 B020C3E1 		strh	r2, [r3, #0]	@ movhi
 912 03c8 40099FE5 		ldr	r0, .L103+44
 913 03cc 9910A0E3 		mov	r1, #153
 914 03d0 FEFFFFEB 		bl	uart_transmit
 915 03d4 40599FE5 		ldr	r5, .L103+56
 916 03d8 30099FE5 		ldr	r0, .L103+44
 917 03dc 1110A0E3 		mov	r1, #17
 918 03e0 FEFFFFEB 		bl	uart_transmit
 919 03e4 34499FE5 		ldr	r4, .L103+60
 920 03e8 1230A0E3 		mov	r3, #18
 921 03ec 0030C5E5 		strb	r3, [r5, #0]
 922 03f0 2330A0E3 		mov	r3, #35
 923 03f4 0030C4E5 		strb	r3, [r4, #0]
 924 03f8 10099FE5 		ldr	r0, .L103+44
 925 03fc 0110A0E3 		mov	r1, #1
 926 0400 FEFFFFEB 		bl	uart_transmit
 927 0404 0030D5E5 		ldrb	r3, [r5, #0]	@ zero_extendqisi2
 928 0408 0020D4E5 		ldrb	r2, [r4, #0]	@ zero_extendqisi2
 929 040c 663083E2 		add	r3, r3, #102
 930 0410 FF3003E2 		and	r3, r3, #255
 931 0414 0030C5E5 		strb	r3, [r5, #0]
 932 0418 023083E0 		add	r3, r3, r2
 933 041c 0030C4E5 		strb	r3, [r4, #0]
 934 0420 E8089FE5 		ldr	r0, .L103+44
 935 0424 6610A0E3 		mov	r1, #102
 936 0428 FEFFFFEB 		bl	uart_transmit
 937 042c 0030D5E5 		ldrb	r3, [r5, #0]	@ zero_extendqisi2
 938 0430 0020D4E5 		ldrb	r2, [r4, #0]	@ zero_extendqisi2
 939 0434 053083E2 		add	r3, r3, #5
 940 0438 FF3003E2 		and	r3, r3, #255
 941 043c 0030C5E5 		strb	r3, [r5, #0]
 942 0440 023083E0 		add	r3, r3, r2
 943 0444 0030C4E5 		strb	r3, [r4, #0]
 944 0448 C0089FE5 		ldr	r0, .L103+44
 945 044c 0510A0E3 		mov	r1, #5
 946 0450 FEFFFFEB 		bl	uart_transmit
 947 0454 A0689FE5 		ldr	r6, .L103+24
 948 0458 0070A0E3 		mov	r7, #0
 949 045c 0680A0E1 		mov	r8, r6
 950              	.L79:
 951 0460 8710D8E7 		ldrb	r1, [r8, r7, asl #1]	@ zero_extendqisi2
 952 0464 0030D5E5 		ldrb	r3, [r5, #0]	@ zero_extendqisi2
 953 0468 0020D4E5 		ldrb	r2, [r4, #0]	@ zero_extendqisi2
 954 046c 033081E0 		add	r3, r1, r3
 955 0470 FF3003E2 		and	r3, r3, #255
 956 0474 0030C5E5 		strb	r3, [r5, #0]
 957 0478 023083E0 		add	r3, r3, r2
 958 047c 0030C4E5 		strb	r3, [r4, #0]
 959 0480 88089FE5 		ldr	r0, .L103+44
 960 0484 FEFFFFEB 		bl	uart_transmit
 961 0488 0110D6E5 		ldrb	r1, [r6, #1]	@ zero_extendqisi2
 962 048c 0030D5E5 		ldrb	r3, [r5, #0]	@ zero_extendqisi2
 963 0490 0020D4E5 		ldrb	r2, [r4, #0]	@ zero_extendqisi2
 964 0494 033081E0 		add	r3, r1, r3
 965 0498 FF3003E2 		and	r3, r3, #255
 966 049c 0030C5E5 		strb	r3, [r5, #0]
 967 04a0 023083E0 		add	r3, r3, r2
 968 04a4 0030C4E5 		strb	r3, [r4, #0]
 969 04a8 60089FE5 		ldr	r0, .L103+44
 970 04ac 017087E2 		add	r7, r7, #1
 971 04b0 FEFFFFEB 		bl	uart_transmit
 972 04b4 050057E3 		cmp	r7, #5
 973 04b8 026086E2 		add	r6, r6, #2
 974 04bc E7FFFF1A 		bne	.L79
 975 04c0 4C0000EA 		b	.L101
 976              	.L77:
 977 04c4 0C0053E3 		cmp	r3, #12
 978 04c8 5700001A 		bne	.L72
 979 04cc 3C089FE5 		ldr	r0, .L103+44
 980 04d0 1710A0E3 		mov	r1, #23
 981 04d4 FEFFFFEB 		bl	uart_check_free_space
 982 04d8 000050E3 		cmp	r0, #0
 983 04dc 4E00000A 		beq	.L80
 984 04e0 2C389FE5 		ldr	r3, .L103+48
 985 04e4 B020D3E1 		ldrh	r2, [r3, #0]
 986 04e8 172082E2 		add	r2, r2, #23
 987 04ec B020C3E1 		strh	r2, [r3, #0]	@ movhi
 988 04f0 20389FE5 		ldr	r3, .L103+52
 989 04f4 B020D3E1 		ldrh	r2, [r3, #0]
 990 04f8 012082E2 		add	r2, r2, #1
 991 04fc B020C3E1 		strh	r2, [r3, #0]	@ movhi
 992 0500 08089FE5 		ldr	r0, .L103+44
 993 0504 9910A0E3 		mov	r1, #153
 994 0508 FEFFFFEB 		bl	uart_transmit
 995 050c 08589FE5 		ldr	r5, .L103+56
 996 0510 F8079FE5 		ldr	r0, .L103+44
 997 0514 1710A0E3 		mov	r1, #23
 998 0518 FEFFFFEB 		bl	uart_transmit
 999 051c FC479FE5 		ldr	r4, .L103+60
 1000 0520 1830A0E3 		mov	r3, #24
 1001 0524 0030C5E5 		strb	r3, [r5, #0]
 1002 0528 2F30A0E3 		mov	r3, #47
 1003 052c 0030C4E5 		strb	r3, [r4, #0]
 1004 0530 D8079FE5 		ldr	r0, .L103+44
 1005 0534 0110A0E3 		mov	r1, #1
 1006 0538 FEFFFFEB 		bl	uart_transmit
 1007 053c 0030D5E5 		ldrb	r3, [r5, #0]	@ zero_extendqisi2
 1008 0540 0020D4E5 		ldrb	r2, [r4, #0]	@ zero_extendqisi2
 1009 0544 693083E2 		add	r3, r3, #105
 1010 0548 FF3003E2 		and	r3, r3, #255
 1011 054c 0030C5E5 		strb	r3, [r5, #0]
 1012 0550 023083E0 		add	r3, r3, r2
 1013 0554 0030C4E5 		strb	r3, [r4, #0]
 1014 0558 B0079FE5 		ldr	r0, .L103+44
 1015 055c 6910A0E3 		mov	r1, #105
 1016 0560 FEFFFFEB 		bl	uart_transmit
 1017 0564 0030D5E5 		ldrb	r3, [r5, #0]	@ zero_extendqisi2
 1018 0568 0020D4E5 		ldrb	r2, [r4, #0]	@ zero_extendqisi2
 1019 056c 083083E2 		add	r3, r3, #8
 1020 0570 FF3003E2 		and	r3, r3, #255
 1021 0574 0030C5E5 		strb	r3, [r5, #0]
 1022 0578 023083E0 		add	r3, r3, r2
 1023 057c 0030C4E5 		strb	r3, [r4, #0]
 1024 0580 88079FE5 		ldr	r0, .L103+44
 1025 0584 0810A0E3 		mov	r1, #8
 1026 0588 FEFFFFEB 		bl	uart_transmit
 1027 058c 98679FE5 		ldr	r6, .L103+72
 1028 0590 0070A0E3 		mov	r7, #0
 1029 0594 0680A0E1 		mov	r8, r6
 1030              	.L81:
 1031 0598 8710D8E7 		ldrb	r1, [r8, r7, asl #1]	@ zero_extendqisi2
 1032 059c 0030D5E5 		ldrb	r3, [r5, #0]	@ zero_extendqisi2
 1033 05a0 0020D4E5 		ldrb	r2, [r4, #0]	@ zero_extendqisi2
 1034 05a4 033081E0 		add	r3, r1, r3
 1035 05a8 FF3003E2 		and	r3, r3, #255
 1036 05ac 0030C5E5 		strb	r3, [r5, #0]
 1037 05b0 023083E0 		add	r3, r3, r2
 1038 05b4 0030C4E5 		strb	r3, [r4, #0]
 1039 05b8 50079FE5 		ldr	r0, .L103+44
 1040 05bc FEFFFFEB 		bl	uart_transmit
 1041 05c0 0110D6E5 		ldrb	r1, [r6, #1]	@ zero_extendqisi2
 1042 05c4 0030D5E5 		ldrb	r3, [r5, #0]	@ zero_extendqisi2
 1043 05c8 0020D4E5 		ldrb	r2, [r4, #0]	@ zero_extendqisi2
 1044 05cc 033081E0 		add	r3, r1, r3
 1045 05d0 FF3003E2 		and	r3, r3, #255
 1046 05d4 0030C5E5 		strb	r3, [r5, #0]
 1047 05d8 023083E0 		add	r3, r3, r2
 1048 05dc 0030C4E5 		strb	r3, [r4, #0]
 1049 05e0 28079FE5 		ldr	r0, .L103+44
 1050 05e4 017087E2 		add	r7, r7, #1
 1051 05e8 FEFFFFEB 		bl	uart_transmit
 1052 05ec 080057E3 		cmp	r7, #8
 1053 05f0 026086E2 		add	r6, r6, #2
 1054 05f4 E7FFFF1A 		bne	.L81
 1055              	.L101:
 1056 05f8 1C379FE5 		ldr	r3, .L103+56
 1057 05fc 0C079FE5 		ldr	r0, .L103+44
 1058 0600 0010D3E5 		ldrb	r1, [r3, #0]	@ zero_extendqisi2
 1059 0604 FEFFFFEB 		bl	uart_transmit
 1060 0608 10379FE5 		ldr	r3, .L103+60
 1061 060c FC069FE5 		ldr	r0, .L103+44
 1062 0610 0010D3E5 		ldrb	r1, [r3, #0]	@ zero_extendqisi2
 1063 0614 FEFFFFEB 		bl	uart_transmit
 1064 0618 030000EA 		b	.L72
 1065              	.L80:
 1066 061c 04379FE5 		ldr	r3, .L103+68
 1067 0620 0020D3E5 		ldrb	r2, [r3, #0]	@ zero_extendqisi2
 1068 0624 012082E2 		add	r2, r2, #1
 1069 0628 0020C3E5 		strb	r2, [r3, #0]
 1070              	.L72:
 1071 062c D0369FE5 		ldr	r3, .L103+32
 1072 0630 0030D3E5 		ldrb	r3, [r3, #0]	@ zero_extendqisi2
 1073 0634 010053E3 		cmp	r3, #1
 1074 0638 A701001A 		bne	.L63
 1075 063c EC369FE5 		ldr	r3, .L103+76
 1076 0640 0020D3E5 		ldrb	r2, [r3, #0]	@ zero_extendqisi2
 1077 0644 012082E2 		add	r2, r2, #1
 1078 0648 FF2002E2 		and	r2, r2, #255
 1079 064c 1D0052E3 		cmp	r2, #29
 1080 0650 0020C3E5 		strb	r2, [r3, #0]
 1081 0654 0020A083 		movhi	r2, #0
 1082 0658 0020C385 		strhib	r2, [r3, #0]
 1083 065c D0369FE5 		ldr	r3, .L103+80
 1084 0660 0020D3E5 		ldrb	r2, [r3, #0]	@ zero_extendqisi2
 1085 0664 012082E2 		add	r2, r2, #1
 1086 0668 FF2002E2 		and	r2, r2, #255
 1087 066c 3B0052E3 		cmp	r2, #59
 1088 0670 0020C3E5 		strb	r2, [r3, #0]
 1089 0674 0020A083 		movhi	r2, #0
 1090 0678 0020C385 		strhib	r2, [r3, #0]
 1091 067c B4369FE5 		ldr	r3, .L103+84
 1092 0680 B020D3E1 		ldrh	r2, [r3, #0]
 1093 0684 012082E2 		add	r2, r2, #1
 1094 0688 0228A0E1 		mov	r2, r2, asl #16
 1095 068c 2228A0E1 		mov	r2, r2, lsr #16
 1096 0690 4B0F52E3 		cmp	r2, #300
 1097 0694 B020C3E1 		strh	r2, [r3, #0]	@ movhi
 1098 0698 0020A023 		movcs	r2, #0
 1099 069c B020C321 		strcsh	r2, [r3, #0]	@ movhi
 1100 06a0 88369FE5 		ldr	r3, .L103+76
 1101 06a4 0030D3E5 		ldrb	r3, [r3, #0]	@ zero_extendqisi2
 1102 06a8 000053E3 		cmp	r3, #0
 1103 06ac A700000A 		beq	.L86
 1104 06b0 060053E3 		cmp	r3, #6
 1105 06b4 4B00001A 		bne	.L87
 1106 06b8 50069FE5 		ldr	r0, .L103+44
 1107 06bc 1110A0E3 		mov	r1, #17
 1108 06c0 FEFFFFEB 		bl	uart_check_free_space
 1109 06c4 000050E3 		cmp	r0, #0
 1110 06c8 9C00000A 		beq	.L90
 1111 06cc 40369FE5 		ldr	r3, .L103+48
 1112 06d0 B020D3E1 		ldrh	r2, [r3, #0]
 1113 06d4 112082E2 		add	r2, r2, #17
 1114 06d8 B020C3E1 		strh	r2, [r3, #0]	@ movhi
 1115 06dc 34369FE5 		ldr	r3, .L103+52
 1116 06e0 B020D3E1 		ldrh	r2, [r3, #0]
 1117 06e4 012082E2 		add	r2, r2, #1
 1118 06e8 B020C3E1 		strh	r2, [r3, #0]	@ movhi
 1119 06ec 1C069FE5 		ldr	r0, .L103+44
 1120 06f0 9910A0E3 		mov	r1, #153
 1121 06f4 FEFFFFEB 		bl	uart_transmit
 1122 06f8 1C569FE5 		ldr	r5, .L103+56
 1123 06fc 0C069FE5 		ldr	r0, .L103+44
 1124 0700 1110A0E3 		mov	r1, #17
 1125 0704 FEFFFFEB 		bl	uart_transmit
 1126 0708 10469FE5 		ldr	r4, .L103+60
 1127 070c 1230A0E3 		mov	r3, #18
 1128 0710 0030C5E5 		strb	r3, [r5, #0]
 1129 0714 2330A0E3 		mov	r3, #35
 1130 0718 0030C4E5 		strb	r3, [r4, #0]
 1131 071c EC059FE5 		ldr	r0, .L103+44
 1132 0720 0110A0E3 		mov	r1, #1
 1133 0724 FEFFFFEB 		bl	uart_transmit
 1134 0728 0030D5E5 		ldrb	r3, [r5, #0]	@ zero_extendqisi2
 1135 072c 0020D4E5 		ldrb	r2, [r4, #0]	@ zero_extendqisi2
 1136 0730 653083E2 		add	r3, r3, #101
 1137 0734 FF3003E2 		and	r3, r3, #255
 1138 0738 0030C5E5 		strb	r3, [r5, #0]
 1139 073c 023083E0 		add	r3, r3, r2
 1140 0740 0030C4E5 		strb	r3, [r4, #0]
 1141 0744 C4059FE5 		ldr	r0, .L103+44
 1142 0748 6510A0E3 		mov	r1, #101
 1143 074c FEFFFFEB 		bl	uart_transmit
 1144 0750 0030D5E5 		ldrb	r3, [r5, #0]	@ zero_extendqisi2
 1145 0754 0020D4E5 		ldrb	r2, [r4, #0]	@ zero_extendqisi2
 1146 0758 053083E2 		add	r3, r3, #5
 1147 075c FF3003E2 		and	r3, r3, #255
 1148 0760 0030C5E5 		strb	r3, [r5, #0]
 1149 0764 023083E0 		add	r3, r3, r2
 1150 0768 0030C4E5 		strb	r3, [r4, #0]
 1151 076c 9C059FE5 		ldr	r0, .L103+44
 1152 0770 0510A0E3 		mov	r1, #5
 1153 0774 FEFFFFEB 		bl	uart_transmit
 1154 0778 68659FE5 		ldr	r6, .L103+4
 1155 077c 0070A0E3 		mov	r7, #0
 1156 0780 068086E2 		add	r8, r6, #6
 1157              	.L89:
 1158 0784 8710D8E7 		ldrb	r1, [r8, r7, asl #1]	@ zero_extendqisi2
 1159 0788 0030D5E5 		ldrb	r3, [r5, #0]	@ zero_extendqisi2
 1160 078c 0020D4E5 		ldrb	r2, [r4, #0]	@ zero_extendqisi2
 1161 0790 033081E0 		add	r3, r1, r3
 1162 0794 FF3003E2 		and	r3, r3, #255
 1163 0798 0030C5E5 		strb	r3, [r5, #0]
 1164 079c 023083E0 		add	r3, r3, r2
 1165 07a0 0030C4E5 		strb	r3, [r4, #0]
 1166 07a4 64059FE5 		ldr	r0, .L103+44
 1167 07a8 FEFFFFEB 		bl	uart_transmit
 1168 07ac 0710D6E5 		ldrb	r1, [r6, #7]	@ zero_extendqisi2
 1169 07b0 0030D5E5 		ldrb	r3, [r5, #0]	@ zero_extendqisi2
 1170 07b4 0020D4E5 		ldrb	r2, [r4, #0]	@ zero_extendqisi2
 1171 07b8 033081E0 		add	r3, r1, r3
 1172 07bc FF3003E2 		and	r3, r3, #255
 1173 07c0 0030C5E5 		strb	r3, [r5, #0]
 1174 07c4 023083E0 		add	r3, r3, r2
 1175 07c8 0030C4E5 		strb	r3, [r4, #0]
 1176 07cc 3C059FE5 		ldr	r0, .L103+44
 1177 07d0 017087E2 		add	r7, r7, #1
 1178 07d4 FEFFFFEB 		bl	uart_transmit
 1179 07d8 050057E3 		cmp	r7, #5
 1180 07dc 026086E2 		add	r6, r6, #2
 1181 07e0 E7FFFF1A 		bne	.L89
 1182 07e4 4C0000EA 		b	.L102
 1183              	.L87:
 1184 07e8 0C0053E3 		cmp	r3, #12
 1185 07ec 5700001A 		bne	.L86
 1186 07f0 18059FE5 		ldr	r0, .L103+44
 1187 07f4 1110A0E3 		mov	r1, #17
 1188 07f8 FEFFFFEB 		bl	uart_check_free_space
 1189 07fc 000050E3 		cmp	r0, #0
 1190 0800 4E00000A 		beq	.L90
 1191 0804 08359FE5 		ldr	r3, .L103+48
 1192 0808 B020D3E1 		ldrh	r2, [r3, #0]
 1193 080c 112082E2 		add	r2, r2, #17
 1194 0810 B020C3E1 		strh	r2, [r3, #0]	@ movhi
 1195 0814 FC349FE5 		ldr	r3, .L103+52
 1196 0818 B020D3E1 		ldrh	r2, [r3, #0]
 1197 081c 012082E2 		add	r2, r2, #1
 1198 0820 B020C3E1 		strh	r2, [r3, #0]	@ movhi
 1199 0824 E4049FE5 		ldr	r0, .L103+44
 1200 0828 9910A0E3 		mov	r1, #153
 1201 082c FEFFFFEB 		bl	uart_transmit
 1202 0830 E4549FE5 		ldr	r5, .L103+56
 1203 0834 D4049FE5 		ldr	r0, .L103+44
 1204 0838 1110A0E3 		mov	r1, #17
 1205 083c FEFFFFEB 		bl	uart_transmit
 1206 0840 D8449FE5 		ldr	r4, .L103+60
 1207 0844 1230A0E3 		mov	r3, #18
 1208 0848 0030C5E5 		strb	r3, [r5, #0]
 1209 084c 2330A0E3 		mov	r3, #35
 1210 0850 0030C4E5 		strb	r3, [r4, #0]
 1211 0854 B4049FE5 		ldr	r0, .L103+44
 1212 0858 0110A0E3 		mov	r1, #1
 1213 085c FEFFFFEB 		bl	uart_transmit
 1214 0860 0030D5E5 		ldrb	r3, [r5, #0]	@ zero_extendqisi2
 1215 0864 0020D4E5 		ldrb	r2, [r4, #0]	@ zero_extendqisi2
 1216 0868 663083E2 		add	r3, r3, #102
 1217 086c FF3003E2 		and	r3, r3, #255
 1218 0870 0030C5E5 		strb	r3, [r5, #0]
 1219 0874 023083E0 		add	r3, r3, r2
 1220 0878 0030C4E5 		strb	r3, [r4, #0]
 1221 087c 8C049FE5 		ldr	r0, .L103+44
 1222 0880 6610A0E3 		mov	r1, #102
 1223 0884 FEFFFFEB 		bl	uart_transmit
 1224 0888 0030D5E5 		ldrb	r3, [r5, #0]	@ zero_extendqisi2
 1225 088c 0020D4E5 		ldrb	r2, [r4, #0]	@ zero_extendqisi2
 1226 0890 053083E2 		add	r3, r3, #5
 1227 0894 FF3003E2 		and	r3, r3, #255
 1228 0898 0030C5E5 		strb	r3, [r5, #0]
 1229 089c 023083E0 		add	r3, r3, r2
 1230 08a0 0030C4E5 		strb	r3, [r4, #0]
 1231 08a4 64049FE5 		ldr	r0, .L103+44
 1232 08a8 0510A0E3 		mov	r1, #5
 1233 08ac FEFFFFEB 		bl	uart_transmit
 1234 08b0 44649FE5 		ldr	r6, .L103+24
 1235 08b4 0070A0E3 		mov	r7, #0
 1236 08b8 0680A0E1 		mov	r8, r6
 1237              	.L91:
 1238 08bc 8710D8E7 		ldrb	r1, [r8, r7, asl #1]	@ zero_extendqisi2
 1239 08c0 0030D5E5 		ldrb	r3, [r5, #0]	@ zero_extendqisi2
 1240 08c4 0020D4E5 		ldrb	r2, [r4, #0]	@ zero_extendqisi2
 1241 08c8 033081E0 		add	r3, r1, r3
 1242 08cc FF3003E2 		and	r3, r3, #255
 1243 08d0 0030C5E5 		strb	r3, [r5, #0]
 1244 08d4 023083E0 		add	r3, r3, r2
 1245 08d8 0030C4E5 		strb	r3, [r4, #0]
 1246 08dc 2C049FE5 		ldr	r0, .L103+44
 1247 08e0 FEFFFFEB 		bl	uart_transmit
 1248 08e4 0110D6E5 		ldrb	r1, [r6, #1]	@ zero_extendqisi2
 1249 08e8 0030D5E5 		ldrb	r3, [r5, #0]	@ zero_extendqisi2
 1250 08ec 0020D4E5 		ldrb	r2, [r4, #0]	@ zero_extendqisi2
 1251 08f0 033081E0 		add	r3, r1, r3
 1252 08f4 FF3003E2 		and	r3, r3, #255
 1253 08f8 0030C5E5 		strb	r3, [r5, #0]
 1254 08fc 023083E0 		add	r3, r3, r2
 1255 0900 0030C4E5 		strb	r3, [r4, #0]
 1256 0904 04049FE5 		ldr	r0, .L103+44
 1257 0908 017087E2 		add	r7, r7, #1
 1258 090c FEFFFFEB 		bl	uart_transmit
 1259 0910 050057E3 		cmp	r7, #5
 1260 0914 026086E2 		add	r6, r6, #2
 1261 0918 E7FFFF1A 		bne	.L91
 1262              	.L102:
 1263 091c F8339FE5 		ldr	r3, .L103+56
 1264 0920 E8039FE5 		ldr	r0, .L103+44
 1265 0924 0010D3E5 		ldrb	r1, [r3, #0]	@ zero_extendqisi2
 1266 0928 FEFFFFEB 		bl	uart_transmit
 1267 092c EC339FE5 		ldr	r3, .L103+60
 1268 0930 D8039FE5 		ldr	r0, .L103+44
 1269 0934 0010D3E5 		ldrb	r1, [r3, #0]	@ zero_extendqisi2
 1270 0938 FEFFFFEB 		bl	uart_transmit
 1271 093c 030000EA 		b	.L86
 1272              	.L90:
 1273 0940 E0339FE5 		ldr	r3, .L103+68
 1274 0944 0020D3E5 		ldrb	r2, [r3, #0]	@ zero_extendqisi2
 1275 0948 012082E2 		add	r2, r2, #1
 1276 094c 0020C3E5 		strb	r2, [r3, #0]
 1277              	.L86:
 1278 0950 DC339FE5 		ldr	r3, .L103+80
 1279 0954 0030D3E5 		ldrb	r3, [r3, #0]	@ zero_extendqisi2
 1280 0958 120053E3 		cmp	r3, #18
 1281 095c 8300001A 		bne	.L92
 1282 0960 A8039FE5 		ldr	r0, .L103+44
 1283 0964 0E10A0E3 		mov	r1, #14
 1284 0968 FEFFFFEB 		bl	uart_check_free_space
 1285 096c 000050E3 		cmp	r0, #0
 1286 0970 7A00000A 		beq	.L93
 1287 0974 98339FE5 		ldr	r3, .L103+48
 1288 0978 B020D3E1 		ldrh	r2, [r3, #0]
 1289 097c 0E2082E2 		add	r2, r2, #14
 1290 0980 B020C3E1 		strh	r2, [r3, #0]	@ movhi
 1291 0984 8C339FE5 		ldr	r3, .L103+52
 1292 0988 B020D3E1 		ldrh	r2, [r3, #0]
 1293 098c 012082E2 		add	r2, r2, #1
 1294 0990 B020C3E1 		strh	r2, [r3, #0]	@ movhi
 1295 0994 74039FE5 		ldr	r0, .L103+44
 1296 0998 9910A0E3 		mov	r1, #153
 1297 099c 78539FE5 		ldr	r5, .L103+56
 1298 09a0 FEFFFFEB 		bl	uart_transmit
 1299 09a4 64039FE5 		ldr	r0, .L103+44
 1300 09a8 0E10A0E3 		mov	r1, #14
 1301 09ac 6C439FE5 		ldr	r4, .L103+60
 1302 09b0 FEFFFFEB 		bl	uart_transmit
 1303 09b4 0F30A0E3 		mov	r3, #15
 1304 09b8 0030C5E5 		strb	r3, [r5, #0]
 1305 09bc 1D30A0E3 		mov	r3, #29
 1306 09c0 0030C4E5 		strb	r3, [r4, #0]
 1307 09c4 44039FE5 		ldr	r0, .L103+44
 1308 09c8 0110A0E3 		mov	r1, #1
 1309 09cc FEFFFFEB 		bl	uart_transmit
 1310 09d0 0030D5E5 		ldrb	r3, [r5, #0]	@ zero_extendqisi2
 1311 09d4 0020D4E5 		ldrb	r2, [r4, #0]	@ zero_extendqisi2
 1312 09d8 673083E2 		add	r3, r3, #103
 1313 09dc FF3003E2 		and	r3, r3, #255
 1314 09e0 0030C5E5 		strb	r3, [r5, #0]
 1315 09e4 FC629FE5 		ldr	r6, .L103+4
 1316 09e8 023083E0 		add	r3, r3, r2
 1317 09ec 0030C4E5 		strb	r3, [r4, #0]
 1318 09f0 18039FE5 		ldr	r0, .L103+44
 1319 09f4 6710A0E3 		mov	r1, #103
 1320 09f8 FEFFFFEB 		bl	uart_transmit
 1321 09fc 0010D6E5 		ldrb	r1, [r6, #0]	@ zero_extendqisi2
 1322 0a00 0030D5E5 		ldrb	r3, [r5, #0]	@ zero_extendqisi2
 1323 0a04 0020D4E5 		ldrb	r2, [r4, #0]	@ zero_extendqisi2
 1324 0a08 033081E0 		add	r3, r1, r3
 1325 0a0c FF3003E2 		and	r3, r3, #255
 1326 0a10 0030C5E5 		strb	r3, [r5, #0]
 1327 0a14 023083E0 		add	r3, r3, r2
 1328 0a18 0030C4E5 		strb	r3, [r4, #0]
 1329 0a1c EC029FE5 		ldr	r0, .L103+44
 1330 0a20 FEFFFFEB 		bl	uart_transmit
 1331 0a24 0310D6E5 		ldrb	r1, [r6, #3]	@ zero_extendqisi2
 1332 0a28 0030D5E5 		ldrb	r3, [r5, #0]	@ zero_extendqisi2
 1333 0a2c 0020D4E5 		ldrb	r2, [r4, #0]	@ zero_extendqisi2
 1334 0a30 033081E0 		add	r3, r1, r3
 1335 0a34 FF3003E2 		and	r3, r3, #255
 1336 0a38 0030C5E5 		strb	r3, [r5, #0]
 1337 0a3c 023083E0 		add	r3, r3, r2
 1338 0a40 0030C4E5 		strb	r3, [r4, #0]
 1339 0a44 C4029FE5 		ldr	r0, .L103+44
 1340 0a48 FEFFFFEB 		bl	uart_transmit
 1341 0a4c 98329FE5 		ldr	r3, .L103+8
 1342 0a50 0010D3E5 		ldrb	r1, [r3, #0]	@ zero_extendqisi2
 1343 0a54 0030D5E5 		ldrb	r3, [r5, #0]	@ zero_extendqisi2
 1344 0a58 0020D4E5 		ldrb	r2, [r4, #0]	@ zero_extendqisi2
 1345 0a5c 033081E0 		add	r3, r1, r3
 1346 0a60 FF3003E2 		and	r3, r3, #255
 1347 0a64 B8629FE5 		ldr	r6, .L103+64
 1348 0a68 0030C5E5 		strb	r3, [r5, #0]
 1349 0a6c 023083E0 		add	r3, r3, r2
 1350 0a70 0030C4E5 		strb	r3, [r4, #0]
 1351 0a74 94029FE5 		ldr	r0, .L103+44
 1352 0a78 FEFFFFEB 		bl	uart_transmit
 1353 0a7c 0010D6E5 		ldrb	r1, [r6, #0]	@ zero_extendqisi2
 1354 0a80 0030D5E5 		ldrb	r3, [r5, #0]	@ zero_extendqisi2
 1355 0a84 0020D4E5 		ldrb	r2, [r4, #0]	@ zero_extendqisi2
 1356 0a88 033081E0 		add	r3, r1, r3
 1357 0a8c FF3003E2 		and	r3, r3, #255
 1358 0a90 0030C5E5 		strb	r3, [r5, #0]
 1359 0a94 023083E0 		add	r3, r3, r2
 1360 0a98 0030C4E5 		strb	r3, [r4, #0]
 1361 0a9c 6C029FE5 		ldr	r0, .L103+44
 1362 0aa0 FEFFFFEB 		bl	uart_transmit
 1363 0aa4 0410D6E5 		ldrb	r1, [r6, #4]	@ zero_extendqisi2
 1364 0aa8 0030D5E5 		ldrb	r3, [r5, #0]	@ zero_extendqisi2
 1365 0aac 0020D4E5 		ldrb	r2, [r4, #0]	@ zero_extendqisi2
 1366 0ab0 033081E0 		add	r3, r1, r3
 1367 0ab4 FF3003E2 		and	r3, r3, #255
 1368 0ab8 0030C5E5 		strb	r3, [r5, #0]
 1369 0abc 023083E0 		add	r3, r3, r2
 1370 0ac0 0030C4E5 		strb	r3, [r4, #0]
 1371 0ac4 44029FE5 		ldr	r0, .L103+44
 1372 0ac8 FEFFFFEB 		bl	uart_transmit
 1373 0acc 0510D6E5 		ldrb	r1, [r6, #5]	@ zero_extendqisi2
 1374 0ad0 0030D5E5 		ldrb	r3, [r5, #0]	@ zero_extendqisi2
 1375 0ad4 0020D4E5 		ldrb	r2, [r4, #0]	@ zero_extendqisi2
 1376 0ad8 033081E0 		add	r3, r1, r3
 1377 0adc FF3003E2 		and	r3, r3, #255
 1378 0ae0 0030C5E5 		strb	r3, [r5, #0]
 1379 0ae4 023083E0 		add	r3, r3, r2
 1380 0ae8 0030C4E5 		strb	r3, [r4, #0]
 1381 0aec 1C029FE5 		ldr	r0, .L103+44
 1382 0af0 FEFFFFEB 		bl	uart_transmit
 1383 0af4 0610D6E5 		ldrb	r1, [r6, #6]	@ zero_extendqisi2
 1384 0af8 0030D5E5 		ldrb	r3, [r5, #0]	@ zero_extendqisi2
 1385 0afc 0020D4E5 		ldrb	r2, [r4, #0]	@ zero_extendqisi2
 1386 0b00 033081E0 		add	r3, r1, r3
 1387 0b04 FF3003E2 		and	r3, r3, #255
 1388 0b08 0030C5E5 		strb	r3, [r5, #0]
 1389 0b0c 023083E0 		add	r3, r3, r2
 1390 0b10 0030C4E5 		strb	r3, [r4, #0]
 1391 0b14 F4019FE5 		ldr	r0, .L103+44
 1392 0b18 FEFFFFEB 		bl	uart_transmit
 1393 0b1c 0710D6E5 		ldrb	r1, [r6, #7]	@ zero_extendqisi2
 1394 0b20 0030D5E5 		ldrb	r3, [r5, #0]	@ zero_extendqisi2
 1395 0b24 0020D4E5 		ldrb	r2, [r4, #0]	@ zero_extendqisi2
 1396 0b28 033081E0 		add	r3, r1, r3
 1397 0b2c FF3003E2 		and	r3, r3, #255
 1398 0b30 0030C5E5 		strb	r3, [r5, #0]
 1399 0b34 023083E0 		add	r3, r3, r2
 1400 0b38 0030C4E5 		strb	r3, [r4, #0]
 1401 0b3c CC019FE5 		ldr	r0, .L103+44
 1402 0b40 FEFFFFEB 		bl	uart_transmit
 1403 0b44 0010D5E5 		ldrb	r1, [r5, #0]	@ zero_extendqisi2
 1404 0b48 C0019FE5 		ldr	r0, .L103+44
 1405 0b4c FEFFFFEB 		bl	uart_transmit
 1406 0b50 B8019FE5 		ldr	r0, .L103+44
 1407 0b54 0010D4E5 		ldrb	r1, [r4, #0]	@ zero_extendqisi2
 1408 0b58 FEFFFFEB 		bl	uart_transmit
 1409 0b5c 030000EA 		b	.L92
 1410              	.L93:
 1411 0b60 C0319FE5 		ldr	r3, .L103+68
 1412 0b64 0020D3E5 		ldrb	r2, [r3, #0]	@ zero_extendqisi2
 1413 0b68 012082E2 		add	r2, r2, #1
 1414 0b6c 0020C3E5 		strb	r2, [r3, #0]
 1415              	.L92:
 1416 0b70 C0319FE5 		ldr	r3, .L103+84
 1417 0b74 B040D3E1 		ldrh	r4, [r3, #0]
 1418 0b78 180054E3 		cmp	r4, #24
 1419 0b7c 5600001A 		bne	.L63
 1420 0b80 88019FE5 		ldr	r0, .L103+44
 1421 0b84 1710A0E3 		mov	r1, #23
 1422 0b88 FEFFFFEB 		bl	uart_check_free_space
 1423 0b8c 000050E3 		cmp	r0, #0
 1424 0b90 4D00000A 		beq	.L94
 1425 0b94 78319FE5 		ldr	r3, .L103+48
 1426 0b98 B020D3E1 		ldrh	r2, [r3, #0]
 1427 0b9c 172082E2 		add	r2, r2, #23
 1428 0ba0 B020C3E1 		strh	r2, [r3, #0]	@ movhi
 1429 0ba4 6C319FE5 		ldr	r3, .L103+52
 1430 0ba8 B020D3E1 		ldrh	r2, [r3, #0]
 1431 0bac 012082E2 		add	r2, r2, #1
 1432 0bb0 B020C3E1 		strh	r2, [r3, #0]	@ movhi
 1433 0bb4 60519FE5 		ldr	r5, .L103+56
 1434 0bb8 50019FE5 		ldr	r0, .L103+44
 1435 0bbc 9910A0E3 		mov	r1, #153
 1436 0bc0 FEFFFFEB 		bl	uart_transmit
 1437 0bc4 44019FE5 		ldr	r0, .L103+44
 1438 0bc8 1710A0E3 		mov	r1, #23
 1439 0bcc FEFFFFEB 		bl	uart_transmit
 1440 0bd0 0040C5E5 		strb	r4, [r5, #0]
 1441 0bd4 44419FE5 		ldr	r4, .L103+60
 1442 0bd8 2F30A0E3 		mov	r3, #47
 1443 0bdc 0030C4E5 		strb	r3, [r4, #0]
 1444 0be0 28019FE5 		ldr	r0, .L103+44
 1445 0be4 0110A0E3 		mov	r1, #1
 1446 0be8 FEFFFFEB 		bl	uart_transmit
 1447 0bec 0030D5E5 		ldrb	r3, [r5, #0]	@ zero_extendqisi2
 1448 0bf0 0020D4E5 		ldrb	r2, [r4, #0]	@ zero_extendqisi2
 1449 0bf4 693083E2 		add	r3, r3, #105
 1450 0bf8 FF3003E2 		and	r3, r3, #255
 1451 0bfc 0030C5E5 		strb	r3, [r5, #0]
 1452 0c00 023083E0 		add	r3, r3, r2
 1453 0c04 0030C4E5 		strb	r3, [r4, #0]
 1454 0c08 00019FE5 		ldr	r0, .L103+44
 1455 0c0c 6910A0E3 		mov	r1, #105
 1456 0c10 FEFFFFEB 		bl	uart_transmit
 1457 0c14 0030D5E5 		ldrb	r3, [r5, #0]	@ zero_extendqisi2
 1458 0c18 0020D4E5 		ldrb	r2, [r4, #0]	@ zero_extendqisi2
 1459 0c1c 083083E2 		add	r3, r3, #8
 1460 0c20 FF3003E2 		and	r3, r3, #255
 1461 0c24 0030C5E5 		strb	r3, [r5, #0]
 1462 0c28 023083E0 		add	r3, r3, r2
 1463 0c2c 0030C4E5 		strb	r3, [r4, #0]
 1464 0c30 D8009FE5 		ldr	r0, .L103+44
 1465 0c34 0810A0E3 		mov	r1, #8
 1466 0c38 FEFFFFEB 		bl	uart_transmit
 1467 0c3c E8609FE5 		ldr	r6, .L103+72
 1468 0c40 0070A0E3 		mov	r7, #0
 1469 0c44 0680A0E1 		mov	r8, r6
 1470              	.L95:
 1471 0c48 8710D8E7 		ldrb	r1, [r8, r7, asl #1]	@ zero_extendqisi2
 1472 0c4c 0030D5E5 		ldrb	r3, [r5, #0]	@ zero_extendqisi2
 1473 0c50 0020D4E5 		ldrb	r2, [r4, #0]	@ zero_extendqisi2
 1474 0c54 033081E0 		add	r3, r1, r3
 1475 0c58 FF3003E2 		and	r3, r3, #255
 1476 0c5c 0030C5E5 		strb	r3, [r5, #0]
 1477 0c60 023083E0 		add	r3, r3, r2
 1478 0c64 0030C4E5 		strb	r3, [r4, #0]
 1479 0c68 A0009FE5 		ldr	r0, .L103+44
 1480 0c6c FEFFFFEB 		bl	uart_transmit
 1481 0c70 0110D6E5 		ldrb	r1, [r6, #1]	@ zero_extendqisi2
 1482 0c74 0030D5E5 		ldrb	r3, [r5, #0]	@ zero_extendqisi2
 1483 0c78 0020D4E5 		ldrb	r2, [r4, #0]	@ zero_extendqisi2
 1484 0c7c 033081E0 		add	r3, r1, r3
 1485 0c80 FF3003E2 		and	r3, r3, #255
 1486 0c84 0030C5E5 		strb	r3, [r5, #0]
 1487 0c88 023083E0 		add	r3, r3, r2
 1488 0c8c 0030C4E5 		strb	r3, [r4, #0]
 1489 0c90 78009FE5 		ldr	r0, .L103+44
 1490 0c94 017087E2 		add	r7, r7, #1
 1491 0c98 FEFFFFEB 		bl	uart_transmit
 1492 0c9c 080057E3 		cmp	r7, #8
 1493 0ca0 026086E2 		add	r6, r6, #2
 1494 0ca4 E7FFFF1A 		bne	.L95
 1495 0ca8 6C309FE5 		ldr	r3, .L103+56
 1496 0cac 5C009FE5 		ldr	r0, .L103+44
 1497 0cb0 0010D3E5 		ldrb	r1, [r3, #0]	@ zero_extendqisi2
 1498 0cb4 FEFFFFEB 		bl	uart_transmit
 1499 0cb8 60309FE5 		ldr	r3, .L103+60
 1500 0cbc 4C009FE5 		ldr	r0, .L103+44
 1501 0cc0 0010D3E5 		ldrb	r1, [r3, #0]	@ zero_extendqisi2
 1502 0cc4 FEFFFFEB 		bl	uart_transmit
 1503 0cc8 030000EA 		b	.L63
 1504              	.L94:
 1505 0ccc 54309FE5 		ldr	r3, .L103+68
 1506 0cd0 0020D3E5 		ldrb	r2, [r3, #0]	@ zero_extendqisi2
 1507 0cd4 012082E2 		add	r2, r2, #1
 1508 0cd8 0020C3E5 		strb	r2, [r3, #0]
 1509              	.L63:
 1510 0cdc F041BDE8 		ldmfd	sp!, {r4, r5, r6, r7, r8, lr}
 1511 0ce0 1EFF2FE1 		bx	lr
 1512              	.L104:
 1513              		.align	2
 1514              	.L103:
 1515 0ce4 00000000 		.word	.LANCHOR1
 1516 0ce8 00000000 		.word	radio_control
 1517 0cec 00000000 		.word	fbw_mode
 1518 0cf0 00000000 		.word	time_since_last_ap
 1519 0cf4 00000000 		.word	ap_ok
 1520 0cf8 00000000 		.word	commands_failsafe
 1521 0cfc 00000000 		.word	commands
 1522 0d00 00000000 		.word	.LANCHOR0
 1523 0d04 00000000 		.word	telemetry_mode_Fbw
 1524 0d08 00000000 		.word	.LANCHOR2
 1525 0d0c 00000000 		.word	.LANCHOR3
 1526 0d10 00000000 		.word	uart1
 1527 0d14 00000000 		.word	downlink_nb_bytes
 1528 0d18 00000000 		.word	downlink_nb_msgs
 1529 0d1c 00000000 		.word	ck_a
 1530 0d20 00000000 		.word	ck_b
 1531 0d24 00000000 		.word	electrical
 1532 0d28 00000000 		.word	downlink_nb_ovrn
 1533 0d2c 00000000 		.word	actuators
 1534 0d30 00000000 		.word	.LANCHOR4
 1535 0d34 00000000 		.word	.LANCHOR5
 1536 0d38 00000000 		.word	.LANCHOR6
 1538              		.section	.text.handle_periodic_tasks_fbw,"ax",%progbits
 1539              		.align	2
 1540              		.global	handle_periodic_tasks_fbw
 1542              	handle_periodic_tasks_fbw:
 1543              		@ Function supports interworking.
 1544              		@ args = 0, pretend = 0, frame = 0
 1545              		@ frame_needed = 0, uses_anonymous_args = 0
 1546 0000 10402DE9 		stmfd	sp!, {r4, lr}
 1547 0004 58309FE5 		ldr	r3, .L108
 1548 0008 0020D3E5 		ldrb	r2, [r3, #0]	@ zero_extendqisi2
 1549 000c 54309FE5 		ldr	r3, .L108+4
 1550 0010 1410A0E3 		mov	r1, #20
 1551 0014 913222E0 		mla	r2, r1, r2, r3
 1552 0018 1410D2E5 		ldrb	r1, [r2, #20]	@ zero_extendqisi2
 1553 001c 000051E3 		cmp	r1, #0
 1554 0020 102082E2 		add	r2, r2, #16
 1555 0024 0340A0E1 		mov	r4, r3
 1556 0028 0030A013 		movne	r3, #0
 1557 002c 0430C215 		strneb	r3, [r2, #4]
 1558 0030 FEFFFF1B 		blne	periodic_task_fbw
 1559              	.L106:
 1560 0034 30309FE5 		ldr	r3, .L108+8
 1561 0038 0030D3E5 		ldrb	r3, [r3, #0]	@ zero_extendqisi2
 1562 003c 1420A0E3 		mov	r2, #20
 1563 0040 924323E0 		mla	r3, r2, r3, r4
 1564 0044 1420D3E5 		ldrb	r2, [r3, #20]	@ zero_extendqisi2
 1565 0048 000052E3 		cmp	r2, #0
 1566 004c 103083E2 		add	r3, r3, #16
 1567 0050 0020A013 		movne	r2, #0
 1568 0054 0420C315 		strneb	r2, [r3, #4]
 1569 0058 FEFFFF1B 		blne	electrical_periodic
 1570              	.L105:
 1571 005c 1040BDE8 		ldmfd	sp!, {r4, lr}
 1572 0060 1EFF2FE1 		bx	lr
 1573              	.L109:
 1574              		.align	2
 1575              	.L108:
 1576 0064 00000000 		.word	fbw_periodic_tid
 1577 0068 00000000 		.word	sys_time
 1578 006c 00000000 		.word	electrical_tid
 1580              		.comm	electrical_tid,1,1
 1581              		.comm	fbw_periodic_tid,1,1
 1582              		.global	fbw_new_actuators
 1583              		.comm	fbw_mode,1,1
 1584              		.section	.bss.i300.2997,"aw",%nobits
 1585              		.align	1
 1586              		.set	.LANCHOR6,. + 0
 1589              	i300.2997:
 1590 0000 0000     		.space	2
 1591              		.section	.bss.i120.2970,"aw",%nobits
 1592              		.set	.LANCHOR2,. + 0
 1595              	i120.2970:
 1596 0000 00       		.space	1
 1597              		.section	.bss.i60.2996,"aw",%nobits
 1598              		.set	.LANCHOR5,. + 0
 1601              	i60.2996:
 1602 0000 00       		.space	1
 1603              		.section	.bss.i30.2995,"aw",%nobits
 1604              		.set	.LANCHOR4,. + 0
 1607              	i30.2995:
 1608 0000 00       		.space	1
 1609              		.section	.bss.fbw_new_actuators,"aw",%nobits
 1610              		.set	.LANCHOR0,. + 0
 1613              	fbw_new_actuators:
 1614 0000 00       		.space	1
 1615              		.section	.bss.i300.2971,"aw",%nobits
 1616              		.align	1
 1617              		.set	.LANCHOR3,. + 0
 1620              	i300.2971:
 1621 0000 0000     		.space	2
 1622              		.section	.bss._1Hz.2784,"aw",%nobits
 1623              		.set	.LANCHOR1,. + 0
 1626              	_1Hz.2784:
 1627 0000 00       		.space	1
 1628              		.ident	"GCC: (Linaro GCC 4.6-2011.09-1) 4.6.2 20110908 (prerelease)"
DEFINED SYMBOLS
                            *ABS*:00000000 main_fbw.c
     /tmp/ccf7gNqR.s:13     .text.inter_mcu_fill_fbw_state:00000000 $a
     /tmp/ccf7gNqR.s:15     .text.inter_mcu_fill_fbw_state:00000000 inter_mcu_fill_fbw_state
     /tmp/ccf7gNqR.s:68     .text.inter_mcu_fill_fbw_state:000000b4 $d
                            *COM*:00000001 fbw_mode
     /tmp/ccf7gNqR.s:75     .text.init_fbw:00000000 $a
     /tmp/ccf7gNqR.s:78     .text.init_fbw:00000000 init_fbw
     /tmp/ccf7gNqR.s:140    .text.init_fbw:000000dc $d
                            *COM*:00000001 fbw_periodic_tid
                            *COM*:00000001 electrical_tid
     /tmp/ccf7gNqR.s:162    .text.event_task_fbw:00000000 $a
     /tmp/ccf7gNqR.s:165    .text.event_task_fbw:00000000 event_task_fbw
     /tmp/ccf7gNqR.s:623    .text.event_task_fbw:000006bc $d
     /tmp/ccf7gNqR.s:657    .text.periodic_task_fbw:00000000 $a
     /tmp/ccf7gNqR.s:660    .text.periodic_task_fbw:00000000 periodic_task_fbw
     /tmp/ccf7gNqR.s:1515   .text.periodic_task_fbw:00000ce4 $d
     /tmp/ccf7gNqR.s:1539   .text.handle_periodic_tasks_fbw:00000000 $a
     /tmp/ccf7gNqR.s:1542   .text.handle_periodic_tasks_fbw:00000000 handle_periodic_tasks_fbw
     /tmp/ccf7gNqR.s:1576   .text.handle_periodic_tasks_fbw:00000064 $d
     /tmp/ccf7gNqR.s:1613   .bss.fbw_new_actuators:00000000 fbw_new_actuators
     /tmp/ccf7gNqR.s:1585   .bss.i300.2997:00000000 $d
     /tmp/ccf7gNqR.s:1589   .bss.i300.2997:00000000 i300.2997
     /tmp/ccf7gNqR.s:1595   .bss.i120.2970:00000000 i120.2970
     /tmp/ccf7gNqR.s:1596   .bss.i120.2970:00000000 $d
     /tmp/ccf7gNqR.s:1601   .bss.i60.2996:00000000 i60.2996
     /tmp/ccf7gNqR.s:1602   .bss.i60.2996:00000000 $d
     /tmp/ccf7gNqR.s:1607   .bss.i30.2995:00000000 i30.2995
     /tmp/ccf7gNqR.s:1608   .bss.i30.2995:00000000 $d
     /tmp/ccf7gNqR.s:1614   .bss.fbw_new_actuators:00000000 $d
     /tmp/ccf7gNqR.s:1616   .bss.i300.2971:00000000 $d
     /tmp/ccf7gNqR.s:1620   .bss.i300.2971:00000000 i300.2971
     /tmp/ccf7gNqR.s:1626   .bss._1Hz.2784:00000000 _1Hz.2784
     /tmp/ccf7gNqR.s:1627   .bss._1Hz.2784:00000000 $d

UNDEFINED SYMBOLS
radio_control
fbw_state
electrical
inter_mcu_received_fbw
mcu_init
electrical_init
actuators_init
radio_control_impl_init
sys_time_register_timer
commands_failsafe
commands
ap_ok
__aeabi_i2f
__aeabi_f2d
__aeabi_dmul
__aeabi_d2f
__aeabi_f2iz
__aeabi_i2d
__aeabi_dadd
__aeabi_d2uiz
__aeabi_fcmpgt
i2c_event
rc_dl_frame_available
rc_dl_values
inter_mcu_received_ap
time_since_last_ap
ap_state
command_roll_trim
command_pitch_trim
actuators
servos_values
uart_check_free_space
uart_transmit
telemetry_mode_Fbw
uart1
downlink_nb_bytes
downlink_nb_msgs
ck_a
ck_b
downlink_nb_ovrn
electrical_periodic
sys_time
