   1              		.cpu arm7tdmi
   2              		.fpu softvfp
   3              		.eabi_attribute 20, 1
   4              		.eabi_attribute 21, 1
   5              		.eabi_attribute 23, 3
   6              		.eabi_attribute 24, 1
   7              		.eabi_attribute 25, 1
   8              		.eabi_attribute 26, 1
   9              		.eabi_attribute 30, 4
  10              		.eabi_attribute 18, 4
  11              		.file	"rc_datalink.c"
  12              		.section	.text.radio_control_impl_init,"ax",%progbits
  13              		.align	2
  14              		.global	radio_control_impl_init
  16              	radio_control_impl_init:
  17              		@ Function supports interworking.
  18              		@ args = 0, pretend = 0, frame = 0
  19              		@ frame_needed = 0, uses_anonymous_args = 0
  20              		@ link register save eliminated.
  21 0000 08309FE5 		ldr	r3, .L2
  22 0004 0020A0E3 		mov	r2, #0
  23 0008 0020C3E5 		strb	r2, [r3, #0]
  24 000c 1EFF2FE1 		bx	lr
  25              	.L3:
  26              		.align	2
  27              	.L2:
  28 0010 00000000 		.word	rc_dl_frame_available
  30              		.section	.text.parse_rc_3ch_datalink,"ax",%progbits
  31              		.align	2
  32              		.global	parse_rc_3ch_datalink
  34              	parse_rc_3ch_datalink:
  35              		@ Function supports interworking.
  36              		@ args = 0, pretend = 0, frame = 0
  37              		@ frame_needed = 0, uses_anonymous_args = 0
  38              		@ link register save eliminated.
  39 0000 30309FE5 		ldr	r3, .L5
  40 0004 0120C3E5 		strb	r2, [r3, #1]
  41 0008 2021A0E1 		mov	r2, r0, lsr #2
  42 000c 8220A0E1 		mov	r2, r2, asl #1
  43 0010 0320C3E5 		strb	r2, [r3, #3]
  44 0014 030000E2 		and	r0, r0, #3
  45 0018 0020A0E3 		mov	r2, #0
  46 001c 0010C3E5 		strb	r1, [r3, #0]
  47 0020 0220C3E5 		strb	r2, [r3, #2]
  48 0024 0400C3E5 		strb	r0, [r3, #4]
  49 0028 0C309FE5 		ldr	r3, .L5+4
  50 002c 0120A0E3 		mov	r2, #1
  51 0030 0020C3E5 		strb	r2, [r3, #0]
  52 0034 1EFF2FE1 		bx	lr
  53              	.L6:
  54              		.align	2
  55              	.L5:
  56 0038 00000000 		.word	rc_dl_values
  57 003c 00000000 		.word	rc_dl_frame_available
  59              		.section	.text.parse_rc_4ch_datalink,"ax",%progbits
  60              		.align	2
  61              		.global	parse_rc_4ch_datalink
  63              	parse_rc_4ch_datalink:
  64              		@ Function supports interworking.
  65              		@ args = 4, pretend = 0, frame = 0
  66              		@ frame_needed = 0, uses_anonymous_args = 0
  67              		@ link register save eliminated.
  68 0000 24C09FE5 		ldr	ip, .L8
  69 0004 0130CCE5 		strb	r3, [ip, #1]
  70 0008 D030DDE1 		ldrsb	r3, [sp, #0]
  71 000c 0230CCE5 		strb	r3, [ip, #2]
  72 0010 18309FE5 		ldr	r3, .L8+4
  73 0014 0020CCE5 		strb	r2, [ip, #0]
  74 0018 0120A0E3 		mov	r2, #1
  75 001c 0400CCE5 		strb	r0, [ip, #4]
  76 0020 0310CCE5 		strb	r1, [ip, #3]
  77 0024 0020C3E5 		strb	r2, [r3, #0]
  78 0028 1EFF2FE1 		bx	lr
  79              	.L9:
  80              		.align	2
  81              	.L8:
  82 002c 00000000 		.word	rc_dl_values
  83 0030 00000000 		.word	rc_dl_frame_available
  85              		.comm	rc_dl_frame_available,1,1
  86              		.comm	rc_dl_values,5,1
  87              		.ident	"GCC: (Linaro GCC 4.6-2011.09-1) 4.6.2 20110908 (prerelease)"
DEFINED SYMBOLS
                            *ABS*:00000000 rc_datalink.c
     /tmp/cc0wMrK7.s:13     .text.radio_control_impl_init:00000000 $a
     /tmp/cc0wMrK7.s:16     .text.radio_control_impl_init:00000000 radio_control_impl_init
     /tmp/cc0wMrK7.s:28     .text.radio_control_impl_init:00000010 $d
                            *COM*:00000001 rc_dl_frame_available
     /tmp/cc0wMrK7.s:31     .text.parse_rc_3ch_datalink:00000000 $a
     /tmp/cc0wMrK7.s:34     .text.parse_rc_3ch_datalink:00000000 parse_rc_3ch_datalink
     /tmp/cc0wMrK7.s:56     .text.parse_rc_3ch_datalink:00000038 $d
                            *COM*:00000005 rc_dl_values
     /tmp/cc0wMrK7.s:60     .text.parse_rc_4ch_datalink:00000000 $a
     /tmp/cc0wMrK7.s:63     .text.parse_rc_4ch_datalink:00000000 parse_rc_4ch_datalink
     /tmp/cc0wMrK7.s:82     .text.parse_rc_4ch_datalink:0000002c $d

NO UNDEFINED SYMBOLS
