   1              		.cpu arm7tdmi
   2              		.fpu softvfp
   3              		.eabi_attribute 20, 1
   4              		.eabi_attribute 21, 1
   5              		.eabi_attribute 23, 3
   6              		.eabi_attribute 24, 1
   7              		.eabi_attribute 25, 1
   8              		.eabi_attribute 26, 1
   9              		.eabi_attribute 30, 4
  10              		.eabi_attribute 18, 4
  11              		.file	"stabilization_attitude.c"
  12              		.section	.text.h_ctl_init,"ax",%progbits
  13              		.align	2
  14              		.global	h_ctl_init
  16              	h_ctl_init:
  17              		@ Function supports interworking.
  18              		@ args = 0, pretend = 0, frame = 0
  19              		@ frame_needed = 0, uses_anonymous_args = 0
  20              		@ link register save eliminated.
  21 0000 C4209FE5 		ldr	r2, .L2
  22 0004 0030A0E3 		mov	r3, #0
  23 0008 003082E5 		str	r3, [r2, #0]	@ float
  24 000c BC209FE5 		ldr	r2, .L2+4
  25 0010 BC109FE5 		ldr	r1, .L2+8
  26 0014 003082E5 		str	r3, [r2, #0]	@ float
  27 0018 B8209FE5 		ldr	r2, .L2+12
  28 001c 001082E5 		str	r1, [r2, #0]	@ float
  29 0020 B4109FE5 		ldr	r1, .L2+16
  30 0024 B4209FE5 		ldr	r2, .L2+20
  31 0028 001082E5 		str	r1, [r2, #0]	@ float
  32 002c B0109FE5 		ldr	r1, .L2+24
  33 0030 B0209FE5 		ldr	r2, .L2+28
  34 0034 001082E5 		str	r1, [r2, #0]	@ float
  35 0038 AC109FE5 		ldr	r1, .L2+32
  36 003c AC209FE5 		ldr	r2, .L2+36
  37 0040 001082E5 		str	r1, [r2, #0]	@ float
  38 0044 A8109FE5 		ldr	r1, .L2+40
  39 0048 0020A0E3 		mov	r2, #0
  40 004c 0020C1E5 		strb	r2, [r1, #0]
  41 0050 A0109FE5 		ldr	r1, .L2+44
  42 0054 003081E5 		str	r3, [r1, #0]	@ float
  43 0058 9C109FE5 		ldr	r1, .L2+48
  44 005c B020C1E1 		strh	r2, [r1, #0]	@ movhi
  45 0060 98109FE5 		ldr	r1, .L2+52
  46 0064 003081E5 		str	r3, [r1, #0]	@ float
  47 0068 94109FE5 		ldr	r1, .L2+56
  48 006c 003081E5 		str	r3, [r1, #0]	@ float
  49 0070 90109FE5 		ldr	r1, .L2+60
  50 0074 90009FE5 		ldr	r0, .L2+64
  51 0078 003081E5 		str	r3, [r1, #0]	@ float
  52 007c 8C109FE5 		ldr	r1, .L2+68
  53 0080 000081E5 		str	r0, [r1, #0]	@ float
  54 0084 88109FE5 		ldr	r1, .L2+72
  55 0088 003081E5 		str	r3, [r1, #0]	@ float
  56 008c 84109FE5 		ldr	r1, .L2+76
  57 0090 B020C1E1 		strh	r2, [r1, #0]	@ movhi
  58 0094 80109FE5 		ldr	r1, .L2+80
  59 0098 80209FE5 		ldr	r2, .L2+84
  60 009c 001082E5 		str	r1, [r2, #0]	@ float
  61 00a0 7C109FE5 		ldr	r1, .L2+88
  62 00a4 7C209FE5 		ldr	r2, .L2+92
  63 00a8 001082E5 		str	r1, [r2, #0]	@ float
  64 00ac 78209FE5 		ldr	r2, .L2+96
  65 00b0 78109FE5 		ldr	r1, .L2+100
  66 00b4 001082E5 		str	r1, [r2, #0]	@ float
  67 00b8 74209FE5 		ldr	r2, .L2+104
  68 00bc 003082E5 		str	r3, [r2, #0]	@ float
  69 00c0 70209FE5 		ldr	r2, .L2+108
  70 00c4 003082E5 		str	r3, [r2, #0]	@ float
  71 00c8 1EFF2FE1 		bx	lr
  72              	.L3:
  73              		.align	2
  74              	.L2:
  75 00cc 00000000 		.word	h_ctl_course_setpoint
  76 00d0 00000000 		.word	h_ctl_course_pre_bank
  77 00d4 14AEA73F 		.word	1067953684
  78 00d8 00000000 		.word	h_ctl_course_pre_bank_correction
  79 00dc 986E923F 		.word	1066561176
  80 00e0 00000000 		.word	h_ctl_course_pgain
  81 00e4 9A99993F 		.word	1067030938
  82 00e8 00000000 		.word	h_ctl_course_dgain
  83 00ec C3F5483F 		.word	1061746115
  84 00f0 00000000 		.word	h_ctl_roll_max_setpoint
  85 00f4 00000000 		.word	h_ctl_disabled
  86 00f8 00000000 		.word	h_ctl_roll_setpoint
  87 00fc 00000000 		.word	h_ctl_aileron_setpoint
  88 0100 00000000 		.word	h_ctl_aileron_of_throttle
  89 0104 00000000 		.word	h_ctl_pitch_setpoint
  90 0108 00000000 		.word	h_ctl_pitch_loop_setpoint
  91 010c 00F01E46 		.word	1176432640
  92 0110 00000000 		.word	h_ctl_pitch_pgain
  93 0114 00000000 		.word	h_ctl_pitch_dgain
  94 0118 00000000 		.word	h_ctl_elevator_setpoint
  95 011c 00004E44 		.word	1145962496
  96 0120 00000000 		.word	h_ctl_elevator_of_roll
  97 0124 00007A43 		.word	1132068864
  98 0128 00000000 		.word	h_ctl_roll_slew
  99 012c 00000000 		.word	h_ctl_roll_attitude_gain
 100 0130 0000FA45 		.word	1174011904
 101 0134 00000000 		.word	h_ctl_roll_rate_gain
 102 0138 00000000 		.word	.LANCHOR0
 104              		.global	__aeabi_fsub
 105              		.global	__aeabi_dsub
 106              		.global	__aeabi_d2f
 107              		.global	__aeabi_f2d
 108              		.global	__aeabi_dcmpgt
 109              		.global	__aeabi_dadd
 110              		.global	__aeabi_dcmplt
 111              		.global	__aeabi_fdiv
 112              		.global	__aeabi_fcmpgt
 113              		.global	__aeabi_fmul
 114              		.global	__aeabi_fadd
 115              		.global	__aeabi_fcmplt
 116              		.global	__aeabi_ddiv
 117              		.global	__aeabi_dmul
 118              		.section	.text.h_ctl_course_loop,"ax",%progbits
 119              		.align	2
 120              		.global	h_ctl_course_loop
 122              	h_ctl_course_loop:
 123              		@ Function supports interworking.
 124              		@ args = 0, pretend = 0, frame = 0
 125              		@ frame_needed = 0, uses_anonymous_args = 0
 126 0000 F0412DE9 		stmfd	sp!, {r4, r5, r6, r7, r8, lr}
 127 0004 04449FE5 		ldr	r4, .L50
 128 0008 453FA0E3 		mov	r3, #276
 129 000c B33094E1 		ldrh	r3, [r4, r3]
 130 0010 020C13E3 		tst	r3, #512
 131 0014 FEFFFF0B 		bleq	stateCalcHorizontalSpeedDir_f
 132              	.L5:
 133 0018 F4339FE5 		ldr	r3, .L50+4
 134 001c 6C0194E5 		ldr	r0, [r4, #364]	@ float
 135 0020 001093E5 		ldr	r1, [r3, #0]	@ float
 136 0024 FEFFFFEB 		bl	__aeabi_fsub
 137 0028 050000EA 		b	.L47
 138              	.L7:
 139 002c E4239FE5 		ldr	r2, .L50+8
 140 0030 E4339FE5 		ldr	r3, .L50+12
 141 0034 0600A0E1 		mov	r0, r6
 142 0038 0710A0E1 		mov	r1, r7
 143 003c FEFFFFEB 		bl	__aeabi_dsub
 144 0040 FEFFFFEB 		bl	__aeabi_d2f
 145              	.L47:
 146 0044 0050A0E1 		mov	r5, r0
 147 0048 FEFFFFEB 		bl	__aeabi_f2d
 148 004c C4239FE5 		ldr	r2, .L50+8
 149 0050 C8339FE5 		ldr	r3, .L50+16
 150 0054 0060A0E1 		mov	r6, r0
 151 0058 0170A0E1 		mov	r7, r1
 152 005c FEFFFFEB 		bl	__aeabi_dcmpgt
 153 0060 000050E3 		cmp	r0, #0
 154 0064 F0FFFF1A 		bne	.L7
 155 0068 060000EA 		b	.L41
 156              	.L9:
 157 006c A4239FE5 		ldr	r2, .L50+8
 158 0070 A4339FE5 		ldr	r3, .L50+12
 159 0074 0600A0E1 		mov	r0, r6
 160 0078 0710A0E1 		mov	r1, r7
 161 007c FEFFFFEB 		bl	__aeabi_dadd
 162 0080 FEFFFFEB 		bl	__aeabi_d2f
 163 0084 0050A0E1 		mov	r5, r0
 164              	.L41:
 165 0088 0500A0E1 		mov	r0, r5
 166 008c FEFFFFEB 		bl	__aeabi_f2d
 167 0090 80239FE5 		ldr	r2, .L50+8
 168 0094 88339FE5 		ldr	r3, .L50+20
 169 0098 0060A0E1 		mov	r6, r0
 170 009c 0170A0E1 		mov	r7, r1
 171 00a0 FEFFFFEB 		bl	__aeabi_dcmplt
 172 00a4 000050E3 		cmp	r0, #0
 173 00a8 EFFFFF1A 		bne	.L9
 174 00ac 74639FE5 		ldr	r6, .L50+24
 175 00b0 0500A0E1 		mov	r0, r5
 176 00b4 001096E5 		ldr	r1, [r6, #0]	@ float
 177 00b8 FEFFFFEB 		bl	__aeabi_fsub
 178 00bc 005086E5 		str	r5, [r6, #0]	@ float
 179 00c0 0040A0E1 		mov	r4, r0
 180 00c4 060000EA 		b	.L10
 181              	.L11:
 182 00c8 48239FE5 		ldr	r2, .L50+8
 183 00cc 48339FE5 		ldr	r3, .L50+12
 184 00d0 0600A0E1 		mov	r0, r6
 185 00d4 0710A0E1 		mov	r1, r7
 186 00d8 FEFFFFEB 		bl	__aeabi_dsub
 187 00dc FEFFFFEB 		bl	__aeabi_d2f
 188 00e0 0040A0E1 		mov	r4, r0
 189              	.L10:
 190 00e4 0400A0E1 		mov	r0, r4
 191 00e8 FEFFFFEB 		bl	__aeabi_f2d
 192 00ec 24239FE5 		ldr	r2, .L50+8
 193 00f0 28339FE5 		ldr	r3, .L50+16
 194 00f4 0060A0E1 		mov	r6, r0
 195 00f8 0170A0E1 		mov	r7, r1
 196 00fc FEFFFFEB 		bl	__aeabi_dcmpgt
 197 0100 000050E3 		cmp	r0, #0
 198 0104 EFFFFF1A 		bne	.L11
 199 0108 060000EA 		b	.L42
 200              	.L13:
 201 010c 04239FE5 		ldr	r2, .L50+8
 202 0110 04339FE5 		ldr	r3, .L50+12
 203 0114 0600A0E1 		mov	r0, r6
 204 0118 0710A0E1 		mov	r1, r7
 205 011c FEFFFFEB 		bl	__aeabi_dadd
 206 0120 FEFFFFEB 		bl	__aeabi_d2f
 207 0124 0040A0E1 		mov	r4, r0
 208              	.L42:
 209 0128 0400A0E1 		mov	r0, r4
 210 012c FEFFFFEB 		bl	__aeabi_f2d
 211 0130 E0229FE5 		ldr	r2, .L50+8
 212 0134 E8329FE5 		ldr	r3, .L50+20
 213 0138 0060A0E1 		mov	r6, r0
 214 013c 0170A0E1 		mov	r7, r1
 215 0140 FEFFFFEB 		bl	__aeabi_dcmplt
 216 0144 000050E3 		cmp	r0, #0
 217 0148 EFFFFF1A 		bne	.L13
 218 014c BC629FE5 		ldr	r6, .L50
 219 0150 1531D6E5 		ldrb	r3, [r6, #277]	@ zero_extendqisi2
 220 0154 010013E3 		tst	r3, #1
 221 0158 FEFFFF0B 		bleq	stateCalcHorizontalSpeedNorm_f
 222              	.L14:
 223 015c 680196E5 		ldr	r0, [r6, #360]	@ float
 224 0160 C4129FE5 		ldr	r1, .L50+28
 225 0164 FEFFFFEB 		bl	__aeabi_fdiv
 226 0168 FF15A0E3 		mov	r1, #1069547520
 227 016c 0060A0E1 		mov	r6, r0
 228 0170 FEFFFFEB 		bl	__aeabi_fcmpgt
 229 0174 000050E3 		cmp	r0, #0
 230 0178 FF65A013 		movne	r6, #1069547520
 231 017c 0600001A 		bne	.L15
 232 0180 0600A0E1 		mov	r0, r6
 233 0184 FEFFFFEB 		bl	__aeabi_f2d
 234 0188 A0229FE5 		ldr	r2, .L50+32
 235 018c A0329FE5 		ldr	r3, .L50+36
 236 0190 FEFFFFEB 		bl	__aeabi_dcmplt
 237 0194 000050E3 		cmp	r0, #0
 238 0198 98629F15 		ldrne	r6, .L50+40
 239              	.L15:
 240 019c 98329FE5 		ldr	r3, .L50+44
 241 01a0 000093E5 		ldr	r0, [r3, #0]
 242 01a4 0610A0E1 		mov	r1, r6
 243 01a8 020180E2 		add	r0, r0, #-2147483648
 244 01ac FEFFFFEB 		bl	__aeabi_fmul
 245 01b0 88329FE5 		ldr	r3, .L50+48
 246 01b4 0060A0E1 		mov	r6, r0
 247 01b8 001093E5 		ldr	r1, [r3, #0]	@ float
 248 01bc 0400A0E1 		mov	r0, r4
 249 01c0 FEFFFFEB 		bl	__aeabi_fmul
 250 01c4 0010A0E1 		mov	r1, r0
 251 01c8 0500A0E1 		mov	r0, r5
 252 01cc FEFFFFEB 		bl	__aeabi_fadd
 253 01d0 0010A0E1 		mov	r1, r0
 254 01d4 0600A0E1 		mov	r0, r6
 255 01d8 FEFFFFEB 		bl	__aeabi_fmul
 256 01dc 60329FE5 		ldr	r3, .L50+52
 257 01e0 004093E5 		ldr	r4, [r3, #0]	@ float
 258 01e4 0410A0E1 		mov	r1, r4
 259 01e8 0060A0E1 		mov	r6, r0
 260 01ec FEFFFFEB 		bl	__aeabi_fcmpgt
 261 01f0 000050E3 		cmp	r0, #0
 262 01f4 0450A011 		movne	r5, r4
 263 01f8 0500001A 		bne	.L16
 264 01fc 025184E2 		add	r5, r4, #-2147483648
 265 0200 0510A0E1 		mov	r1, r5
 266 0204 0600A0E1 		mov	r0, r6
 267 0208 FEFFFFEB 		bl	__aeabi_fcmplt
 268 020c 000050E3 		cmp	r0, #0
 269 0210 0650A001 		moveq	r5, r6
 270              	.L16:
 271 0214 2C329FE5 		ldr	r3, .L50+56
 272 0218 006093E5 		ldr	r6, [r3, #0]	@ float
 273 021c 0010A0E3 		mov	r1, #0
 274 0220 0600A0E1 		mov	r0, r6
 275 0224 FEFFFFEB 		bl	__aeabi_fcmpgt
 276 0228 000050E3 		cmp	r0, #0
 277 022c 0201C6E3 		bic	r0, r6, #-2147483648
 278 0230 2400000A 		beq	.L43
 279 0234 FEFFFFEB 		bl	__aeabi_f2d
 280 0238 0020A0E3 		mov	r2, #0
 281 023c 08329FE5 		ldr	r3, .L50+60
 282 0240 FEFFFFEB 		bl	__aeabi_dsub
 283 0244 0020A0E3 		mov	r2, #0
 284 0248 00329FE5 		ldr	r3, .L50+64
 285 024c FEFFFFEB 		bl	__aeabi_ddiv
 286 0250 0020A0E1 		mov	r2, r0
 287 0254 0130A0E1 		mov	r3, r1
 288 0258 0000A0E3 		mov	r0, #0
 289 025c F0119FE5 		ldr	r1, .L50+68
 290 0260 FEFFFFEB 		bl	__aeabi_dsub
 291 0264 EC219FE5 		ldr	r2, .L50+72
 292 0268 EC319FE5 		ldr	r3, .L50+76
 293 026c FEFFFFEB 		bl	__aeabi_dmul
 294 0270 E8219FE5 		ldr	r2, .L50+80
 295 0274 E8319FE5 		ldr	r3, .L50+84
 296 0278 FEFFFFEB 		bl	__aeabi_dadd
 297 027c FEFFFFEB 		bl	__aeabi_d2f
 298 0280 E0619FE5 		ldr	r6, .L50+88
 299 0284 FE85A0E3 		mov	r8, #1065353216
 300 0288 000086E5 		str	r0, [r6, #0]	@ float
 301 028c 0810A0E1 		mov	r1, r8
 302 0290 0070A0E1 		mov	r7, r0
 303 0294 FEFFFFEB 		bl	__aeabi_fcmpgt
 304 0298 000050E3 		cmp	r0, #0
 305 029c 00808615 		strne	r8, [r6, #0]	@ float
 306 02a0 2900001A 		bne	.L21
 307 02a4 0700A0E1 		mov	r0, r7
 308 02a8 FEFFFFEB 		bl	__aeabi_f2d
 309 02ac B0319FE5 		ldr	r3, .L50+84
 310 02b0 A8219FE5 		ldr	r2, .L50+80
 311 02b4 FEFFFFEB 		bl	__aeabi_dcmplt
 312 02b8 000050E3 		cmp	r0, #0
 313 02bc A8319F15 		ldrne	r3, .L50+92
 314 02c0 00308615 		strne	r3, [r6, #0]	@ float
 315 02c4 200000EA 		b	.L21
 316              	.L43:
 317 02c8 FEFFFFEB 		bl	__aeabi_f2d
 318 02cc 0020A0E3 		mov	r2, #0
 319 02d0 74319FE5 		ldr	r3, .L50+60
 320 02d4 FEFFFFEB 		bl	__aeabi_dsub
 321 02d8 0020A0E3 		mov	r2, #0
 322 02dc 6C319FE5 		ldr	r3, .L50+64
 323 02e0 FEFFFFEB 		bl	__aeabi_ddiv
 324 02e4 0020A0E1 		mov	r2, r0
 325 02e8 0130A0E1 		mov	r3, r1
 326 02ec 0000A0E3 		mov	r0, #0
 327 02f0 5C119FE5 		ldr	r1, .L50+68
 328 02f4 FEFFFFEB 		bl	__aeabi_dsub
 329 02f8 0020A0E3 		mov	r2, #0
 330 02fc 0030A0E3 		mov	r3, #0
 331 0300 FEFFFFEB 		bl	__aeabi_dmul
 332 0304 0020A0E3 		mov	r2, #0
 333 0308 44319FE5 		ldr	r3, .L50+68
 334 030c FEFFFFEB 		bl	__aeabi_dadd
 335 0310 FEFFFFEB 		bl	__aeabi_d2f
 336 0314 4C719FE5 		ldr	r7, .L50+88
 337 0318 FE65A0E3 		mov	r6, #1065353216
 338 031c 000087E5 		str	r0, [r7, #0]	@ float
 339 0320 0610A0E1 		mov	r1, r6
 340 0324 0080A0E1 		mov	r8, r0
 341 0328 FEFFFFEB 		bl	__aeabi_fcmpgt
 342 032c 000050E3 		cmp	r0, #0
 343 0330 0400001A 		bne	.L48
 344              	.L45:
 345 0334 0800A0E1 		mov	r0, r8
 346 0338 0610A0E1 		mov	r1, r6
 347 033c FEFFFFEB 		bl	__aeabi_fcmplt
 348 0340 000050E3 		cmp	r0, #0
 349 0344 0000000A 		beq	.L21
 350              	.L48:
 351 0348 006087E5 		str	r6, [r7, #0]	@ float
 352              	.L21:
 353 034c 1C319FE5 		ldr	r3, .L50+96
 354 0350 006093E5 		ldr	r6, [r3, #0]	@ float
 355 0354 0C319FE5 		ldr	r3, .L50+88
 356 0358 0500A0E1 		mov	r0, r5
 357 035c 001093E5 		ldr	r1, [r3, #0]	@ float
 358 0360 FEFFFFEB 		bl	__aeabi_fmul
 359 0364 08319FE5 		ldr	r3, .L50+100
 360 0368 0050A0E1 		mov	r5, r0
 361 036c 000093E5 		ldr	r0, [r3, #0]	@ float
 362 0370 00319FE5 		ldr	r3, .L50+104
 363 0374 001093E5 		ldr	r1, [r3, #0]	@ float
 364 0378 FEFFFFEB 		bl	__aeabi_fmul
 365 037c 0010A0E1 		mov	r1, r0
 366 0380 0500A0E1 		mov	r0, r5
 367 0384 FEFFFFEB 		bl	__aeabi_fadd
 368 0388 0610A0E1 		mov	r1, r6
 369 038c FEFFFFEB 		bl	__aeabi_fsub
 370 0390 E4309FE5 		ldr	r3, .L50+108
 371 0394 005093E5 		ldr	r5, [r3, #0]	@ float
 372 0398 0510A0E1 		mov	r1, r5
 373 039c 0070A0E1 		mov	r7, r0
 374 03a0 FEFFFFEB 		bl	__aeabi_fcmpgt
 375 03a4 000050E3 		cmp	r0, #0
 376 03a8 0500001A 		bne	.L26
 377 03ac 025185E2 		add	r5, r5, #-2147483648
 378 03b0 0510A0E1 		mov	r1, r5
 379 03b4 0700A0E1 		mov	r0, r7
 380 03b8 FEFFFFEB 		bl	__aeabi_fcmplt
 381 03bc 000050E3 		cmp	r0, #0
 382 03c0 0750A001 		moveq	r5, r7
 383              	.L26:
 384 03c4 0510A0E1 		mov	r1, r5
 385 03c8 0600A0E1 		mov	r0, r6
 386 03cc FEFFFFEB 		bl	__aeabi_fadd
 387 03d0 98509FE5 		ldr	r5, .L50+96
 388 03d4 0410A0E1 		mov	r1, r4
 389 03d8 000085E5 		str	r0, [r5, #0]	@ float
 390 03dc 0060A0E1 		mov	r6, r0
 391 03e0 FEFFFFEB 		bl	__aeabi_fcmpgt
 392 03e4 000050E3 		cmp	r0, #0
 393 03e8 0500001A 		bne	.L49
 394              	.L46:
 395 03ec 024184E2 		add	r4, r4, #-2147483648
 396 03f0 0600A0E1 		mov	r0, r6
 397 03f4 0410A0E1 		mov	r1, r4
 398 03f8 FEFFFFEB 		bl	__aeabi_fcmplt
 399 03fc 000050E3 		cmp	r0, #0
 400 0400 0000000A 		beq	.L4
 401              	.L49:
 402 0404 004085E5 		str	r4, [r5, #0]	@ float
 403              	.L4:
 404 0408 F041BDE8 		ldmfd	sp!, {r4, r5, r6, r7, r8, lr}
 405 040c 1EFF2FE1 		bx	lr
 406              	.L51:
 407              		.align	2
 408              	.L50:
 409 0410 00000000 		.word	state
 410 0414 00000000 		.word	h_ctl_course_setpoint
 411 0418 182D4454 		.word	1413754136
 412 041c FB211940 		.word	1075388923
 413 0420 FB210940 		.word	1074340347
 414 0424 FB2109C0 		.word	-1073143301
 415 0428 00000000 		.word	.LANCHOR1
 416 042c 00009041 		.word	1099956224
 417 0430 1F85EB51 		.word	1374389535
 418 0434 B81EE53F 		.word	1071980216
 419 0438 C3F5283F 		.word	1059648963
 420 043c 00000000 		.word	h_ctl_course_pgain
 421 0440 00000000 		.word	h_ctl_course_dgain
 422 0444 00000000 		.word	h_ctl_roll_max_setpoint
 423 0448 00000000 		.word	v_ctl_altitude_error
 424 044c 00002040 		.word	1075838976
 425 0450 00002440 		.word	1076101120
 426 0454 0000F03F 		.word	1072693248
 427 0458 98999999 		.word	-1717986920
 428 045c 9999C93F 		.word	1070176665
 429 0460 9A999999 		.word	-1717986918
 430 0464 9999E93F 		.word	1072273817
 431 0468 00000000 		.word	.LANCHOR0
 432 046c CDCC4C3F 		.word	1061997773
 433 0470 00000000 		.word	h_ctl_roll_setpoint
 434 0474 00000000 		.word	h_ctl_course_pre_bank_correction
 435 0478 00000000 		.word	h_ctl_course_pre_bank
 436 047c 00000000 		.word	h_ctl_roll_slew
 438              		.global	__aeabi_i2f
 439              		.global	__aeabi_f2iz
 440              		.section	.text.h_ctl_attitude_loop,"ax",%progbits
 441              		.align	2
 442              		.global	h_ctl_attitude_loop
 444              	h_ctl_attitude_loop:
 445              		@ Function supports interworking.
 446              		@ args = 0, pretend = 0, frame = 0
 447              		@ frame_needed = 0, uses_anonymous_args = 0
 448 0000 F8432DE9 		stmfd	sp!, {r3, r4, r5, r6, r7, r8, r9, lr}
 449 0004 48339FE5 		ldr	r3, .L75
 450 0008 0030D3E5 		ldrb	r3, [r3, #0]	@ zero_extendqisi2
 451 000c 000053E3 		cmp	r3, #0
 452 0010 CD00001A 		bne	.L52
 453 0014 3C439FE5 		ldr	r4, .L75+4
 454 0018 A431D4E5 		ldrb	r3, [r4, #420]	@ zero_extendqisi2
 455 001c 100013E3 		tst	r3, #16
 456 0020 690F8402 		addeq	r0, r4, #420
 457 0024 FEFFFF0B 		bleq	orientationCalcEulers_f
 458              	.L54:
 459 0028 2C339FE5 		ldr	r3, .L75+8
 460 002c F80194E5 		ldr	r0, [r4, #504]	@ float
 461 0030 001093E5 		ldr	r1, [r3, #0]	@ float
 462 0034 FEFFFFEB 		bl	__aeabi_fsub
 463 0038 2832D4E5 		ldrb	r3, [r4, #552]	@ zero_extendqisi2
 464 003c 020013E3 		tst	r3, #2
 465 0040 0050A0E1 		mov	r5, r0
 466 0044 FEFFFF0B 		bleq	stateCalcBodyRates_f
 467              	.L55:
 468 0048 10339FE5 		ldr	r3, .L75+12
 469 004c 0500A0E1 		mov	r0, r5
 470 0050 001093E5 		ldr	r1, [r3, #0]	@ float
 471 0054 FEFFFFEB 		bl	__aeabi_fmul
 472 0058 04339FE5 		ldr	r3, .L75+16
 473 005c 0040A0E1 		mov	r4, r0
 474 0060 000093E5 		ldr	r0, [r3, #0]	@ float
 475 0064 EC329FE5 		ldr	r3, .L75+4
 476 0068 381293E5 		ldr	r1, [r3, #568]	@ float
 477 006c FEFFFFEB 		bl	__aeabi_fmul
 478 0070 0010A0E1 		mov	r1, r0
 479 0074 0400A0E1 		mov	r0, r4
 480 0078 FEFFFFEB 		bl	__aeabi_fadd
 481 007c E4329FE5 		ldr	r3, .L75+20
 482 0080 0040A0E1 		mov	r4, r0
 483 0084 F000D3E1 		ldrsh	r0, [r3, #0]
 484 0088 FEFFFFEB 		bl	__aeabi_i2f
 485 008c D8329FE5 		ldr	r3, .L75+24
 486 0090 001093E5 		ldr	r1, [r3, #0]	@ float
 487 0094 FEFFFFEB 		bl	__aeabi_fmul
 488 0098 0010A0E1 		mov	r1, r0
 489 009c 0400A0E1 		mov	r0, r4
 490 00a0 FEFFFFEB 		bl	__aeabi_fadd
 491 00a4 C4129FE5 		ldr	r1, .L75+28
 492 00a8 0040A0E1 		mov	r4, r0
 493 00ac FEFFFFEB 		bl	__aeabi_fcmplt
 494 00b0 000050E3 		cmp	r0, #0
 495 00b4 B8029F15 		ldrne	r0, .L75+32
 496 00b8 0900001A 		bne	.L56
 497 00bc 0400A0E1 		mov	r0, r4
 498 00c0 B0129FE5 		ldr	r1, .L75+36
 499 00c4 FEFFFFEB 		bl	__aeabi_fcmpgt
 500 00c8 000050E3 		cmp	r0, #0
 501 00cc 960DA013 		movne	r0, #9600
 502 00d0 0300001A 		bne	.L56
 503 00d4 0400A0E1 		mov	r0, r4
 504 00d8 FEFFFFEB 		bl	__aeabi_f2iz
 505 00dc 0008A0E1 		mov	r0, r0, asl #16
 506 00e0 2008A0E1 		mov	r0, r0, lsr #16
 507              	.L56:
 508 00e4 90329FE5 		ldr	r3, .L75+40
 509 00e8 B000C3E1 		strh	r0, [r3, #0]	@ movhi
 510 00ec 64029FE5 		ldr	r0, .L75+4
 511 00f0 A431D0E5 		ldrb	r3, [r0, #420]	@ zero_extendqisi2
 512 00f4 100013E3 		tst	r3, #16
 513 00f8 690F8002 		addeq	r0, r0, #420
 514 00fc FEFFFF0B 		bleq	orientationCalcEulers_f
 515              	.L57:
 516 0100 78429FE5 		ldr	r4, .L75+44
 517 0104 0050A0E3 		mov	r5, #0
 518 0108 000094E5 		ldr	r0, [r4, #0]	@ float
 519 010c 0510A0E1 		mov	r1, r5
 520 0110 FEFFFFEB 		bl	__aeabi_fcmplt
 521 0114 68329FE5 		ldr	r3, .L75+48
 522 0118 000050E3 		cmp	r0, #0
 523 011c 00508415 		strne	r5, [r4, #0]	@ float
 524 0120 005093E5 		ldr	r5, [r3, #0]	@ float
 525 0124 5C329FE5 		ldr	r3, .L75+52
 526 0128 000093E5 		ldr	r0, [r3, #0]	@ float
 527 012c FEFFFFEB 		bl	__aeabi_f2d
 528 0130 0080A0E1 		mov	r8, r0
 529 0134 0190A0E1 		mov	r9, r1
 530 0138 000094E5 		ldr	r0, [r4, #0]	@ float
 531 013c 0510A0E1 		mov	r1, r5
 532 0140 FEFFFFEB 		bl	__aeabi_fdiv
 533 0144 FEFFFFEB 		bl	__aeabi_f2d
 534 0148 08429FE5 		ldr	r4, .L75+4
 535 014c 0060A0E1 		mov	r6, r0
 536 0150 F80194E5 		ldr	r0, [r4, #504]
 537 0154 0201C0E3 		bic	r0, r0, #-2147483648
 538 0158 0170A0E1 		mov	r7, r1
 539 015c FEFFFFEB 		bl	__aeabi_f2d
 540 0160 0020A0E1 		mov	r2, r0
 541 0164 0130A0E1 		mov	r3, r1
 542 0168 0600A0E1 		mov	r0, r6
 543 016c 0710A0E1 		mov	r1, r7
 544 0170 FEFFFFEB 		bl	__aeabi_dmul
 545 0174 0020A0E1 		mov	r2, r0
 546 0178 0130A0E1 		mov	r3, r1
 547 017c 0800A0E1 		mov	r0, r8
 548 0180 0910A0E1 		mov	r1, r9
 549 0184 FEFFFFEB 		bl	__aeabi_dadd
 550 0188 FEFFFFEB 		bl	__aeabi_d2f
 551 018c F8319FE5 		ldr	r3, .L75+56
 552 0190 0010A0E1 		mov	r1, r0
 553 0194 000083E5 		str	r0, [r3, #0]	@ float
 554 0198 FC0194E5 		ldr	r0, [r4, #508]	@ float
 555 019c FEFFFFEB 		bl	__aeabi_fsub
 556 01a0 E8619FE5 		ldr	r6, .L75+60
 557 01a4 001096E5 		ldr	r1, [r6, #0]	@ float
 558 01a8 0040A0E1 		mov	r4, r0
 559 01ac FEFFFFEB 		bl	__aeabi_fsub
 560 01b0 DC319FE5 		ldr	r3, .L75+64
 561 01b4 004086E5 		str	r4, [r6, #0]	@ float
 562 01b8 001093E5 		ldr	r1, [r3, #0]	@ float
 563 01bc FEFFFFEB 		bl	__aeabi_fmul
 564 01c0 0010A0E1 		mov	r1, r0
 565 01c4 0400A0E1 		mov	r0, r4
 566 01c8 FEFFFFEB 		bl	__aeabi_fadd
 567 01cc 025185E2 		add	r5, r5, #-2147483648
 568 01d0 0010A0E1 		mov	r1, r0
 569 01d4 0500A0E1 		mov	r0, r5
 570 01d8 FEFFFFEB 		bl	__aeabi_fmul
 571 01dc B4319FE5 		ldr	r3, .L75+68
 572 01e0 004093E5 		ldr	r4, [r3, #0]	@ float
 573 01e4 B0319FE5 		ldr	r3, .L75+72
 574 01e8 0410A0E1 		mov	r1, r4
 575 01ec 0060A0E1 		mov	r6, r0
 576 01f0 000093E5 		ldr	r0, [r3, #0]	@ float
 577 01f4 FEFFFFEB 		bl	__aeabi_fsub
 578 01f8 0010A0E3 		mov	r1, #0
 579 01fc 0050A0E1 		mov	r5, r0
 580 0200 FEFFFFEB 		bl	__aeabi_fcmpgt
 581 0204 000050E3 		cmp	r0, #0
 582 0208 0E00000A 		beq	.L73
 583 020c 0410A0E1 		mov	r1, r4
 584 0210 FE05A0E3 		mov	r0, #1065353216
 585 0214 FEFFFFEB 		bl	__aeabi_fsub
 586 0218 0040A0E1 		mov	r4, r0
 587 021c FEFFFFEB 		bl	__aeabi_f2d
 588 0220 78319FE5 		ldr	r3, .L75+76
 589 0224 78219FE5 		ldr	r2, .L75+80
 590 0228 FEFFFFEB 		bl	__aeabi_dcmpgt
 591 022c 000050E3 		cmp	r0, #0
 592 0230 70419F05 		ldreq	r4, .L75+84
 593 0234 0500A0E1 		mov	r0, r5
 594 0238 0410A0E1 		mov	r1, r4
 595 023c FEFFFFEB 		bl	__aeabi_fdiv
 596 0240 64319FE5 		ldr	r3, .L75+88
 597 0244 0A0000EA 		b	.L74
 598              	.L73:
 599 0248 0400A0E1 		mov	r0, r4
 600 024c FEFFFFEB 		bl	__aeabi_f2d
 601 0250 48319FE5 		ldr	r3, .L75+76
 602 0254 48219FE5 		ldr	r2, .L75+80
 603 0258 FEFFFFEB 		bl	__aeabi_dcmpgt
 604 025c 000050E3 		cmp	r0, #0
 605 0260 40419F05 		ldreq	r4, .L75+84
 606 0264 020185E2 		add	r0, r5, #-2147483648
 607 0268 0410A0E1 		mov	r1, r4
 608 026c FEFFFFEB 		bl	__aeabi_fdiv
 609 0270 38319FE5 		ldr	r3, .L75+92
 610              	.L74:
 611 0274 001093E5 		ldr	r1, [r3, #0]	@ float
 612 0278 FEFFFFEB 		bl	__aeabi_fmul
 613 027c 2C319FE5 		ldr	r3, .L75+92
 614 0280 0050A0E1 		mov	r5, r0
 615 0284 000093E5 		ldr	r0, [r3, #0]	@ float
 616 0288 1C319FE5 		ldr	r3, .L75+88
 617 028c 001093E5 		ldr	r1, [r3, #0]	@ float
 618 0290 FEFFFFEB 		bl	__aeabi_fsub
 619 0294 18119FE5 		ldr	r1, .L75+96
 620 0298 FEFFFFEB 		bl	__aeabi_fdiv
 621 029c 14319FE5 		ldr	r3, .L75+100
 622 02a0 008093E5 		ldr	r8, [r3, #0]	@ float
 623 02a4 0070A0E1 		mov	r7, r0
 624 02a8 0710A0E1 		mov	r1, r7
 625 02ac 0800A0E1 		mov	r0, r8
 626 02b0 FEFFFFEB 		bl	__aeabi_fadd
 627 02b4 0040A0E1 		mov	r4, r0
 628 02b8 0410A0E1 		mov	r1, r4
 629 02bc 0500A0E1 		mov	r0, r5
 630 02c0 FEFFFFEB 		bl	__aeabi_fcmpgt
 631 02c4 000050E3 		cmp	r0, #0
 632 02c8 0800001A 		bne	.L65
 633 02cc 0710A0E1 		mov	r1, r7
 634 02d0 0800A0E1 		mov	r0, r8
 635 02d4 FEFFFFEB 		bl	__aeabi_fsub
 636 02d8 0040A0E1 		mov	r4, r0
 637 02dc 0410A0E1 		mov	r1, r4
 638 02e0 0500A0E1 		mov	r0, r5
 639 02e4 FEFFFFEB 		bl	__aeabi_fcmplt
 640 02e8 000050E3 		cmp	r0, #0
 641 02ec 0540A001 		moveq	r4, r5
 642              	.L65:
 643 02f0 C0309FE5 		ldr	r3, .L75+100
 644 02f4 0410A0E1 		mov	r1, r4
 645 02f8 004083E5 		str	r4, [r3, #0]	@ float
 646 02fc 0600A0E1 		mov	r0, r6
 647 0300 FEFFFFEB 		bl	__aeabi_fadd
 648 0304 64109FE5 		ldr	r1, .L75+28
 649 0308 0040A0E1 		mov	r4, r0
 650 030c FEFFFFEB 		bl	__aeabi_fcmplt
 651 0310 000050E3 		cmp	r0, #0
 652 0314 58009F15 		ldrne	r0, .L75+32
 653 0318 0900001A 		bne	.L66
 654 031c 0400A0E1 		mov	r0, r4
 655 0320 50109FE5 		ldr	r1, .L75+36
 656 0324 FEFFFFEB 		bl	__aeabi_fcmpgt
 657 0328 000050E3 		cmp	r0, #0
 658 032c 960DA013 		movne	r0, #9600
 659 0330 0300001A 		bne	.L66
 660 0334 0400A0E1 		mov	r0, r4
 661 0338 FEFFFFEB 		bl	__aeabi_f2iz
 662 033c 0008A0E1 		mov	r0, r0, asl #16
 663 0340 2008A0E1 		mov	r0, r0, lsr #16
 664              	.L66:
 665 0344 70309FE5 		ldr	r3, .L75+104
 666 0348 B000C3E1 		strh	r0, [r3, #0]	@ movhi
 667              	.L52:
 668 034c F843BDE8 		ldmfd	sp!, {r3, r4, r5, r6, r7, r8, r9, lr}
 669 0350 1EFF2FE1 		bx	lr
 670              	.L76:
 671              		.align	2
 672              	.L75:
 673 0354 00000000 		.word	h_ctl_disabled
 674 0358 00000000 		.word	state
 675 035c 00000000 		.word	h_ctl_roll_setpoint
 676 0360 00000000 		.word	h_ctl_roll_attitude_gain
 677 0364 00000000 		.word	h_ctl_roll_rate_gain
 678 0368 00000000 		.word	v_ctl_throttle_setpoint
 679 036c 00000000 		.word	h_ctl_aileron_of_throttle
 680 0370 000016C6 		.word	-971636736
 681 0374 80DA0000 		.word	55936
 682 0378 00001646 		.word	1175846912
 683 037c 00000000 		.word	h_ctl_aileron_setpoint
 684 0380 00000000 		.word	h_ctl_elevator_of_roll
 685 0384 00000000 		.word	h_ctl_pitch_pgain
 686 0388 00000000 		.word	h_ctl_pitch_setpoint
 687 038c 00000000 		.word	h_ctl_pitch_loop_setpoint
 688 0390 00000000 		.word	.LANCHOR2
 689 0394 00000000 		.word	h_ctl_pitch_dgain
 690 0398 00000000 		.word	v_ctl_auto_throttle_nominal_cruise_throttle
 691 039c 00000000 		.word	v_ctl_auto_throttle_cruise_throttle
 692 03a0 9999B93F 		.word	1069128089
 693 03a4 9A999999 		.word	-1717986918
 694 03a8 CDCCCC3D 		.word	1036831949
 695 03ac 00000000 		.word	.LANCHOR3
 696 03b0 00000000 		.word	.LANCHOR4
 697 03b4 0000A042 		.word	1117782016
 698 03b8 00000000 		.word	.LANCHOR5
 699 03bc 00000000 		.word	h_ctl_elevator_setpoint
 701              		.global	v_ctl_auto_throttle_dash_trim
 702              		.global	v_ctl_auto_throttle_loiter_trim
 703              		.comm	h_ctl_roll_rate_gain,4,4
 704              		.comm	h_ctl_roll_attitude_gain,4,4
 705              		.comm	h_ctl_elevator_of_roll,4,4
 706              		.comm	h_ctl_aileron_of_throttle,4,4
 707              		.comm	h_ctl_elevator_setpoint,2,2
 708              		.comm	h_ctl_pitch_dgain,4,4
 709              		.comm	h_ctl_pitch_pgain,4,4
 710              		.comm	h_ctl_pitch_loop_setpoint,4,4
 711              		.comm	h_ctl_pitch_setpoint,4,4
 712              		.comm	h_ctl_roll_slew,4,4
 713              		.comm	h_ctl_aileron_setpoint,2,2
 714              		.comm	h_ctl_roll_pgain,4,4
 715              		.comm	h_ctl_roll_setpoint,4,4
 716              		.comm	h_ctl_auto1_rate,1,1
 717              		.comm	h_ctl_disabled,1,1
 718              		.comm	h_ctl_roll_max_setpoint,4,4
 719              		.comm	h_ctl_course_dgain,4,4
 720              		.comm	h_ctl_course_pgain,4,4
 721              		.comm	h_ctl_course_pre_bank_correction,4,4
 722              		.comm	h_ctl_course_pre_bank,4,4
 723              		.comm	h_ctl_course_setpoint,4,4
 724              		.section	.data.v_ctl_auto_throttle_dash_trim,"aw",%progbits
 725              		.align	2
 726              		.set	.LANCHOR3,. + 0
 729              	v_ctl_auto_throttle_dash_trim:
 730 0000 00007AC4 		.word	-998637568
 731              		.section	.bss.last_err.3865,"aw",%nobits
 732              		.align	2
 733              		.set	.LANCHOR2,. + 0
 736              	last_err.3865:
 737 0000 00000000 		.space	4
 738              		.section	.bss.last_err.3823,"aw",%nobits
 739              		.align	2
 740              		.set	.LANCHOR1,. + 0
 743              	last_err.3823:
 744 0000 00000000 		.space	4
 745              		.section	.data.v_ctl_auto_throttle_loiter_trim,"aw",%progbits
 746              		.align	2
 747              		.set	.LANCHOR4,. + 0
 750              	v_ctl_auto_throttle_loiter_trim:
 751 0000 0080BB44 		.word	1153138688
 752              		.section	.bss.nav_ratio,"aw",%nobits
 753              		.align	2
 754              		.set	.LANCHOR0,. + 0
 757              	nav_ratio:
 758 0000 00000000 		.space	4
 759              		.section	.bss.last_elevator_trim.3856,"aw",%nobits
 760              		.align	2
 761              		.set	.LANCHOR5,. + 0
 764              	last_elevator_trim.3856:
 765 0000 00000000 		.space	4
 766              		.ident	"GCC: (Linaro GCC 4.6-2011.09-1) 4.6.2 20110908 (prerelease)"
DEFINED SYMBOLS
                            *ABS*:00000000 stabilization_attitude.c
     /tmp/ccZqG8Eb.s:13     .text.h_ctl_init:00000000 $a
     /tmp/ccZqG8Eb.s:16     .text.h_ctl_init:00000000 h_ctl_init
     /tmp/ccZqG8Eb.s:75     .text.h_ctl_init:000000cc $d
                            *COM*:00000004 h_ctl_course_setpoint
                            *COM*:00000004 h_ctl_course_pre_bank
                            *COM*:00000004 h_ctl_course_pre_bank_correction
                            *COM*:00000004 h_ctl_course_pgain
                            *COM*:00000004 h_ctl_course_dgain
                            *COM*:00000004 h_ctl_roll_max_setpoint
                            *COM*:00000001 h_ctl_disabled
                            *COM*:00000004 h_ctl_roll_setpoint
                            *COM*:00000002 h_ctl_aileron_setpoint
                            *COM*:00000004 h_ctl_aileron_of_throttle
                            *COM*:00000004 h_ctl_pitch_setpoint
                            *COM*:00000004 h_ctl_pitch_loop_setpoint
                            *COM*:00000004 h_ctl_pitch_pgain
                            *COM*:00000004 h_ctl_pitch_dgain
                            *COM*:00000002 h_ctl_elevator_setpoint
                            *COM*:00000004 h_ctl_elevator_of_roll
                            *COM*:00000004 h_ctl_roll_slew
                            *COM*:00000004 h_ctl_roll_attitude_gain
                            *COM*:00000004 h_ctl_roll_rate_gain
     /tmp/ccZqG8Eb.s:119    .text.h_ctl_course_loop:00000000 $a
     /tmp/ccZqG8Eb.s:122    .text.h_ctl_course_loop:00000000 h_ctl_course_loop
     /tmp/ccZqG8Eb.s:409    .text.h_ctl_course_loop:00000410 $d
     /tmp/ccZqG8Eb.s:441    .text.h_ctl_attitude_loop:00000000 $a
     /tmp/ccZqG8Eb.s:444    .text.h_ctl_attitude_loop:00000000 h_ctl_attitude_loop
     /tmp/ccZqG8Eb.s:673    .text.h_ctl_attitude_loop:00000354 $d
     /tmp/ccZqG8Eb.s:729    .data.v_ctl_auto_throttle_dash_trim:00000000 v_ctl_auto_throttle_dash_trim
     /tmp/ccZqG8Eb.s:750    .data.v_ctl_auto_throttle_loiter_trim:00000000 v_ctl_auto_throttle_loiter_trim
                            *COM*:00000004 h_ctl_roll_pgain
                            *COM*:00000001 h_ctl_auto1_rate
     /tmp/ccZqG8Eb.s:725    .data.v_ctl_auto_throttle_dash_trim:00000000 $d
     /tmp/ccZqG8Eb.s:732    .bss.last_err.3865:00000000 $d
     /tmp/ccZqG8Eb.s:736    .bss.last_err.3865:00000000 last_err.3865
     /tmp/ccZqG8Eb.s:739    .bss.last_err.3823:00000000 $d
     /tmp/ccZqG8Eb.s:743    .bss.last_err.3823:00000000 last_err.3823
     /tmp/ccZqG8Eb.s:746    .data.v_ctl_auto_throttle_loiter_trim:00000000 $d
     /tmp/ccZqG8Eb.s:753    .bss.nav_ratio:00000000 $d
     /tmp/ccZqG8Eb.s:757    .bss.nav_ratio:00000000 nav_ratio
     /tmp/ccZqG8Eb.s:760    .bss.last_elevator_trim.3856:00000000 $d
     /tmp/ccZqG8Eb.s:764    .bss.last_elevator_trim.3856:00000000 last_elevator_trim.3856

UNDEFINED SYMBOLS
__aeabi_fsub
__aeabi_dsub
__aeabi_d2f
__aeabi_f2d
__aeabi_dcmpgt
__aeabi_dadd
__aeabi_dcmplt
__aeabi_fdiv
__aeabi_fcmpgt
__aeabi_fmul
__aeabi_fadd
__aeabi_fcmplt
__aeabi_ddiv
__aeabi_dmul
stateCalcHorizontalSpeedDir_f
stateCalcHorizontalSpeedNorm_f
state
v_ctl_altitude_error
__aeabi_i2f
__aeabi_f2iz
orientationCalcEulers_f
stateCalcBodyRates_f
v_ctl_throttle_setpoint
v_ctl_auto_throttle_nominal_cruise_throttle
v_ctl_auto_throttle_cruise_throttle
