   1              		.cpu arm7tdmi
   2              		.fpu softvfp
   3              		.eabi_attribute 20, 1
   4              		.eabi_attribute 21, 1
   5              		.eabi_attribute 23, 3
   6              		.eabi_attribute 24, 1
   7              		.eabi_attribute 25, 1
   8              		.eabi_attribute 26, 1
   9              		.eabi_attribute 30, 4
  10              		.eabi_attribute 34, 0
  11              		.eabi_attribute 18, 4
  12              		.file	"adc_arch.c"
  13              		.section	.text.adcISR0,"ax",%progbits
  14              		.align	2
  15              		.global	adcISR0
  17              	adcISR0:
  18              		@ Function supports interworking.
  19              		@ Naked Function: prologue and epilogue provided by programmer.
  20              		@ args = 0, pretend = 0, frame = 0
  21              		@ frame_needed = 0, uses_anonymous_args = 0
  22              	@ 229 "arch/lpc21/mcu_periph/adc_arch.c" 1
  23 0000 04E04EE2 		 sub   lr, lr,#4
  24 0004 FF5F2DE9 	 stmfd sp!,{r0-r12,lr}
  25 0008 00104FE1 	 mrs   r1, spsr
  26 000c 02002DE9 	 stmfd sp!,{r1}
  27              	@ 0 "" 2
  28 0010 7C309FE5 		ldr	r3, .L9
  29 0014 043093E5 		ldr	r3, [r3, #4]
  30 0018 0318A0E1 		mov	r1, r3, asl #16
  31 001c 233CA0E1 		mov	r3, r3, lsr #24
  32 0020 073003E2 		and	r3, r3, #7
  33 0024 6C009FE5 		ldr	r0, .L9+4
  34 0028 8320A0E1 		mov	r2, r3, asl #1
  35 002c 211BA0E1 		mov	r1, r1, lsr #22
  36 0030 B21080E1 		strh	r1, [r0, r2]	@ movhi
  37 0034 60209FE5 		ldr	r2, .L9+8
  38 0038 033192E7 		ldr	r3, [r2, r3, asl #2]
  39 003c 000053E3 		cmp	r3, #0
  40 0040 0D00000A 		beq	.L2
  41 0044 4420D3E5 		ldrb	r2, [r3, #68]	@ zero_extendqisi2
  42 0048 4500D3E5 		ldrb	r0, [r3, #69]	@ zero_extendqisi2
  43 004c 012082E2 		add	r2, r2, #1
  44 0050 FF2002E2 		and	r2, r2, #255
  45 0054 020050E1 		cmp	r0, r2
  46 0058 0020A093 		movls	r2, #0
  47 005c 004093E5 		ldr	r4, [r3]
  48 0060 820083E0 		add	r0, r3, r2, asl #1
  49 0064 B4C0D0E1 		ldrh	ip, [r0, #4]
  50 0068 B410C0E1 		strh	r1, [r0, #4]	@ movhi
  51 006c 041081E0 		add	r1, r1, r4
  52 0070 01106CE0 		rsb	r1, ip, r1
  53 0074 001083E5 		str	r1, [r3]
  54 0078 4420C3E5 		strb	r2, [r3, #68]
  55              	.L2:
  56 007c 0020A0E3 		mov	r2, #0
  57 0080 0030E0E3 		mvn	r3, #0
  58 0084 CF2F03E5 		str	r2, [r3, #-4047]
  59              	@ 246 "arch/lpc21/mcu_periph/adc_arch.c" 1
  60 0088 0200BDE8 		 ldmfd sp!,{r1}
  61 008c 01F061E1 	 msr   spsr_c,r1
  62 0090 FF9FFDE8 	 ldmfd sp!,{r0-r12,pc}^
  63              	@ 0 "" 2
  64              	.L10:
  65              		.align	2
  66              	.L9:
  67 0094 004003E0 		.word	-536657920
  68 0098 00000000 		.word	.LANCHOR0
  69 009c 00000000 		.word	.LANCHOR1
  71              		.section	.text.adcISR1,"ax",%progbits
  72              		.align	2
  73              		.global	adcISR1
  75              	adcISR1:
  76              		@ Function supports interworking.
  77              		@ Naked Function: prologue and epilogue provided by programmer.
  78              		@ args = 0, pretend = 0, frame = 0
  79              		@ frame_needed = 0, uses_anonymous_args = 0
  80              	@ 250 "arch/lpc21/mcu_periph/adc_arch.c" 1
  81 0000 04E04EE2 		 sub   lr, lr,#4
  82 0004 FF5F2DE9 	 stmfd sp!,{r0-r12,lr}
  83 0008 00104FE1 	 mrs   r1, spsr
  84 000c 02002DE9 	 stmfd sp!,{r1}
  85              	@ 0 "" 2
  86 0010 80309FE5 		ldr	r3, .L18
  87 0014 043093E5 		ldr	r3, [r3, #4]
  88 0018 0318A0E1 		mov	r1, r3, asl #16
  89 001c 233CA0E1 		mov	r3, r3, lsr #24
  90 0020 073003E2 		and	r3, r3, #7
  91 0024 70009FE5 		ldr	r0, .L18+4
  92 0028 8320A0E1 		mov	r2, r3, asl #1
  93 002c 211BA0E1 		mov	r1, r1, lsr #22
  94 0030 B21080E1 		strh	r1, [r0, r2]	@ movhi
  95 0034 64209FE5 		ldr	r2, .L18+8
  96 0038 083083E2 		add	r3, r3, #8
  97 003c 033192E7 		ldr	r3, [r2, r3, asl #2]
  98 0040 000053E3 		cmp	r3, #0
  99 0044 0D00000A 		beq	.L12
 100 0048 4420D3E5 		ldrb	r2, [r3, #68]	@ zero_extendqisi2
 101 004c 4500D3E5 		ldrb	r0, [r3, #69]	@ zero_extendqisi2
 102 0050 012082E2 		add	r2, r2, #1
 103 0054 FF2002E2 		and	r2, r2, #255
 104 0058 020050E1 		cmp	r0, r2
 105 005c 0020A093 		movls	r2, #0
 106 0060 004093E5 		ldr	r4, [r3]
 107 0064 820083E0 		add	r0, r3, r2, asl #1
 108 0068 B4C0D0E1 		ldrh	ip, [r0, #4]
 109 006c B410C0E1 		strh	r1, [r0, #4]	@ movhi
 110 0070 041081E0 		add	r1, r1, r4
 111 0074 01106CE0 		rsb	r1, ip, r1
 112 0078 001083E5 		str	r1, [r3]
 113 007c 4420C3E5 		strb	r2, [r3, #68]
 114              	.L12:
 115 0080 0020A0E3 		mov	r2, #0
 116 0084 0030E0E3 		mvn	r3, #0
 117 0088 CF2F03E5 		str	r2, [r3, #-4047]
 118              	@ 266 "arch/lpc21/mcu_periph/adc_arch.c" 1
 119 008c 0200BDE8 		 ldmfd sp!,{r1}
 120 0090 01F061E1 	 msr   spsr_c,r1
 121 0094 FF9FFDE8 	 ldmfd sp!,{r0-r12,pc}^
 122              	@ 0 "" 2
 123              	.L19:
 124              		.align	2
 125              	.L18:
 126 0098 000006E0 		.word	-536477696
 127 009c 00000000 		.word	.LANCHOR2
 128 00a0 00000000 		.word	.LANCHOR1
 130              		.section	.text.adc_buf_channel,"ax",%progbits
 131              		.align	2
 132              		.global	adc_buf_channel
 134              	adc_buf_channel:
 135              		@ Function supports interworking.
 136              		@ args = 0, pretend = 0, frame = 0
 137              		@ frame_needed = 0, uses_anonymous_args = 0
 138              		@ link register save eliminated.
 139 0000 08309FE5 		ldr	r3, .L21
 140 0004 4520C1E5 		strb	r2, [r1, #69]
 141 0008 001183E7 		str	r1, [r3, r0, asl #2]
 142 000c 1EFF2FE1 		bx	lr
 143              	.L22:
 144              		.align	2
 145              	.L21:
 146 0010 00000000 		.word	.LANCHOR1
 148              		.section	.text.adc_init,"ax",%progbits
 149              		.align	2
 150              		.global	adc_init
 152              	adc_init:
 153              		@ Function supports interworking.
 154              		@ args = 0, pretend = 0, frame = 0
 155              		@ frame_needed = 0, uses_anonymous_args = 0
 156              		@ link register save eliminated.
 157 0000 80309FE5 		ldr	r3, .L24
 158 0004 002093E5 		ldr	r2, [r3]
 159 0008 032182E3 		orr	r2, r2, #-1073741824
 160 000c 002083E5 		str	r2, [r3]
 161 0010 042093E5 		ldr	r2, [r3, #4]
 162 0014 412A82E3 		orr	r2, r2, #266240
 163 0018 022B82E3 		orr	r2, r2, #2048
 164 001c 042083E5 		str	r2, [r3, #4]
 165 0020 64209FE5 		ldr	r2, .L24+4
 166 0024 023983E2 		add	r3, r3, #32768
 167 0028 002083E5 		str	r2, [r3]
 168 002c 0030E0E3 		mvn	r3, #0
 169 0030 F32F13E5 		ldr	r2, [r3, #-4083]
 170 0034 0127C2E3 		bic	r2, r2, #262144
 171 0038 F32F03E5 		str	r2, [r3, #-4083]
 172 003c 0127A0E3 		mov	r2, #262144
 173 0040 EF2F03E5 		str	r2, [r3, #-4079]
 174 0044 3220A0E3 		mov	r2, #50
 175 0048 F72D03E5 		str	r2, [r3, #-3575]
 176 004c 3C209FE5 		ldr	r2, .L24+8
 177 0050 3C109FE5 		ldr	r1, .L24+12
 178 0054 F72E03E5 		str	r2, [r3, #-3831]
 179 0058 38209FE5 		ldr	r2, .L24+16
 180 005c 001082E5 		str	r1, [r2]
 181 0060 F32F13E5 		ldr	r2, [r3, #-4083]
 182 0064 0226C2E3 		bic	r2, r2, #2097152
 183 0068 F32F03E5 		str	r2, [r3, #-4083]
 184 006c 0226A0E3 		mov	r2, #2097152
 185 0070 EF2F03E5 		str	r2, [r3, #-4079]
 186 0074 3520A0E3 		mov	r2, #53
 187 0078 EF2D03E5 		str	r2, [r3, #-3567]
 188 007c 18209FE5 		ldr	r2, .L24+20
 189 0080 EF2E03E5 		str	r2, [r3, #-3823]
 190 0084 1EFF2FE1 		bx	lr
 191              	.L25:
 192              		.align	2
 193              	.L24:
 194 0088 00C002E0 		.word	-536690688
 195 008c 10FF2100 		.word	2227984
 196 0090 00000000 		.word	adcISR0
 197 0094 E0FF2100 		.word	2228192
 198 0098 000006E0 		.word	-536477696
 199 009c 00000000 		.word	adcISR1
 201              		.global	adc1_val
 202              		.global	adc0_val
 203              		.section	.bss.buffers,"aw",%nobits
 204              		.align	2
 205              		.set	.LANCHOR1,. + 0
 208              	buffers:
 209 0000 00000000 		.space	64
 209      00000000 
 209      00000000 
 209      00000000 
 209      00000000 
 210              		.section	.data.adc0_val,"aw",%progbits
 211              		.align	1
 212              		.set	.LANCHOR0,. + 0
 215              	adc0_val:
 216 0000 0100     		.short	1
 217 0002 0200     		.short	2
 218 0004 0300     		.short	3
 219 0006 0400     		.short	4
 220 0008 0500     		.short	5
 221 000a 0600     		.short	6
 222 000c 0700     		.short	7
 223 000e 0800     		.short	8
 224              		.section	.data.adc1_val,"aw",%progbits
 225              		.align	1
 226              		.set	.LANCHOR2,. + 0
 229              	adc1_val:
 230 0000 0900     		.short	9
 231 0002 0A00     		.short	10
 232 0004 0B00     		.short	11
 233 0006 0C00     		.short	12
 234 0008 0D00     		.short	13
 235 000a 0E00     		.short	14
 236 000c 0F00     		.short	15
 237 000e 1000     		.short	16
 238              		.ident	"GCC: (GNU Tools for ARM Embedded Processors) 4.8.3 20131129 (release) [ARM/embedded-4_8-br
DEFINED SYMBOLS
                            *ABS*:00000000 adc_arch.c
     /tmp/cc3EqEIo.s:14     .text.adcISR0:00000000 $a
     /tmp/cc3EqEIo.s:17     .text.adcISR0:00000000 adcISR0
     /tmp/cc3EqEIo.s:67     .text.adcISR0:00000094 $d
     /tmp/cc3EqEIo.s:72     .text.adcISR1:00000000 $a
     /tmp/cc3EqEIo.s:75     .text.adcISR1:00000000 adcISR1
     /tmp/cc3EqEIo.s:126    .text.adcISR1:00000098 $d
     /tmp/cc3EqEIo.s:131    .text.adc_buf_channel:00000000 $a
     /tmp/cc3EqEIo.s:134    .text.adc_buf_channel:00000000 adc_buf_channel
     /tmp/cc3EqEIo.s:146    .text.adc_buf_channel:00000010 $d
     /tmp/cc3EqEIo.s:149    .text.adc_init:00000000 $a
     /tmp/cc3EqEIo.s:152    .text.adc_init:00000000 adc_init
     /tmp/cc3EqEIo.s:194    .text.adc_init:00000088 $d
     /tmp/cc3EqEIo.s:229    .data.adc1_val:00000000 adc1_val
     /tmp/cc3EqEIo.s:215    .data.adc0_val:00000000 adc0_val
     /tmp/cc3EqEIo.s:204    .bss.buffers:00000000 $d
     /tmp/cc3EqEIo.s:208    .bss.buffers:00000000 buffers
     /tmp/cc3EqEIo.s:211    .data.adc0_val:00000000 $d
     /tmp/cc3EqEIo.s:225    .data.adc1_val:00000000 $d

NO UNDEFINED SYMBOLS
