   1              		.cpu arm7tdmi
   2              		.fpu softvfp
   3              		.eabi_attribute 20, 1
   4              		.eabi_attribute 21, 1
   5              		.eabi_attribute 23, 3
   6              		.eabi_attribute 24, 1
   7              		.eabi_attribute 25, 1
   8              		.eabi_attribute 26, 1
   9              		.eabi_attribute 30, 4
  10              		.eabi_attribute 34, 0
  11              		.eabi_attribute 18, 4
  12              		.file	"ahrs.c"
  13              		.comm	ahrs_mag_offset,4,4
  14              		.comm	ahrs_float,188,4
  15              		.comm	ahrs,156,4
  16              		.ident	"GCC: (GNU Tools for ARM Embedded Processors) 4.8.3 20131129 (release) [ARM/embedded-4_8-br
DEFINED SYMBOLS
                            *ABS*:00000000 ahrs.c
                            *COM*:00000004 ahrs_mag_offset
                            *COM*:000000bc ahrs_float
                            *COM*:0000009c ahrs

NO UNDEFINED SYMBOLS
