   1              		.cpu arm7tdmi
   2              		.fpu softvfp
   3              		.eabi_attribute 20, 1
   4              		.eabi_attribute 21, 1
   5              		.eabi_attribute 23, 3
   6              		.eabi_attribute 24, 1
   7              		.eabi_attribute 25, 1
   8              		.eabi_attribute 26, 1
   9              		.eabi_attribute 30, 4
  10              		.eabi_attribute 18, 4
  11              		.file	"ap_downlink.c"
  12              		.global	telemetry_mode_Ap
  13              		.section	.bss.telemetry_mode_Ap,"aw",%nobits
  16              	telemetry_mode_Ap:
  17 0000 00       		.space	1
  18              		.ident	"GCC: (Linaro GCC 4.6-2011.09-1) 4.6.2 20110908 (prerelease)"
DEFINED SYMBOLS
                            *ABS*:00000000 ap_downlink.c
     /tmp/ccfN4fiy.s:16     .bss.telemetry_mode_Ap:00000000 telemetry_mode_Ap
     /tmp/ccfN4fiy.s:17     .bss.telemetry_mode_Ap:00000000 $d

NO UNDEFINED SYMBOLS
