   1              		.cpu arm7tdmi
   2              		.fpu softvfp
   3              		.eabi_attribute 20, 1
   4              		.eabi_attribute 21, 1
   5              		.eabi_attribute 23, 3
   6              		.eabi_attribute 24, 1
   7              		.eabi_attribute 25, 1
   8              		.eabi_attribute 26, 1
   9              		.eabi_attribute 30, 4
  10              		.eabi_attribute 34, 0
  11              		.eabi_attribute 18, 4
  12              		.file	"commands.c"
  13              		.global	commands_failsafe
  14              		.comm	commands,10,2
  15              		.global	command_pitch_trim
  16              		.global	command_roll_trim
  17              		.section	.bss.command_roll_trim,"aw",%nobits
  18              		.align	1
  21              	command_roll_trim:
  22 0000 0000     		.space	2
  23              		.section	.rodata.commands_failsafe,"a",%progbits
  24              		.align	1
  27              	commands_failsafe:
  28 0000 00000000 		.space	10
  28      00000000 
  28      0000
  29              		.section	.bss.command_pitch_trim,"aw",%nobits
  30              		.align	1
  33              	command_pitch_trim:
  34 0000 0000     		.space	2
  35              		.ident	"GCC: (GNU Tools for ARM Embedded Processors) 4.8.3 20131129 (release) [ARM/embedded-4_8-br
DEFINED SYMBOLS
                            *ABS*:00000000 commands.c
     /tmp/ccvE3okq.s:27     .rodata.commands_failsafe:00000000 commands_failsafe
                            *COM*:0000000a commands
     /tmp/ccvE3okq.s:33     .bss.command_pitch_trim:00000000 command_pitch_trim
     /tmp/ccvE3okq.s:21     .bss.command_roll_trim:00000000 command_roll_trim
     /tmp/ccvE3okq.s:18     .bss.command_roll_trim:00000000 $d
     /tmp/ccvE3okq.s:24     .rodata.commands_failsafe:00000000 $d
     /tmp/ccvE3okq.s:30     .bss.command_pitch_trim:00000000 $d

NO UNDEFINED SYMBOLS
