   1              		.cpu arm7tdmi
   2              		.fpu softvfp
   3              		.eabi_attribute 20, 1
   4              		.eabi_attribute 21, 1
   5              		.eabi_attribute 23, 3
   6              		.eabi_attribute 24, 1
   7              		.eabi_attribute 25, 1
   8              		.eabi_attribute 26, 1
   9              		.eabi_attribute 30, 4
  10              		.eabi_attribute 34, 0
  11              		.eabi_attribute 18, 4
  12              		.file	"discsurvey.c"
  13              		.section	.text.disc_survey_init,"ax",%progbits
  14              		.align	2
  15              		.global	disc_survey_init
  17              	disc_survey_init:
  18              		@ Function supports interworking.
  19              		@ args = 0, pretend = 0, frame = 0
  20              		@ frame_needed = 0, uses_anonymous_args = 0
  21              		@ link register save eliminated.
  22 0000 3C309FE5 		ldr	r3, .L2
  23 0004 000083E5 		str	r0, [r3]	@ float
  24 0008 38309FE5 		ldr	r3, .L2+4
  25 000c 0220A0E3 		mov	r2, #2
  26 0010 0020C3E5 		strb	r2, [r3]
  27 0014 30309FE5 		ldr	r3, .L2+8
  28 0018 0120A0E3 		mov	r2, #1
  29 001c 0020C3E5 		strb	r2, [r3]
  30 0020 28209FE5 		ldr	r2, .L2+12
  31 0024 28309FE5 		ldr	r3, .L2+16
  32 0028 002092E5 		ldr	r2, [r2]	@ float
  33 002c 002083E5 		str	r2, [r3]	@ float
  34 0030 20209FE5 		ldr	r2, .L2+20
  35 0034 002092E5 		ldr	r2, [r2]	@ float
  36 0038 0000A0E3 		mov	r0, #0
  37 003c 042083E5 		str	r2, [r3, #4]	@ float
  38 0040 1EFF2FE1 		bx	lr
  39              	.L3:
  40              		.align	2
  41              	.L2:
  42 0044 00000000 		.word	nav_survey_shift
  43 0048 00000000 		.word	.LANCHOR0
  44 004c 00000000 		.word	.LANCHOR1
  45 0050 00000000 		.word	estimator_x
  46 0054 00000000 		.word	.LANCHOR2
  47 0058 00000000 		.word	estimator_y
  49              		.global	__aeabi_f2d
  50              		.global	__aeabi_dadd
  51              		.global	__aeabi_d2f
  52              		.global	__aeabi_fmul
  53              		.global	__aeabi_i2f
  54              		.global	__aeabi_dsub
  55              		.global	__aeabi_dmul
  56              		.global	__aeabi_fadd
  57              		.global	__aeabi_fcmplt
  58              		.global	__aeabi_fsub
  59              		.global	__aeabi_fcmpge
  60              		.global	__aeabi_fcmpgt
  61              		.section	.text.disc_survey,"ax",%progbits
  62              		.align	2
  63              		.global	disc_survey
  65              	disc_survey:
  66              		@ Function supports interworking.
  67              		@ args = 0, pretend = 0, frame = 32
  68              		@ frame_needed = 0, uses_anonymous_args = 0
  69 0000 F04F2DE9 		stmfd	sp!, {r4, r5, r6, r7, r8, r9, r10, fp, lr}
  70 0004 50359FE5 		ldr	r3, .L45
  71 0008 2CD04DE2 		sub	sp, sp, #44
  72 000c 1C008DE5 		str	r0, [sp, #28]
  73 0010 000093E5 		ldr	r0, [r3]	@ float
  74 0014 0190A0E1 		mov	r9, r1
  75 0018 FEFFFFEB 		bl	__aeabi_f2d
  76 001c 3C359FE5 		ldr	r3, .L45+4
  77 0020 0040A0E1 		mov	r4, r0
  78 0024 000093E5 		ldr	r0, [r3]	@ float
  79 0028 0150A0E1 		mov	r5, r1
  80 002c FEFFFFEB 		bl	__aeabi_f2d
  81 0030 0020A0E1 		mov	r2, r0
  82 0034 0130A0E1 		mov	r3, r1
  83 0038 0400A0E1 		mov	r0, r4
  84 003c 0510A0E1 		mov	r1, r5
  85 0040 FEFFFFEB 		bl	atan2
  86 0044 18259FE5 		ldr	r2, .L45+8
  87 0048 18359FE5 		ldr	r3, .L45+12
  88 004c FEFFFFEB 		bl	__aeabi_dadd
  89 0050 FEFFFFEB 		bl	__aeabi_d2f
  90 0054 FEFFFFEB 		bl	__aeabi_f2d
  91 0058 0040A0E1 		mov	r4, r0
  92 005c 0150A0E1 		mov	r5, r1
  93 0060 FEFFFFEB 		bl	cos
  94 0064 FEFFFFEB 		bl	__aeabi_d2f
  95 0068 0510A0E1 		mov	r1, r5
  96 006c 0060A0E1 		mov	r6, r0
  97 0070 0400A0E1 		mov	r0, r4
  98 0074 FEFFFFEB 		bl	sin
  99 0078 FEFFFFEB 		bl	__aeabi_d2f
 100 007c E8349FE5 		ldr	r3, .L45+16
 101 0080 0070A0E1 		mov	r7, r0
 102 0084 3F14A0E3 		mov	r1, #1056964608
 103 0088 000093E5 		ldr	r0, [r3]	@ float
 104 008c FEFFFFEB 		bl	__aeabi_fmul
 105 0090 D8A49FE5 		ldr	r10, .L45+20
 106 0094 0030DAE5 		ldrb	r3, [r10]	@ zero_extendqisi2
 107 0098 010053E3 		cmp	r3, #1
 108 009c 0080A0E1 		mov	r8, r0
 109 00a0 8C00000A 		beq	.L6
 110 00a4 1A00003A 		bcc	.L7
 111 00a8 020053E3 		cmp	r3, #2
 112 00ac 1401001A 		bne	.L5
 113 00b0 1C309DE5 		ldr	r3, [sp, #28]
 114 00b4 0C50A0E3 		mov	r5, #12
 115 00b8 930505E0 		mul	r5, r3, r5
 116 00bc B0B49FE5 		ldr	fp, .L45+24
 117 00c0 0910A0E1 		mov	r1, r9
 118 00c4 05308BE0 		add	r3, fp, r5
 119 00c8 0600A0E1 		mov	r0, r6
 120 00cc 0C308DE5 		str	r3, [sp, #12]
 121 00d0 FEFFFFEB 		bl	__aeabi_fmul
 122 00d4 0010A0E1 		mov	r1, r0
 123 00d8 05009BE7 		ldr	r0, [fp, r5]	@ float
 124 00dc FEFFFFEB 		bl	__aeabi_fsub
 125 00e0 90449FE5 		ldr	r4, .L45+28
 126 00e4 0910A0E1 		mov	r1, r9
 127 00e8 000084E5 		str	r0, [r4]	@ float
 128 00ec 0700A0E1 		mov	r0, r7
 129 00f0 FEFFFFEB 		bl	__aeabi_fmul
 130 00f4 0C309DE5 		ldr	r3, [sp, #12]
 131 00f8 0010A0E1 		mov	r1, r0
 132 00fc 040093E5 		ldr	r0, [r3, #4]	@ float
 133 0100 FEFFFFEB 		bl	__aeabi_fsub
 134 0104 0130A0E3 		mov	r3, #1
 135 0108 040084E5 		str	r0, [r4, #4]	@ float
 136 010c 0030CAE5 		strb	r3, [r10]
 137 0110 700000EA 		b	.L6
 138              	.L7:
 139 0114 60349FE5 		ldr	r3, .L45+32
 140 0118 D000D3E1 		ldrsb	r0, [r3]
 141 011c FEFFFFEB 		bl	__aeabi_i2f
 142 0120 0010A0E1 		mov	r1, r0
 143 0124 0800A0E1 		mov	r0, r8
 144 0128 FEFFFFEB 		bl	__aeabi_fmul
 145 012c 4CB49FE5 		ldr	fp, .L45+36
 146 0130 0020A0E1 		mov	r2, r0
 147 0134 04109BE5 		ldr	r1, [fp, #4]	@ float
 148 0138 00009BE5 		ldr	r0, [fp]	@ float
 149 013c FEFFFFEB 		bl	nav_circle_XY
 150 0140 0420A0E1 		mov	r2, r4
 151 0144 0530A0E1 		mov	r3, r5
 152 0148 14049FE5 		ldr	r0, .L45+8
 153 014c 30149FE5 		ldr	r1, .L45+40
 154 0150 FEFFFFEB 		bl	__aeabi_dsub
 155 0154 2C249FE5 		ldr	r2, .L45+44
 156 0158 2C349FE5 		ldr	r3, .L45+48
 157 015c FEFFFFEB 		bl	__aeabi_dmul
 158 0160 28349FE5 		ldr	r3, .L45+52
 159 0164 10008DE5 		str	r0, [sp, #16]
 160 0168 14108DE5 		str	r1, [sp, #20]
 161 016c 000093E5 		ldr	r0, [r3]	@ float
 162 0170 FEFFFFEB 		bl	__aeabi_f2d
 163 0174 0020A0E1 		mov	r2, r0
 164 0178 0130A0E1 		mov	r3, r1
 165 017c E0039FE5 		ldr	r0, .L45+8
 166 0180 FC139FE5 		ldr	r1, .L45+40
 167 0184 FEFFFFEB 		bl	__aeabi_dsub
 168 0188 F8239FE5 		ldr	r2, .L45+44
 169 018c F8339FE5 		ldr	r3, .L45+48
 170 0190 FEFFFFEB 		bl	__aeabi_dmul
 171 0194 FEFFFFEB 		bl	__aeabi_d2f
 172 0198 0050A0E3 		mov	r5, #0
 173 019c 0040A0E1 		mov	r4, r0
 174              	.L9:
 175 01a0 0400A0E1 		mov	r0, r4
 176 01a4 0010A0E3 		mov	r1, #0
 177 01a8 FEFFFFEB 		bl	__aeabi_fcmplt
 178 01ac 000050E3 		cmp	r0, #0
 179 01b0 FFB005E2 		and	fp, r5, #255
 180 01b4 1000000A 		beq	.L11
 181 01b8 015085E2 		add	r5, r5, #1
 182 01bc 010C55E3 		cmp	r5, #256
 183 01c0 0400000A 		beq	.L42
 184 01c4 0400A0E1 		mov	r0, r4
 185 01c8 C4139FE5 		ldr	r1, .L45+56
 186 01cc FEFFFFEB 		bl	__aeabi_fadd
 187 01d0 0040A0E1 		mov	r4, r0
 188 01d4 F1FFFFEA 		b	.L9
 189              	.L42:
 190 01d8 00B0A0E3 		mov	fp, #0
 191 01dc 060000EA 		b	.L11
 192              	.L14:
 193 01e0 01B08BE2 		add	fp, fp, #1
 194 01e4 FFB01BE2 		ands	fp, fp, #255
 195 01e8 0800000A 		beq	.L17
 196 01ec 0400A0E1 		mov	r0, r4
 197 01f0 9C139FE5 		ldr	r1, .L45+56
 198 01f4 FEFFFFEB 		bl	__aeabi_fsub
 199 01f8 0040A0E1 		mov	r4, r0
 200              	.L11:
 201 01fc 0400A0E1 		mov	r0, r4
 202 0200 8C139FE5 		ldr	r1, .L45+56
 203 0204 FEFFFFEB 		bl	__aeabi_fcmpge
 204 0208 000050E3 		cmp	r0, #0
 205 020c F3FFFF1A 		bne	.L14
 206              	.L17:
 207 0210 0400A0E1 		mov	r0, r4
 208 0214 FEFFFFEB 		bl	__aeabi_f2d
 209 0218 0020A0E1 		mov	r2, r0
 210 021c 0130A0E1 		mov	r3, r1
 211 0220 10108DE2 		add	r1, sp, #16
 212 0224 030091E8 		ldmia	r1, {r0-r1}
 213 0228 FEFFFFEB 		bl	__aeabi_dsub
 214 022c FEFFFFEB 		bl	__aeabi_d2f
 215 0230 00B0A0E3 		mov	fp, #0
 216 0234 0040A0E1 		mov	r4, r0
 217 0238 060000EA 		b	.L15
 218              	.L44:
 219 023c 01B08BE2 		add	fp, fp, #1
 220 0240 010C5BE3 		cmp	fp, #256
 221 0244 0A00000A 		beq	.L43
 222 0248 0400A0E1 		mov	r0, r4
 223 024c 40139FE5 		ldr	r1, .L45+56
 224 0250 FEFFFFEB 		bl	__aeabi_fadd
 225 0254 0040A0E1 		mov	r4, r0
 226              	.L15:
 227 0258 0400A0E1 		mov	r0, r4
 228 025c 0010A0E3 		mov	r1, #0
 229 0260 FEFFFFEB 		bl	__aeabi_fcmplt
 230 0264 000050E3 		cmp	r0, #0
 231 0268 FF500BE2 		and	r5, fp, #255
 232 026c F2FFFF1A 		bne	.L44
 233 0270 080000EA 		b	.L19
 234              	.L43:
 235 0274 0050A0E3 		mov	r5, #0
 236 0278 060000EA 		b	.L19
 237              	.L22:
 238 027c 015085E2 		add	r5, r5, #1
 239 0280 FF5015E2 		ands	r5, r5, #255
 240 0284 0800000A 		beq	.L26
 241 0288 0400A0E1 		mov	r0, r4
 242 028c 00139FE5 		ldr	r1, .L45+56
 243 0290 FEFFFFEB 		bl	__aeabi_fsub
 244 0294 0040A0E1 		mov	r4, r0
 245              	.L19:
 246 0298 0400A0E1 		mov	r0, r4
 247 029c F0129FE5 		ldr	r1, .L45+56
 248 02a0 FEFFFFEB 		bl	__aeabi_fcmpge
 249 02a4 000050E3 		cmp	r0, #0
 250 02a8 F3FFFF1A 		bne	.L22
 251              	.L26:
 252 02ac 0400A0E1 		mov	r0, r4
 253 02b0 E0129FE5 		ldr	r1, .L45+60
 254 02b4 FEFFFFEB 		bl	__aeabi_fcmpgt
 255 02b8 000050E3 		cmp	r0, #0
 256 02bc 2C00001A 		bne	.L23
 257 02c0 0400A0E1 		mov	r0, r4
 258 02c4 D0129FE5 		ldr	r1, .L45+64
 259 02c8 FEFFFFEB 		bl	__aeabi_fcmplt
 260 02cc 000050E3 		cmp	r0, #0
 261 02d0 2700001A 		bne	.L23
 262 02d4 8A0000EA 		b	.L5
 263              	.L6:
 264 02d8 C0529FE5 		ldr	r5, .L45+68
 265 02dc 94429FE5 		ldr	r4, .L45+28
 266 02e0 000095E5 		ldr	r0, [r5]	@ float
 267 02e4 041095E5 		ldr	r1, [r5, #4]	@ float
 268 02e8 002094E5 		ldr	r2, [r4]	@ float
 269 02ec 043094E5 		ldr	r3, [r4, #4]	@ float
 270 02f0 FEFFFFEB 		bl	nav_route_xy
 271 02f4 A8329FE5 		ldr	r3, .L45+72
 272 02f8 00308DE5 		str	r3, [sp]	@ float
 273 02fc 000094E5 		ldr	r0, [r4]	@ float
 274 0300 041094E5 		ldr	r1, [r4, #4]	@ float
 275 0304 002095E5 		ldr	r2, [r5]	@ float
 276 0308 043095E5 		ldr	r3, [r5, #4]	@ float
 277 030c FEFFFFEB 		bl	nav_approaching_xy
 278 0310 000050E3 		cmp	r0, #0
 279 0314 7A00000A 		beq	.L5
 280 0318 0610A0E1 		mov	r1, r6
 281 031c 0800A0E1 		mov	r0, r8
 282 0320 FEFFFFEB 		bl	__aeabi_fmul
 283 0324 0010A0E1 		mov	r1, r0
 284 0328 000094E5 		ldr	r0, [r4]	@ float
 285 032c FEFFFFEB 		bl	__aeabi_fadd
 286 0330 48529FE5 		ldr	r5, .L45+36
 287 0334 0710A0E1 		mov	r1, r7
 288 0338 000085E5 		str	r0, [r5]	@ float
 289 033c 0800A0E1 		mov	r0, r8
 290 0340 FEFFFFEB 		bl	__aeabi_fmul
 291 0344 0010A0E1 		mov	r1, r0
 292 0348 040094E5 		ldr	r0, [r4, #4]	@ float
 293 034c FEFFFFEB 		bl	__aeabi_fadd
 294 0350 24329FE5 		ldr	r3, .L45+32
 295 0354 0020D3E5 		ldrb	r2, [r3]	@ zero_extendqisi2
 296 0358 040085E5 		str	r0, [r5, #4]	@ float
 297 035c 002062E2 		rsb	r2, r2, #0
 298 0360 0020C3E5 		strb	r2, [r3]
 299 0364 0030A0E3 		mov	r3, #0
 300              	.L40:
 301 0368 0030CAE5 		strb	r3, [r10]
 302 036c FEFFFFEB 		bl	nav_init_stage
 303 0370 630000EA 		b	.L5
 304              	.L23:
 305 0374 2C229FE5 		ldr	r2, .L45+76
 306 0378 004092E5 		ldr	r4, [r2]	@ float
 307 037c 1C209DE5 		ldr	r2, [sp, #28]
 308 0380 0C50A0E3 		mov	r5, #12
 309 0384 920505E0 		mul	r5, r2, r5
 310 0388 1C329FE5 		ldr	r3, .L45+80
 311 038c 000093E5 		ldr	r0, [r3]	@ float
 312 0390 08329FE5 		ldr	r3, .L45+68
 313 0394 D8B19FE5 		ldr	fp, .L45+24
 314 0398 000083E5 		str	r0, [r3]	@ float
 315 039c 044083E5 		str	r4, [r3, #4]	@ float
 316 03a0 05109BE7 		ldr	r1, [fp, r5]	@ float
 317 03a4 05308BE0 		add	r3, fp, r5
 318 03a8 10308DE5 		str	r3, [sp, #16]
 319 03ac FEFFFFEB 		bl	__aeabi_fsub
 320 03b0 0010A0E1 		mov	r1, r0
 321 03b4 0600A0E1 		mov	r0, r6
 322 03b8 FEFFFFEB 		bl	__aeabi_fmul
 323 03bc 10209DE5 		ldr	r2, [sp, #16]
 324 03c0 0030A0E1 		mov	r3, r0
 325 03c4 041092E5 		ldr	r1, [r2, #4]	@ float
 326 03c8 0400A0E1 		mov	r0, r4
 327 03cc 0C308DE5 		str	r3, [sp, #12]
 328 03d0 FEFFFFEB 		bl	__aeabi_fsub
 329 03d4 0010A0E1 		mov	r1, r0
 330 03d8 0700A0E1 		mov	r0, r7
 331 03dc FEFFFFEB 		bl	__aeabi_fmul
 332 03e0 0C309DE5 		ldr	r3, [sp, #12]
 333 03e4 0010A0E1 		mov	r1, r0
 334 03e8 0300A0E1 		mov	r0, r3
 335 03ec FEFFFFEB 		bl	__aeabi_fadd
 336 03f0 0910A0E1 		mov	r1, r9
 337 03f4 0040A0E1 		mov	r4, r0
 338 03f8 FEFFFFEB 		bl	__aeabi_fcmpgt
 339 03fc 000050E3 		cmp	r0, #0
 340 0400 0230A013 		movne	r3, #2
 341 0404 D7FFFF1A 		bne	.L40
 342 0408 0910A0E1 		mov	r1, r9
 343 040c 0900A0E1 		mov	r0, r9
 344 0410 FEFFFFEB 		bl	__aeabi_fmul
 345 0414 0410A0E1 		mov	r1, r4
 346 0418 0090A0E1 		mov	r9, r0
 347 041c 0400A0E1 		mov	r0, r4
 348 0420 FEFFFFEB 		bl	__aeabi_fmul
 349 0424 0010A0E1 		mov	r1, r0
 350 0428 0900A0E1 		mov	r0, r9
 351 042c FEFFFFEB 		bl	__aeabi_fsub
 352 0430 FEFFFFEB 		bl	__aeabi_f2d
 353 0434 FEFFFFEB 		bl	sqrt
 354 0438 20008DE5 		str	r0, [sp, #32]
 355 043c 24108DE5 		str	r1, [sp, #36]
 356 0440 0800A0E1 		mov	r0, r8
 357 0444 FEFFFFEB 		bl	__aeabi_f2d
 358 0448 0020A0E3 		mov	r2, #0
 359 044c 5C319FE5 		ldr	r3, .L45+84
 360 0450 FEFFFFEB 		bl	__aeabi_dmul
 361 0454 0020A0E1 		mov	r2, r0
 362 0458 0130A0E1 		mov	r3, r1
 363 045c 20108DE2 		add	r1, sp, #32
 364 0460 030091E8 		ldmia	r1, {r0-r1}
 365 0464 FEFFFFEB 		bl	__aeabi_dsub
 366 0468 FEFFFFEB 		bl	__aeabi_d2f
 367 046c 08319FE5 		ldr	r3, .L45+32
 368 0470 0080A0E1 		mov	r8, r0
 369 0474 D000D3E1 		ldrsb	r0, [r3]
 370 0478 FEFFFFEB 		bl	__aeabi_i2f
 371 047c 0010A0E1 		mov	r1, r0
 372 0480 0800A0E1 		mov	r0, r8
 373 0484 FEFFFFEB 		bl	__aeabi_fmul
 374 0488 0610A0E1 		mov	r1, r6
 375 048c 0090A0E1 		mov	r9, r0
 376 0490 0400A0E1 		mov	r0, r4
 377 0494 FEFFFFEB 		bl	__aeabi_fmul
 378 0498 05109BE7 		ldr	r1, [fp, r5]	@ float
 379 049c FEFFFFEB 		bl	__aeabi_fadd
 380 04a0 021187E2 		add	r1, r7, #-2147483648
 381 04a4 0050A0E1 		mov	r5, r0
 382 04a8 0900A0E1 		mov	r0, r9
 383 04ac FEFFFFEB 		bl	__aeabi_fmul
 384 04b0 0010A0E1 		mov	r1, r0
 385 04b4 0500A0E1 		mov	r0, r5
 386 04b8 FEFFFFEB 		bl	__aeabi_fsub
 387 04bc B4809FE5 		ldr	r8, .L45+28
 388 04c0 0710A0E1 		mov	r1, r7
 389 04c4 000088E5 		str	r0, [r8]	@ float
 390 04c8 0400A0E1 		mov	r0, r4
 391 04cc FEFFFFEB 		bl	__aeabi_fmul
 392 04d0 10209DE5 		ldr	r2, [sp, #16]
 393 04d4 041092E5 		ldr	r1, [r2, #4]	@ float
 394 04d8 FEFFFFEB 		bl	__aeabi_fadd
 395 04dc 0610A0E1 		mov	r1, r6
 396 04e0 0040A0E1 		mov	r4, r0
 397 04e4 0900A0E1 		mov	r0, r9
 398 04e8 FEFFFFEB 		bl	__aeabi_fmul
 399 04ec 0010A0E1 		mov	r1, r0
 400 04f0 0400A0E1 		mov	r0, r4
 401 04f4 FEFFFFEB 		bl	__aeabi_fsub
 402 04f8 0130A0E3 		mov	r3, #1
 403 04fc 040088E5 		str	r0, [r8, #4]	@ float
 404 0500 98FFFFEA 		b	.L40
 405              	.L5:
 406 0504 A8309FE5 		ldr	r3, .L45+88
 407 0508 0020A0E3 		mov	r2, #0
 408 050c 0020C3E5 		strb	r2, [r3]
 409 0510 A0209FE5 		ldr	r2, .L45+92
 410 0514 0030A0E3 		mov	r3, #0
 411 0518 003082E5 		str	r3, [r2]	@ float
 412 051c 98209FE5 		ldr	r2, .L45+96
 413 0520 0310A0E3 		mov	r1, #3
 414 0524 0010C2E5 		strb	r1, [r2]
 415 0528 1C009DE5 		ldr	r0, [sp, #28]
 416 052c 40209FE5 		ldr	r2, .L45+24
 417 0530 0C10A0E3 		mov	r1, #12
 418 0534 912022E0 		mla	r2, r1, r0, r2
 419 0538 081092E5 		ldr	r1, [r2, #8]	@ float
 420 053c 7C209FE5 		ldr	r2, .L45+100
 421 0540 001082E5 		str	r1, [r2]	@ float
 422 0544 78209FE5 		ldr	r2, .L45+104
 423 0548 0100A0E3 		mov	r0, #1
 424 054c 003082E5 		str	r3, [r2]	@ float
 425 0550 2CD08DE2 		add	sp, sp, #44
 426              		@ sp needed
 427 0554 F04FBDE8 		ldmfd	sp!, {r4, r5, r6, r7, r8, r9, r10, fp, lr}
 428 0558 1EFF2FE1 		bx	lr
 429              	.L46:
 430              		.align	2
 431              	.L45:
 432 055c 00000000 		.word	wind_north
 433 0560 00000000 		.word	wind_east
 434 0564 182D4454 		.word	1413754136
 435 0568 FB210940 		.word	1074340347
 436 056c 00000000 		.word	nav_survey_shift
 437 0570 00000000 		.word	.LANCHOR0
 438 0574 00000000 		.word	waypoints
 439 0578 00000000 		.word	.LANCHOR4
 440 057c 00000000 		.word	.LANCHOR1
 441 0580 00000000 		.word	.LANCHOR3
 442 0584 FB21F93F 		.word	1073291771
 443 0588 F8C1631A 		.word	442745336
 444 058c DCA54C40 		.word	1078765020
 445 0590 00000000 		.word	nav_circle_trigo_qdr
 446 0594 0000B443 		.word	1135869952
 447 0598 0000AF43 		.word	1135542272
 448 059c 00002041 		.word	1092616192
 449 05a0 00000000 		.word	.LANCHOR2
 450 05a4 0000A040 		.word	1084227584
 451 05a8 00000000 		.word	estimator_y
 452 05ac 00000000 		.word	estimator_x
 453 05b0 0000F83F 		.word	1073217536
 454 05b4 00000000 		.word	v_ctl_climb_mode
 455 05b8 00000000 		.word	nav_pitch
 456 05bc 00000000 		.word	v_ctl_mode
 457 05c0 00000000 		.word	nav_altitude
 458 05c4 00000000 		.word	v_ctl_altitude_pre_climb
 460              		.section	.bss.c1,"aw",%nobits
 461              		.align	2
 462              		.set	.LANCHOR2,. + 0
 465              	c1:
 466 0000 00000000 		.space	12
 466      00000000 
 466      00000000 
 467              		.section	.bss.c2,"aw",%nobits
 468              		.align	2
 469              		.set	.LANCHOR4,. + 0
 472              	c2:
 473 0000 00000000 		.space	12
 473      00000000 
 473      00000000 
 474              		.section	.bss.c,"aw",%nobits
 475              		.align	2
 476              		.set	.LANCHOR3,. + 0
 479              	c:
 480 0000 00000000 		.space	12
 480      00000000 
 480      00000000 
 481              		.section	.bss.sign,"aw",%nobits
 482              		.set	.LANCHOR1,. + 0
 485              	sign:
 486 0000 00       		.space	1
 487              		.section	.bss.status,"aw",%nobits
 488              		.set	.LANCHOR0,. + 0
 491              	status:
 492 0000 00       		.space	1
 493              		.ident	"GCC: (GNU Tools for ARM Embedded Processors) 4.8.3 20131129 (release) [ARM/embedded-4_8-br
DEFINED SYMBOLS
                            *ABS*:00000000 discsurvey.c
     /tmp/ccgNFTJP.s:14     .text.disc_survey_init:00000000 $a
     /tmp/ccgNFTJP.s:17     .text.disc_survey_init:00000000 disc_survey_init
     /tmp/ccgNFTJP.s:42     .text.disc_survey_init:00000044 $d
     /tmp/ccgNFTJP.s:62     .text.disc_survey:00000000 $a
     /tmp/ccgNFTJP.s:65     .text.disc_survey:00000000 disc_survey
     /tmp/ccgNFTJP.s:432    .text.disc_survey:0000055c $d
     /tmp/ccgNFTJP.s:461    .bss.c1:00000000 $d
     /tmp/ccgNFTJP.s:465    .bss.c1:00000000 c1
     /tmp/ccgNFTJP.s:468    .bss.c2:00000000 $d
     /tmp/ccgNFTJP.s:472    .bss.c2:00000000 c2
     /tmp/ccgNFTJP.s:475    .bss.c:00000000 $d
     /tmp/ccgNFTJP.s:479    .bss.c:00000000 c
     /tmp/ccgNFTJP.s:485    .bss.sign:00000000 sign
     /tmp/ccgNFTJP.s:486    .bss.sign:00000000 $d
     /tmp/ccgNFTJP.s:491    .bss.status:00000000 status
     /tmp/ccgNFTJP.s:492    .bss.status:00000000 $d

UNDEFINED SYMBOLS
nav_survey_shift
estimator_x
estimator_y
__aeabi_f2d
__aeabi_dadd
__aeabi_d2f
__aeabi_fmul
__aeabi_i2f
__aeabi_dsub
__aeabi_dmul
__aeabi_fadd
__aeabi_fcmplt
__aeabi_fsub
__aeabi_fcmpge
__aeabi_fcmpgt
atan2
cos
sin
nav_circle_XY
nav_route_xy
nav_approaching_xy
nav_init_stage
sqrt
wind_north
wind_east
waypoints
nav_circle_trigo_qdr
v_ctl_climb_mode
nav_pitch
v_ctl_mode
nav_altitude
v_ctl_altitude_pre_climb
