   1              		.cpu arm7tdmi
   2              		.fpu softvfp
   3              		.eabi_attribute 20, 1
   4              		.eabi_attribute 21, 1
   5              		.eabi_attribute 23, 3
   6              		.eabi_attribute 24, 1
   7              		.eabi_attribute 25, 1
   8              		.eabi_attribute 26, 1
   9              		.eabi_attribute 30, 4
  10              		.eabi_attribute 34, 0
  11              		.eabi_attribute 18, 4
  12              		.file	"electrical.c"
  13              		.section	.text.electrical_init,"ax",%progbits
  14              		.align	2
  15              		.global	electrical_init
  17              	electrical_init:
  18              		@ Function supports interworking.
  19              		@ args = 0, pretend = 0, frame = 0
  20              		@ frame_needed = 0, uses_anonymous_args = 0
  21 0000 08402DE9 		stmfd	sp!, {r3, lr}
  22 0004 24309FE5 		ldr	r3, .L2
  23 0008 0020A0E3 		mov	r2, #0
  24 000c B020C3E1 		strh	r2, [r3]	@ movhi
  25 0010 042083E5 		str	r2, [r3, #4]
  26 0014 B220C3E1 		strh	r2, [r3, #2]	@ movhi
  27 0018 0D00A0E3 		mov	r0, #13
  28 001c 10109FE5 		ldr	r1, .L2+4
  29 0020 2020A0E3 		mov	r2, #32
  30 0024 FEFFFFEB 		bl	adc_buf_channel
  31 0028 0840BDE8 		ldmfd	sp!, {r3, lr}
  32 002c 1EFF2FE1 		bx	lr
  33              	.L3:
  34              		.align	2
  35              	.L2:
  36 0030 00000000 		.word	electrical
  37 0034 00000000 		.word	.LANCHOR0
  39              		.global	__aeabi_uidiv
  40              		.global	__aeabi_ui2f
  41              		.global	__aeabi_f2d
  42              		.global	__aeabi_dmul
  43              		.global	__aeabi_dadd
  44              		.global	__aeabi_d2f
  45              		.global	__aeabi_fmul
  46              		.global	__aeabi_f2uiz
  47              		.section	.text.electrical_periodic,"ax",%progbits
  48              		.align	2
  49              		.global	electrical_periodic
  51              	electrical_periodic:
  52              		@ Function supports interworking.
  53              		@ args = 0, pretend = 0, frame = 0
  54              		@ frame_needed = 0, uses_anonymous_args = 0
  55 0000 10402DE9 		stmfd	sp!, {r4, lr}
  56 0004 54309FE5 		ldr	r3, .L5
  57 0008 000093E5 		ldr	r0, [r3]
  58 000c 4510D3E5 		ldrb	r1, [r3, #69]	@ zero_extendqisi2
  59 0010 FEFFFFEB 		bl	__aeabi_uidiv
  60 0014 48409FE5 		ldr	r4, .L5+4
  61 0018 0008A0E1 		mov	r0, r0, asl #16
  62 001c 2008A0E1 		mov	r0, r0, lsr #16
  63 0020 B200C4E1 		strh	r0, [r4, #2]	@ movhi
  64 0024 FEFFFFEB 		bl	__aeabi_ui2f
  65 0028 FEFFFFEB 		bl	__aeabi_f2d
  66 002c 34209FE5 		ldr	r2, .L5+8
  67 0030 34309FE5 		ldr	r3, .L5+12
  68 0034 FEFFFFEB 		bl	__aeabi_dmul
  69 0038 30209FE5 		ldr	r2, .L5+16
  70 003c 30309FE5 		ldr	r3, .L5+20
  71 0040 FEFFFFEB 		bl	__aeabi_dadd
  72 0044 FEFFFFEB 		bl	__aeabi_d2f
  73 0048 28109FE5 		ldr	r1, .L5+24
  74 004c FEFFFFEB 		bl	__aeabi_fmul
  75 0050 FEFFFFEB 		bl	__aeabi_f2uiz
  76 0054 B000C4E1 		strh	r0, [r4]	@ movhi
  77 0058 1040BDE8 		ldmfd	sp!, {r4, lr}
  78 005c 1EFF2FE1 		bx	lr
  79              	.L6:
  80              		.align	2
  81              	.L5:
  82 0060 00000000 		.word	.LANCHOR0
  83 0064 00000000 		.word	electrical
  84 0068 57DD259C 		.word	-1675240105
  85 006c D620A23F 		.word	1067589846
  86 0070 09BB2A0D 		.word	220904201
  87 0074 4A4AA33F 		.word	1067665994
  88 0078 00002041 		.word	1092616192
  90              		.comm	electrical,12,4
  91              		.section	.bss.electrical_priv,"aw",%nobits
  92              		.align	2
  93              		.set	.LANCHOR0,. + 0
  96              	electrical_priv:
  97 0000 00000000 		.space	72
  97      00000000 
  97      00000000 
  97      00000000 
  97      00000000 
  98              		.ident	"GCC: (GNU Tools for ARM Embedded Processors) 4.8.3 20131129 (release) [ARM/embedded-4_8-br
DEFINED SYMBOLS
                            *ABS*:00000000 electrical.c
     /tmp/cc9Tm4lh.s:14     .text.electrical_init:00000000 $a
     /tmp/cc9Tm4lh.s:17     .text.electrical_init:00000000 electrical_init
     /tmp/cc9Tm4lh.s:36     .text.electrical_init:00000030 $d
                            *COM*:0000000c electrical
     /tmp/cc9Tm4lh.s:48     .text.electrical_periodic:00000000 $a
     /tmp/cc9Tm4lh.s:51     .text.electrical_periodic:00000000 electrical_periodic
     /tmp/cc9Tm4lh.s:82     .text.electrical_periodic:00000060 $d
     /tmp/cc9Tm4lh.s:92     .bss.electrical_priv:00000000 $d
     /tmp/cc9Tm4lh.s:96     .bss.electrical_priv:00000000 electrical_priv

UNDEFINED SYMBOLS
adc_buf_channel
__aeabi_uidiv
__aeabi_ui2f
__aeabi_f2d
__aeabi_dmul
__aeabi_dadd
__aeabi_d2f
__aeabi_fmul
__aeabi_f2uiz
