   1              		.cpu arm7tdmi
   2              		.fpu softvfp
   3              		.eabi_attribute 20, 1
   4              		.eabi_attribute 21, 1
   5              		.eabi_attribute 23, 3
   6              		.eabi_attribute 24, 1
   7              		.eabi_attribute 25, 1
   8              		.eabi_attribute 26, 1
   9              		.eabi_attribute 30, 4
  10              		.eabi_attribute 34, 0
  11              		.eabi_attribute 18, 4
  12              		.file	"estimator.c"
  13              		.section	.text.alt_kalman_reset,"ax",%progbits
  14              		.align	2
  15              		.global	alt_kalman_reset
  17              	alt_kalman_reset:
  18              		@ Function supports interworking.
  19              		@ args = 0, pretend = 0, frame = 0
  20              		@ frame_needed = 0, uses_anonymous_args = 0
  21              		@ link register save eliminated.
  22 0000 18309FE5 		ldr	r3, .L2
  23 0004 FE25A0E3 		mov	r2, #1065353216
  24 0008 0010A0E3 		mov	r1, #0
  25 000c 002083E5 		str	r2, [r3]	@ float
  26 0010 041083E5 		str	r1, [r3, #4]	@ float
  27 0014 081083E5 		str	r1, [r3, #8]	@ float
  28 0018 0C2083E5 		str	r2, [r3, #12]	@ float
  29 001c 1EFF2FE1 		bx	lr
  30              	.L3:
  31              		.align	2
  32              	.L2:
  33 0020 00000000 		.word	.LANCHOR0
  35              		.section	.text.alt_kalman_init,"ax",%progbits
  36              		.align	2
  37              		.global	alt_kalman_init
  39              	alt_kalman_init:
  40              		@ Function supports interworking.
  41              		@ args = 0, pretend = 0, frame = 0
  42              		@ frame_needed = 0, uses_anonymous_args = 0
  43              		@ link register save eliminated.
  44 0000 08309FE5 		ldr	r3, .L5
  45 0004 0020A0E3 		mov	r2, #0
  46 0008 0020C3E5 		strb	r2, [r3]
  47 000c FEFFFFEA 		b	alt_kalman_reset
  48              	.L6:
  49              		.align	2
  50              	.L5:
  51 0010 00000000 		.word	alt_kalman_enabled
  53              		.global	__aeabi_fmul
  54              		.global	__aeabi_fadd
  55              		.global	__aeabi_f2d
  56              		.global	__aeabi_dcmpgt
  57              		.global	__aeabi_fdiv
  58              		.global	__aeabi_fsub
  59              		.section	.text.alt_kalman,"ax",%progbits
  60              		.align	2
  61              		.global	alt_kalman
  63              	alt_kalman:
  64              		@ Function supports interworking.
  65              		@ args = 0, pretend = 0, frame = 16
  66              		@ frame_needed = 0, uses_anonymous_args = 0
  67 0000 F04F2DE9 		stmfd	sp!, {r4, r5, r6, r7, r8, r9, r10, fp, lr}
  68 0004 E4319FE5 		ldr	r3, .L12
  69 0008 003093E5 		ldr	r3, [r3]	@ float
  70 000c 14D04DE2 		sub	sp, sp, #20
  71 0010 DC919FE5 		ldr	r9, .L12+4
  72 0014 0C008DE5 		str	r0, [sp, #12]	@ float
  73 0018 FA15A0E3 		mov	r1, #1048576000
  74 001c 0300A0E1 		mov	r0, r3
  75 0020 04308DE5 		str	r3, [sp, #4]	@ float
  76 0024 FEFFFFEB 		bl	__aeabi_fmul
  77 0028 001099E5 		ldr	r1, [r9]	@ float
  78 002c FEFFFFEB 		bl	__aeabi_fadd
  79 0030 C0419FE5 		ldr	r4, .L12+8
  80 0034 0CB094E5 		ldr	fp, [r4, #12]	@ float
  81 0038 000089E5 		str	r0, [r9]	@ float
  82 003c FA15A0E3 		mov	r1, #1048576000
  83 0040 00A0A0E1 		mov	r10, r0
  84 0044 0B00A0E1 		mov	r0, fp
  85 0048 FEFFFFEB 		bl	__aeabi_fmul
  86 004c 041094E5 		ldr	r1, [r4, #4]	@ float
  87 0050 0080A0E1 		mov	r8, r0
  88 0054 FEFFFFEB 		bl	__aeabi_fadd
  89 0058 087094E5 		ldr	r7, [r4, #8]	@ float
  90 005c 0060A0E1 		mov	r6, r0
  91 0060 FA15A0E3 		mov	r1, #1048576000
  92 0064 0700A0E1 		mov	r0, r7
  93 0068 FEFFFFEB 		bl	__aeabi_fmul
  94 006c 001094E5 		ldr	r1, [r4]	@ float
  95 0070 FEFFFFEB 		bl	__aeabi_fadd
  96 0074 FA15A0E3 		mov	r1, #1048576000
  97 0078 0050A0E1 		mov	r5, r0
  98 007c 0600A0E1 		mov	r0, r6
  99 0080 FEFFFFEB 		bl	__aeabi_fmul
 100 0084 0010A0E1 		mov	r1, r0
 101 0088 0500A0E1 		mov	r0, r5
 102 008c FEFFFFEB 		bl	__aeabi_fadd
 103 0090 EA15A0E3 		mov	r1, #981467136
 104 0094 FEFFFFEB 		bl	__aeabi_fadd
 105 0098 0F13A0E3 		mov	r1, #1006632960
 106 009c 0050A0E1 		mov	r5, r0
 107 00a0 000084E5 		str	r0, [r4]	@ float
 108 00a4 0600A0E1 		mov	r0, r6
 109 00a8 FEFFFFEB 		bl	__aeabi_fadd
 110 00ac 0810A0E1 		mov	r1, r8
 111 00b0 040084E5 		str	r0, [r4, #4]	@ float
 112 00b4 0060A0E1 		mov	r6, r0
 113 00b8 0700A0E1 		mov	r0, r7
 114 00bc FEFFFFEB 		bl	__aeabi_fadd
 115 00c0 0F13A0E3 		mov	r1, #1006632960
 116 00c4 FEFFFFEB 		bl	__aeabi_fadd
 117 00c8 F615A0E3 		mov	r1, #1031798784
 118 00cc 080084E5 		str	r0, [r4, #8]	@ float
 119 00d0 0080A0E1 		mov	r8, r0
 120 00d4 0B00A0E1 		mov	r0, fp
 121 00d8 FEFFFFEB 		bl	__aeabi_fadd
 122 00dc 0111A0E3 		mov	r1, #1073741824
 123 00e0 08008DE5 		str	r0, [sp, #8]	@ float
 124 00e4 0C0084E5 		str	r0, [r4, #12]	@ float
 125 00e8 0500A0E1 		mov	r0, r5
 126 00ec FEFFFFEB 		bl	__aeabi_fadd
 127 00f0 0070A0E1 		mov	r7, r0
 128 00f4 0201C0E3 		bic	r0, r0, #-2147483648
 129 00f8 FEFFFFEB 		bl	__aeabi_f2d
 130 00fc F8209FE5 		ldr	r2, .L12+12
 131 0100 F8309FE5 		ldr	r3, .L12+16
 132 0104 FEFFFFEB 		bl	__aeabi_dcmpgt
 133 0108 000050E3 		cmp	r0, #0
 134 010c 3400000A 		beq	.L7
 135 0110 0710A0E1 		mov	r1, r7
 136 0114 0500A0E1 		mov	r0, r5
 137 0118 FEFFFFEB 		bl	__aeabi_fdiv
 138 011c 0710A0E1 		mov	r1, r7
 139 0120 00B0A0E1 		mov	fp, r0
 140 0124 0800A0E1 		mov	r0, r8
 141 0128 FEFFFFEB 		bl	__aeabi_fdiv
 142 012c 0A10A0E1 		mov	r1, r10
 143 0130 0070A0E1 		mov	r7, r0
 144 0134 0C009DE5 		ldr	r0, [sp, #12]	@ float
 145 0138 FEFFFFEB 		bl	__aeabi_fsub
 146 013c 0030A0E1 		mov	r3, r0
 147 0140 0310A0E1 		mov	r1, r3
 148 0144 0B00A0E1 		mov	r0, fp
 149 0148 00308DE5 		str	r3, [sp]
 150 014c FEFFFFEB 		bl	__aeabi_fmul
 151 0150 0010A0E1 		mov	r1, r0
 152 0154 0A00A0E1 		mov	r0, r10
 153 0158 FEFFFFEB 		bl	__aeabi_fadd
 154 015c 00309DE5 		ldr	r3, [sp]
 155 0160 000089E5 		str	r0, [r9]	@ float
 156 0164 0310A0E1 		mov	r1, r3
 157 0168 0700A0E1 		mov	r0, r7
 158 016c FEFFFFEB 		bl	__aeabi_fmul
 159 0170 0010A0E1 		mov	r1, r0
 160 0174 04009DE5 		ldr	r0, [sp, #4]	@ float
 161 0178 FEFFFFEB 		bl	__aeabi_fadd
 162 017c 6C309FE5 		ldr	r3, .L12
 163 0180 0710A0E1 		mov	r1, r7
 164 0184 000083E5 		str	r0, [r3]	@ float
 165 0188 020185E2 		add	r0, r5, #-2147483648
 166 018c FEFFFFEB 		bl	__aeabi_fmul
 167 0190 0810A0E1 		mov	r1, r8
 168 0194 FEFFFFEB 		bl	__aeabi_fadd
 169 0198 0710A0E1 		mov	r1, r7
 170 019c 080084E5 		str	r0, [r4, #8]	@ float
 171 01a0 020186E2 		add	r0, r6, #-2147483648
 172 01a4 FEFFFFEB 		bl	__aeabi_fmul
 173 01a8 08109DE5 		ldr	r1, [sp, #8]	@ float
 174 01ac FEFFFFEB 		bl	__aeabi_fadd
 175 01b0 0B10A0E1 		mov	r1, fp
 176 01b4 0C0084E5 		str	r0, [r4, #12]	@ float
 177 01b8 FE05A0E3 		mov	r0, #1065353216
 178 01bc FEFFFFEB 		bl	__aeabi_fsub
 179 01c0 0070A0E1 		mov	r7, r0
 180 01c4 0710A0E1 		mov	r1, r7
 181 01c8 0500A0E1 		mov	r0, r5
 182 01cc FEFFFFEB 		bl	__aeabi_fmul
 183 01d0 0710A0E1 		mov	r1, r7
 184 01d4 000084E5 		str	r0, [r4]	@ float
 185 01d8 0600A0E1 		mov	r0, r6
 186 01dc FEFFFFEB 		bl	__aeabi_fmul
 187 01e0 040084E5 		str	r0, [r4, #4]	@ float
 188              	.L7:
 189 01e4 14D08DE2 		add	sp, sp, #20
 190              		@ sp needed
 191 01e8 F04FBDE8 		ldmfd	sp!, {r4, r5, r6, r7, r8, r9, r10, fp, lr}
 192 01ec 1EFF2FE1 		bx	lr
 193              	.L13:
 194              		.align	2
 195              	.L12:
 196 01f0 00000000 		.word	estimator_z_dot
 197 01f4 00000000 		.word	estimator_z
 198 01f8 00000000 		.word	.LANCHOR0
 199 01fc F168E388 		.word	-1998362383
 200 0200 B5F8E43E 		.word	1055193269
 202              		.section	.text.estimator_init,"ax",%progbits
 203              		.align	2
 204              		.global	estimator_init
 206              	estimator_init:
 207              		@ Function supports interworking.
 208              		@ args = 0, pretend = 0, frame = 0
 209              		@ frame_needed = 0, uses_anonymous_args = 0
 210 0000 38402DE9 		stmfd	sp!, {r3, r4, r5, lr}
 211 0004 A0309FE5 		ldr	r3, .L18
 212 0008 0040A0E3 		mov	r4, #0
 213 000c 004083E5 		str	r4, [r3]	@ float
 214 0010 98309FE5 		ldr	r3, .L18+4
 215 0014 004083E5 		str	r4, [r3]	@ float
 216 0018 94309FE5 		ldr	r3, .L18+8
 217 001c 0020D3E5 		ldrb	r2, [r3]	@ zero_extendqisi2
 218 0020 000052E3 		cmp	r2, #0
 219 0024 0350A0E1 		mov	r5, r3
 220 0028 88309F05 		ldreq	r3, .L18+12
 221 002c 00408305 		streq	r4, [r3]	@ float
 222              	.L15:
 223 0030 0400A011 		movne	r0, r4
 224 0034 FEFFFF1B 		blne	alt_kalman
 225              	.L16:
 226 0038 7C309FE5 		ldr	r3, .L18+16
 227 003c 004083E5 		str	r4, [r3]	@ float
 228 0040 78309FE5 		ldr	r3, .L18+20
 229 0044 004083E5 		str	r4, [r3]	@ float
 230 0048 74309FE5 		ldr	r3, .L18+24
 231 004c 004083E5 		str	r4, [r3]	@ float
 232 0050 70309FE5 		ldr	r3, .L18+28
 233 0054 004083E5 		str	r4, [r3]	@ float
 234 0058 6C309FE5 		ldr	r3, .L18+32
 235 005c 004083E5 		str	r4, [r3]	@ float
 236 0060 0030D5E5 		ldrb	r3, [r5]	@ zero_extendqisi2
 237 0064 000053E3 		cmp	r3, #0
 238 0068 60309F05 		ldreq	r3, .L18+36
 239 006c 0020A003 		moveq	r2, #0
 240 0070 00208305 		streq	r2, [r3]	@ float
 241 0074 58309FE5 		ldr	r3, .L18+40
 242 0078 004083E5 		str	r4, [r3]	@ float
 243 007c 54309FE5 		ldr	r3, .L18+44
 244 0080 004083E5 		str	r4, [r3]	@ float
 245 0084 50309FE5 		ldr	r3, .L18+48
 246 0088 004083E5 		str	r4, [r3]	@ float
 247 008c 4C309FE5 		ldr	r3, .L18+52
 248 0090 0020A0E3 		mov	r2, #0
 249 0094 B020C3E1 		strh	r2, [r3]	@ movhi
 250 0098 44309FE5 		ldr	r3, .L18+56
 251 009c 44209FE5 		ldr	r2, .L18+60
 252 00a0 002083E5 		str	r2, [r3]	@ float
 253 00a4 3840BDE8 		ldmfd	sp!, {r3, r4, r5, lr}
 254 00a8 1EFF2FE1 		bx	lr
 255              	.L19:
 256              		.align	2
 257              	.L18:
 258 00ac 00000000 		.word	estimator_x
 259 00b0 00000000 		.word	estimator_y
 260 00b4 00000000 		.word	alt_kalman_enabled
 261 00b8 00000000 		.word	estimator_z
 262 00bc 00000000 		.word	estimator_phi
 263 00c0 00000000 		.word	estimator_psi
 264 00c4 00000000 		.word	estimator_theta
 265 00c8 00000000 		.word	estimator_hspeed_mod
 266 00cc 00000000 		.word	estimator_hspeed_dir
 267 00d0 00000000 		.word	estimator_z_dot
 268 00d4 00000000 		.word	estimator_p
 269 00d8 00000000 		.word	estimator_q
 270 00dc 00000000 		.word	estimator_r
 271 00e0 00000000 		.word	estimator_flight_time
 272 00e4 00000000 		.word	estimator_airspeed
 273 00e8 00009041 		.word	1099956224
 275              		.global	__aeabi_i2d
 276              		.global	__aeabi_ddiv
 277              		.global	__aeabi_d2f
 278              		.global	__aeabi_i2f
 279              		.section	.text.estimator_update_state_gps,"ax",%progbits
 280              		.align	2
 281              		.global	estimator_update_state_gps
 283              	estimator_update_state_gps:
 284              		@ Function supports interworking.
 285              		@ args = 0, pretend = 0, frame = 0
 286              		@ frame_needed = 0, uses_anonymous_args = 0
 287 0000 F8402DE9 		stmfd	sp!, {r3, r4, r5, r6, r7, lr}
 288 0004 28419FE5 		ldr	r4, .L24
 289 0008 1C0094E5 		ldr	r0, [r4, #28]
 290 000c FEFFFFEB 		bl	__aeabi_i2d
 291 0010 0020A0E3 		mov	r2, #0
 292 0014 1C319FE5 		ldr	r3, .L24+4
 293 0018 FEFFFFEB 		bl	__aeabi_ddiv
 294 001c FEFFFFEB 		bl	__aeabi_d2f
 295 0020 0050A0E1 		mov	r5, r0
 296 0024 180094E5 		ldr	r0, [r4, #24]
 297 0028 FEFFFFEB 		bl	__aeabi_i2d
 298 002c 0020A0E3 		mov	r2, #0
 299 0030 00319FE5 		ldr	r3, .L24+4
 300 0034 FEFFFFEB 		bl	__aeabi_ddiv
 301 0038 FEFFFFEB 		bl	__aeabi_d2f
 302 003c F8309FE5 		ldr	r3, .L24+8
 303 0040 0060A0E1 		mov	r6, r0
 304 0044 000093E5 		ldr	r0, [r3]
 305 0048 FEFFFFEB 		bl	__aeabi_i2f
 306 004c 0010A0E1 		mov	r1, r0
 307 0050 0600A0E1 		mov	r0, r6
 308 0054 FEFFFFEB 		bl	__aeabi_fsub
 309 0058 E0309FE5 		ldr	r3, .L24+12
 310 005c 0060A0E1 		mov	r6, r0
 311 0060 000093E5 		ldr	r0, [r3]
 312 0064 FEFFFFEB 		bl	__aeabi_i2f
 313 0068 0010A0E1 		mov	r1, r0
 314 006c 0500A0E1 		mov	r0, r5
 315 0070 FEFFFFEB 		bl	__aeabi_fsub
 316 0074 C8309FE5 		ldr	r3, .L24+16
 317 0078 000083E5 		str	r0, [r3]	@ float
 318 007c C4309FE5 		ldr	r3, .L24+20
 319 0080 280094E5 		ldr	r0, [r4, #40]
 320 0084 006083E5 		str	r6, [r3]	@ float
 321 0088 FEFFFFEB 		bl	__aeabi_i2d
 322 008c B8309FE5 		ldr	r3, .L24+24
 323 0090 0020A0E3 		mov	r2, #0
 324 0094 FEFFFFEB 		bl	__aeabi_ddiv
 325 0098 FEFFFFEB 		bl	__aeabi_d2f
 326 009c AC309FE5 		ldr	r3, .L24+28
 327 00a0 0010D3E5 		ldrb	r1, [r3]	@ zero_extendqisi2
 328 00a4 000051E3 		cmp	r1, #0
 329 00a8 0350A0E1 		mov	r5, r3
 330 00ac A0309F05 		ldreq	r3, .L24+32
 331 00b0 00008305 		streq	r0, [r3]	@ float
 332              	.L21:
 333 00b4 FEFFFF1B 		blne	alt_kalman
 334              	.L22:
 335 00b8 480094E5 		ldr	r0, [r4, #72]
 336 00bc FEFFFFEB 		bl	__aeabi_i2d
 337 00c0 0020A0E3 		mov	r2, #0
 338 00c4 8C309FE5 		ldr	r3, .L24+36
 339 00c8 FEFFFFEB 		bl	__aeabi_ddiv
 340 00cc FEFFFFEB 		bl	__aeabi_d2f
 341 00d0 0070A0E1 		mov	r7, r0
 342 00d4 F404D4E1 		ldrsh	r0, [r4, #68]
 343 00d8 FEFFFFEB 		bl	__aeabi_i2d
 344 00dc 54309FE5 		ldr	r3, .L24+4
 345 00e0 0020A0E3 		mov	r2, #0
 346 00e4 FEFFFFEB 		bl	__aeabi_ddiv
 347 00e8 FEFFFFEB 		bl	__aeabi_d2f
 348 00ec 68309FE5 		ldr	r3, .L24+40
 349 00f0 000083E5 		str	r0, [r3]	@ float
 350 00f4 64309FE5 		ldr	r3, .L24+44
 351 00f8 007083E5 		str	r7, [r3]	@ float
 352 00fc 0030D5E5 		ldrb	r3, [r5]	@ zero_extendqisi2
 353 0100 000053E3 		cmp	r3, #0
 354 0104 406094E5 		ldr	r6, [r4, #64]
 355 0108 0700001A 		bne	.L20
 356 010c 000066E2 		rsb	r0, r6, #0
 357 0110 FEFFFFEB 		bl	__aeabi_i2d
 358 0114 1C309FE5 		ldr	r3, .L24+4
 359 0118 0020A0E3 		mov	r2, #0
 360 011c FEFFFFEB 		bl	__aeabi_ddiv
 361 0120 FEFFFFEB 		bl	__aeabi_d2f
 362 0124 38309FE5 		ldr	r3, .L24+48
 363 0128 000083E5 		str	r0, [r3]	@ float
 364              	.L20:
 365 012c F840BDE8 		ldmfd	sp!, {r3, r4, r5, r6, r7, lr}
 366 0130 1EFF2FE1 		bx	lr
 367              	.L25:
 368              		.align	2
 369              	.L24:
 370 0134 00000000 		.word	gps
 371 0138 00005940 		.word	1079574528
 372 013c 00000000 		.word	nav_utm_north0
 373 0140 00000000 		.word	nav_utm_east0
 374 0144 00000000 		.word	estimator_x
 375 0148 00000000 		.word	estimator_y
 376 014c 00408F40 		.word	1083129856
 377 0150 00000000 		.word	alt_kalman_enabled
 378 0154 00000000 		.word	estimator_z
 379 0158 D0126341 		.word	1097011920
 380 015c 00000000 		.word	estimator_hspeed_mod
 381 0160 00000000 		.word	estimator_hspeed_dir
 382 0164 00000000 		.word	estimator_z_dot
 384              		.comm	alt_kalman_enabled,1,1
 385              		.comm	estimator_AOA,4,4
 386              		.comm	estimator_airspeed,4,4
 387              		.comm	wind_north,4,4
 388              		.comm	wind_east,4,4
 389              		.comm	estimator_hspeed_dir,4,4
 390              		.comm	estimator_hspeed_mod,4,4
 391              		.comm	estimator_t,4,4
 392              		.comm	estimator_flight_time,2,2
 393              		.comm	estimator_r,4,4
 394              		.comm	estimator_q,4,4
 395              		.comm	estimator_p,4,4
 396              		.comm	estimator_theta,4,4
 397              		.comm	estimator_psi,4,4
 398              		.comm	estimator_phi,4,4
 399              		.comm	estimator_z_dot,4,4
 400              		.comm	estimator_z,4,4
 401              		.comm	estimator_y,4,4
 402              		.comm	estimator_x,4,4
 403              		.section	.bss.p,"aw",%nobits
 404              		.align	2
 405              		.set	.LANCHOR0,. + 0
 408              	p:
 409 0000 00000000 		.space	16
 409      00000000 
 409      00000000 
 409      00000000 
 410              		.ident	"GCC: (GNU Tools for ARM Embedded Processors) 4.8.3 20131129 (release) [ARM/embedded-4_8-br
DEFINED SYMBOLS
                            *ABS*:00000000 estimator.c
     /tmp/ccgYpbe8.s:14     .text.alt_kalman_reset:00000000 $a
     /tmp/ccgYpbe8.s:17     .text.alt_kalman_reset:00000000 alt_kalman_reset
     /tmp/ccgYpbe8.s:33     .text.alt_kalman_reset:00000020 $d
     /tmp/ccgYpbe8.s:36     .text.alt_kalman_init:00000000 $a
     /tmp/ccgYpbe8.s:39     .text.alt_kalman_init:00000000 alt_kalman_init
     /tmp/ccgYpbe8.s:51     .text.alt_kalman_init:00000010 $d
                            *COM*:00000001 alt_kalman_enabled
     /tmp/ccgYpbe8.s:60     .text.alt_kalman:00000000 $a
     /tmp/ccgYpbe8.s:63     .text.alt_kalman:00000000 alt_kalman
     /tmp/ccgYpbe8.s:196    .text.alt_kalman:000001f0 $d
                            *COM*:00000004 estimator_z_dot
                            *COM*:00000004 estimator_z
     /tmp/ccgYpbe8.s:203    .text.estimator_init:00000000 $a
     /tmp/ccgYpbe8.s:206    .text.estimator_init:00000000 estimator_init
     /tmp/ccgYpbe8.s:258    .text.estimator_init:000000ac $d
                            *COM*:00000004 estimator_x
                            *COM*:00000004 estimator_y
                            *COM*:00000004 estimator_phi
                            *COM*:00000004 estimator_psi
                            *COM*:00000004 estimator_theta
                            *COM*:00000004 estimator_hspeed_mod
                            *COM*:00000004 estimator_hspeed_dir
                            *COM*:00000004 estimator_p
                            *COM*:00000004 estimator_q
                            *COM*:00000004 estimator_r
                            *COM*:00000002 estimator_flight_time
                            *COM*:00000004 estimator_airspeed
     /tmp/ccgYpbe8.s:280    .text.estimator_update_state_gps:00000000 $a
     /tmp/ccgYpbe8.s:283    .text.estimator_update_state_gps:00000000 estimator_update_state_gps
     /tmp/ccgYpbe8.s:370    .text.estimator_update_state_gps:00000134 $d
                            *COM*:00000004 estimator_AOA
                            *COM*:00000004 wind_north
                            *COM*:00000004 wind_east
                            *COM*:00000004 estimator_t
     /tmp/ccgYpbe8.s:404    .bss.p:00000000 $d
     /tmp/ccgYpbe8.s:408    .bss.p:00000000 p

UNDEFINED SYMBOLS
__aeabi_fmul
__aeabi_fadd
__aeabi_f2d
__aeabi_dcmpgt
__aeabi_fdiv
__aeabi_fsub
__aeabi_i2d
__aeabi_ddiv
__aeabi_d2f
__aeabi_i2f
gps
nav_utm_north0
nav_utm_east0
