   1              		.cpu arm7tdmi
   2              		.fpu softvfp
   3              		.eabi_attribute 20, 1
   4              		.eabi_attribute 21, 1
   5              		.eabi_attribute 23, 3
   6              		.eabi_attribute 24, 1
   7              		.eabi_attribute 25, 1
   8              		.eabi_attribute 26, 1
   9              		.eabi_attribute 30, 4
  10              		.eabi_attribute 34, 0
  11              		.eabi_attribute 18, 4
  12              		.file	"i2c.c"
  13              		.section	.text.i2c_init,"ax",%progbits
  14              		.align	2
  15              		.global	i2c_init
  17              	i2c_init:
  18              		@ Function supports interworking.
  19              		@ args = 0, pretend = 0, frame = 0
  20              		@ frame_needed = 0, uses_anonymous_args = 0
  21              		@ link register save eliminated.
  22 0000 0030A0E3 		mov	r3, #0
  23 0004 2030C0E5 		strb	r3, [r0, #32]
  24 0008 2130C0E5 		strb	r3, [r0, #33]
  25 000c 2230C0E5 		strb	r3, [r0, #34]
  26 0010 1EFF2FE1 		bx	lr
  28              		.ident	"GCC: (GNU Tools for ARM Embedded Processors) 4.8.3 20131129 (release) [ARM/embedded-4_8-br
DEFINED SYMBOLS
                            *ABS*:00000000 i2c.c
     /tmp/cctfKsNd.s:14     .text.i2c_init:00000000 $a
     /tmp/cctfKsNd.s:17     .text.i2c_init:00000000 i2c_init

NO UNDEFINED SYMBOLS
