   1              		.cpu arm7tdmi
   2              		.fpu softvfp
   3              		.eabi_attribute 20, 1
   4              		.eabi_attribute 21, 1
   5              		.eabi_attribute 23, 3
   6              		.eabi_attribute 24, 1
   7              		.eabi_attribute 25, 1
   8              		.eabi_attribute 26, 1
   9              		.eabi_attribute 30, 4
  10              		.eabi_attribute 34, 0
  11              		.eabi_attribute 18, 4
  12              		.file	"i2c_arch.c"
  13              		.section	.text.i2c_idle,"ax",%progbits
  14              		.align	2
  15              		.global	i2c_idle
  17              	i2c_idle:
  18              		@ Function supports interworking.
  19              		@ args = 0, pretend = 0, frame = 0
  20              		@ frame_needed = 0, uses_anonymous_args = 0
  21              		@ link register save eliminated.
  22 0000 2200D0E5 		ldrb	r0, [r0, #34]	@ zero_extendqisi2
  23 0004 010070E2 		rsbs	r0, r0, #1
  24 0008 0000A033 		movcc	r0, #0
  25 000c 1EFF2FE1 		bx	lr
  27              		.section	.text.i2c_submit,"ax",%progbits
  28              		.align	2
  29              		.global	i2c_submit
  31              	i2c_submit:
  32              		@ Function supports interworking.
  33              		@ args = 0, pretend = 0, frame = 0
  34              		@ frame_needed = 0, uses_anonymous_args = 0
  35 0000 70402DE9 		stmfd	sp!, {r4, r5, r6, lr}
  36 0004 2050D0E5 		ldrb	r5, [r0, #32]	@ zero_extendqisi2
  37 0008 015085E2 		add	r5, r5, #1
  38 000c FF5005E2 		and	r5, r5, #255
  39 0010 2130D0E5 		ldrb	r3, [r0, #33]	@ zero_extendqisi2
  40 0014 070055E3 		cmp	r5, #7
  41 0018 0050A083 		movhi	r5, #0
  42 001c 050053E1 		cmp	r3, r5
  43 0020 0330A003 		moveq	r3, #3
  44 0024 0040A0E1 		mov	r4, r0
  45 0028 0160A0E1 		mov	r6, r1
  46 002c 0000A0E3 		mov	r0, #0
  47 0030 2530C105 		streqb	r3, [r1, #37]
  48 0034 0D00000A 		beq	.L5
  49 0038 2500C1E5 		strb	r0, [r1, #37]
  50 003c FEFFFFEB 		bl	disableIRQ
  51 0040 2030D4E5 		ldrb	r3, [r4, #32]	@ zero_extendqisi2
  52 0044 036184E7 		str	r6, [r4, r3, asl #2]
  53 0048 2230D4E5 		ldrb	r3, [r4, #34]	@ zero_extendqisi2
  54 004c 000053E3 		cmp	r3, #0
  55 0050 0130A003 		moveq	r3, #1
  56 0054 2230C405 		streqb	r3, [r4, #34]
  57 0058 24309405 		ldreq	r3, [r4, #36]
  58 005c 2020A003 		moveq	r2, #32
  59 0060 2050C4E5 		strb	r5, [r4, #32]
  60 0064 0020C305 		streqb	r2, [r3]
  61 0068 FEFFFFEB 		bl	enableIRQ
  62 006c 0100A0E3 		mov	r0, #1
  63              	.L5:
  64 0070 7040BDE8 		ldmfd	sp!, {r4, r5, r6, lr}
  65 0074 1EFF2FE1 		bx	lr
  67              		.section	.text.i2c_event,"ax",%progbits
  68              		.align	2
  69              		.global	i2c_event
  71              	i2c_event:
  72              		@ Function supports interworking.
  73              		@ args = 0, pretend = 0, frame = 0
  74              		@ frame_needed = 0, uses_anonymous_args = 0
  75              		@ link register save eliminated.
  76 0000 1EFF2FE1 		bx	lr
  78              		.global	__aeabi_idiv
  79              		.section	.text.i2c_setbitrate,"ax",%progbits
  80              		.align	2
  81              		.global	i2c_setbitrate
  83              	i2c_setbitrate:
  84              		@ Function supports interworking.
  85              		@ args = 0, pretend = 0, frame = 0
  86              		@ frame_needed = 0, uses_anonymous_args = 0
  87 0000 10402DE9 		stmfd	sp!, {r4, lr}
  88 0004 0040A0E1 		mov	r4, r0
  89 0008 34009FE5 		ldr	r0, .L15
  90 000c FEFFFFEB 		bl	__aeabi_idiv
  91 0010 120050E3 		cmp	r0, #18
  92 0014 1300A0D3 		movle	r0, #19
  93 0018 020000DA 		ble	.L12
  94 001c 24309FE5 		ldr	r3, .L15+4
  95 0020 030050E1 		cmp	r0, r3
  96 0024 0300A0A1 		movge	r0, r3
  97              	.L12:
  98 0028 243094E5 		ldr	r3, [r4, #36]
  99 002c 0008A0E1 		mov	r0, r0, asl #16
 100 0030 2008A0E1 		mov	r0, r0, lsr #16
 101 0034 B401C3E1 		strh	r0, [r3, #20]	@ movhi
 102 0038 1040BDE8 		ldmfd	sp!, {r4, lr}
 103 003c B001C3E1 		strh	r0, [r3, #16]	@ movhi
 104 0040 1EFF2FE1 		bx	lr
 105              	.L16:
 106              		.align	2
 107              	.L15:
 108 0044 E0707200 		.word	7500000
 109 0048 DC050000 		.word	1500
 111              		.ident	"GCC: (GNU Tools for ARM Embedded Processors) 4.8.3 20131129 (release) [ARM/embedded-4_8-br
DEFINED SYMBOLS
                            *ABS*:00000000 i2c_arch.c
     /tmp/ccnvQBKh.s:14     .text.i2c_idle:00000000 $a
     /tmp/ccnvQBKh.s:17     .text.i2c_idle:00000000 i2c_idle
     /tmp/ccnvQBKh.s:28     .text.i2c_submit:00000000 $a
     /tmp/ccnvQBKh.s:31     .text.i2c_submit:00000000 i2c_submit
     /tmp/ccnvQBKh.s:68     .text.i2c_event:00000000 $a
     /tmp/ccnvQBKh.s:71     .text.i2c_event:00000000 i2c_event
     /tmp/ccnvQBKh.s:80     .text.i2c_setbitrate:00000000 $a
     /tmp/ccnvQBKh.s:83     .text.i2c_setbitrate:00000000 i2c_setbitrate
     /tmp/ccnvQBKh.s:108    .text.i2c_setbitrate:00000044 $d

UNDEFINED SYMBOLS
disableIRQ
enableIRQ
__aeabi_idiv
