   1              		.cpu arm7tdmi
   2              		.fpu softvfp
   3              		.eabi_attribute 20, 1
   4              		.eabi_attribute 21, 1
   5              		.eabi_attribute 23, 3
   6              		.eabi_attribute 24, 1
   7              		.eabi_attribute 25, 1
   8              		.eabi_attribute 26, 1
   9              		.eabi_attribute 30, 4
  10              		.eabi_attribute 18, 4
  11              		.file	"infrared_adc.c"
  12              		.section	.text.infrared_event,"ax",%progbits
  13              		.align	2
  14              		.global	infrared_event
  16              	infrared_event:
  17              		@ Function supports interworking.
  18              		@ args = 0, pretend = 0, frame = 0
  19              		@ frame_needed = 0, uses_anonymous_args = 0
  20              		@ link register save eliminated.
  21 0000 1EFF2FE1 		bx	lr
  23              		.section	.text.infrared_adc_init,"ax",%progbits
  24              		.align	2
  25              		.global	infrared_adc_init
  27              	infrared_adc_init:
  28              		@ Function supports interworking.
  29              		@ args = 0, pretend = 0, frame = 0
  30              		@ frame_needed = 0, uses_anonymous_args = 0
  31 0000 08402DE9 		stmfd	sp!, {r3, lr}
  32 0004 0F00A0E3 		mov	r0, #15
  33 0008 30109FE5 		ldr	r1, .L3
  34 000c 1020A0E3 		mov	r2, #16
  35 0010 FEFFFFEB 		bl	adc_buf_channel
  36 0014 0400A0E3 		mov	r0, #4
  37 0018 24109FE5 		ldr	r1, .L3+4
  38 001c 1020A0E3 		mov	r2, #16
  39 0020 FEFFFFEB 		bl	adc_buf_channel
  40 0024 0E00A0E3 		mov	r0, #14
  41 0028 18109FE5 		ldr	r1, .L3+8
  42 002c 1020A0E3 		mov	r2, #16
  43 0030 FEFFFFEB 		bl	adc_buf_channel
  44 0034 FEFFFFEB 		bl	infrared_struct_init
  45 0038 0840BDE8 		ldmfd	sp!, {r3, lr}
  46 003c 1EFF2FE1 		bx	lr
  47              	.L4:
  48              		.align	2
  49              	.L3:
  50 0040 00000000 		.word	.LANCHOR0
  51 0044 00000000 		.word	.LANCHOR1
  52 0048 00000000 		.word	.LANCHOR2
  54              		.section	.text.infrared_init,"ax",%progbits
  55              		.align	2
  56              		.global	infrared_init
  58              	infrared_init:
  59              		@ Function supports interworking.
  60              		@ args = 0, pretend = 0, frame = 0
  61              		@ frame_needed = 0, uses_anonymous_args = 0
  62              		@ link register save eliminated.
  63 0000 FEFFFFEA 		b	infrared_adc_init
  65              		.global	__aeabi_uidiv
  66              		.global	__aeabi_i2f
  67              		.global	__aeabi_fmul
  68              		.global	__aeabi_f2iz
  69              		.section	.text.infrared_adc_update,"ax",%progbits
  70              		.align	2
  71              		.global	infrared_adc_update
  73              	infrared_adc_update:
  74              		@ Function supports interworking.
  75              		@ args = 0, pretend = 0, frame = 0
  76              		@ frame_needed = 0, uses_anonymous_args = 0
  77 0000 F8402DE9 		stmfd	sp!, {r3, r4, r5, r6, r7, lr}
  78 0004 D0309FE5 		ldr	r3, .L7
  79 0008 4510D3E5 		ldrb	r1, [r3, #69]	@ zero_extendqisi2
  80 000c 000093E5 		ldr	r0, [r3, #0]
  81 0010 FEFFFFEB 		bl	__aeabi_uidiv
  82 0014 027C40E2 		sub	r7, r0, #512
  83 0018 C0409FE5 		ldr	r4, .L7+4
  84 001c C0309FE5 		ldr	r3, .L7+8
  85 0020 0778A0E1 		mov	r7, r7, asl #16
  86 0024 2778A0E1 		mov	r7, r7, lsr #16
  87 0028 B070C4E1 		strh	r7, [r4, #0]	@ movhi
  88 002c 4510D3E5 		ldrb	r1, [r3, #69]	@ zero_extendqisi2
  89 0030 000093E5 		ldr	r0, [r3, #0]
  90 0034 FEFFFFEB 		bl	__aeabi_uidiv
  91 0038 026C40E2 		sub	r6, r0, #512
  92 003c A4309FE5 		ldr	r3, .L7+12
  93 0040 0668A0E1 		mov	r6, r6, asl #16
  94 0044 2668A0E1 		mov	r6, r6, lsr #16
  95 0048 4510D3E5 		ldrb	r1, [r3, #69]	@ zero_extendqisi2
  96 004c 000093E5 		ldr	r0, [r3, #0]
  97 0050 B260C4E1 		strh	r6, [r4, #2]	@ movhi
  98 0054 FEFFFFEB 		bl	__aeabi_uidiv
  99 0058 025C40E2 		sub	r5, r0, #512
 100 005c 0558A0E1 		mov	r5, r5, asl #16
 101 0060 2558A0E1 		mov	r5, r5, lsr #16
 102 0064 B450C4E1 		strh	r5, [r4, #4]	@ movhi
 103 0068 7C409FE5 		ldr	r4, .L7+16
 104 006c B070C4E1 		strh	r7, [r4, #0]	@ movhi
 105 0070 B260C4E1 		strh	r6, [r4, #2]	@ movhi
 106 0074 0778A0E1 		mov	r7, r7, asl #16
 107 0078 0668A0E1 		mov	r6, r6, asl #16
 108 007c 4778A0E1 		mov	r7, r7, asr #16
 109 0080 4668A0E1 		mov	r6, r6, asr #16
 110 0084 B450C4E1 		strh	r5, [r4, #4]	@ movhi
 111 0088 060087E0 		add	r0, r7, r6
 112 008c FEFFFFEB 		bl	__aeabi_i2f
 113 0090 1C1094E5 		ldr	r1, [r4, #28]	@ float
 114 0094 FEFFFFEB 		bl	__aeabi_fmul
 115 0098 FEFFFFEB 		bl	__aeabi_f2iz
 116 009c B401C4E1 		strh	r0, [r4, #20]	@ movhi
 117 00a0 060067E0 		rsb	r0, r7, r6
 118 00a4 FEFFFFEB 		bl	__aeabi_i2f
 119 00a8 201094E5 		ldr	r1, [r4, #32]	@ float
 120 00ac FEFFFFEB 		bl	__aeabi_fmul
 121 00b0 FEFFFFEB 		bl	__aeabi_f2iz
 122 00b4 B601C4E1 		strh	r0, [r4, #22]	@ movhi
 123 00b8 0508A0E1 		mov	r0, r5, asl #16
 124 00bc 4008A0E1 		mov	r0, r0, asr #16
 125 00c0 FEFFFFEB 		bl	__aeabi_i2f
 126 00c4 241094E5 		ldr	r1, [r4, #36]	@ float
 127 00c8 FEFFFFEB 		bl	__aeabi_fmul
 128 00cc FEFFFFEB 		bl	__aeabi_f2iz
 129 00d0 B801C4E1 		strh	r0, [r4, #24]	@ movhi
 130 00d4 F840BDE8 		ldmfd	sp!, {r3, r4, r5, r6, r7, lr}
 131 00d8 1EFF2FE1 		bx	lr
 132              	.L8:
 133              		.align	2
 134              	.L7:
 135 00dc 00000000 		.word	.LANCHOR0
 136 00e0 00000000 		.word	ir_adc
 137 00e4 00000000 		.word	.LANCHOR1
 138 00e8 00000000 		.word	.LANCHOR2
 139 00ec 00000000 		.word	infrared
 141              		.section	.text.infrared_update,"ax",%progbits
 142              		.align	2
 143              		.global	infrared_update
 145              	infrared_update:
 146              		@ Function supports interworking.
 147              		@ args = 0, pretend = 0, frame = 0
 148              		@ frame_needed = 0, uses_anonymous_args = 0
 149              		@ link register save eliminated.
 150 0000 FEFFFFEA 		b	infrared_adc_update
 152              		.comm	ir_adc,6,2
 153              		.section	.bss.buf_ir1,"aw",%nobits
 154              		.align	2
 155              		.set	.LANCHOR0,. + 0
 158              	buf_ir1:
 159 0000 00000000 		.space	72
 159      00000000 
 159      00000000 
 159      00000000 
 159      00000000 
 160              		.section	.bss.buf_ir2,"aw",%nobits
 161              		.align	2
 162              		.set	.LANCHOR1,. + 0
 165              	buf_ir2:
 166 0000 00000000 		.space	72
 166      00000000 
 166      00000000 
 166      00000000 
 166      00000000 
 167              		.section	.bss.buf_ir3,"aw",%nobits
 168              		.align	2
 169              		.set	.LANCHOR2,. + 0
 172              	buf_ir3:
 173 0000 00000000 		.space	72
 173      00000000 
 173      00000000 
 173      00000000 
 173      00000000 
 174              		.ident	"GCC: (Linaro GCC 4.6-2011.09-1) 4.6.2 20110908 (prerelease)"
DEFINED SYMBOLS
                            *ABS*:00000000 infrared_adc.c
     /tmp/ccUhhdxs.s:13     .text.infrared_event:00000000 $a
     /tmp/ccUhhdxs.s:16     .text.infrared_event:00000000 infrared_event
     /tmp/ccUhhdxs.s:24     .text.infrared_adc_init:00000000 $a
     /tmp/ccUhhdxs.s:27     .text.infrared_adc_init:00000000 infrared_adc_init
     /tmp/ccUhhdxs.s:50     .text.infrared_adc_init:00000040 $d
     /tmp/ccUhhdxs.s:55     .text.infrared_init:00000000 $a
     /tmp/ccUhhdxs.s:58     .text.infrared_init:00000000 infrared_init
     /tmp/ccUhhdxs.s:70     .text.infrared_adc_update:00000000 $a
     /tmp/ccUhhdxs.s:73     .text.infrared_adc_update:00000000 infrared_adc_update
     /tmp/ccUhhdxs.s:135    .text.infrared_adc_update:000000dc $d
                            *COM*:00000006 ir_adc
     /tmp/ccUhhdxs.s:142    .text.infrared_update:00000000 $a
     /tmp/ccUhhdxs.s:145    .text.infrared_update:00000000 infrared_update
     /tmp/ccUhhdxs.s:154    .bss.buf_ir1:00000000 $d
     /tmp/ccUhhdxs.s:158    .bss.buf_ir1:00000000 buf_ir1
     /tmp/ccUhhdxs.s:161    .bss.buf_ir2:00000000 $d
     /tmp/ccUhhdxs.s:165    .bss.buf_ir2:00000000 buf_ir2
     /tmp/ccUhhdxs.s:168    .bss.buf_ir3:00000000 $d
     /tmp/ccUhhdxs.s:172    .bss.buf_ir3:00000000 buf_ir3

UNDEFINED SYMBOLS
adc_buf_channel
infrared_struct_init
__aeabi_uidiv
__aeabi_i2f
__aeabi_fmul
__aeabi_f2iz
infrared
