   1              		.cpu arm7tdmi
   2              		.fpu softvfp
   3              		.eabi_attribute 20, 1
   4              		.eabi_attribute 21, 1
   5              		.eabi_attribute 23, 3
   6              		.eabi_attribute 24, 1
   7              		.eabi_attribute 25, 1
   8              		.eabi_attribute 26, 1
   9              		.eabi_attribute 30, 4
  10              		.eabi_attribute 34, 0
  11              		.eabi_attribute 18, 4
  12              		.file	"infrared.c"
  13              		.section	.text.infrared_struct_init,"ax",%progbits
  14              		.align	2
  15              		.global	infrared_struct_init
  17              	infrared_struct_init:
  18              		@ Function supports interworking.
  19              		@ args = 0, pretend = 0, frame = 0
  20              		@ frame_needed = 0, uses_anonymous_args = 0
  21              		@ link register save eliminated.
  22 0000 34309FE5 		ldr	r3, .L2
  23 0004 0020A0E3 		mov	r2, #0
  24 0008 082083E5 		str	r2, [r3, #8]	@ float
  25 000c 2C209FE5 		ldr	r2, .L2+4
  26 0010 2C109FE5 		ldr	r1, .L2+8
  27 0014 0C2083E5 		str	r2, [r3, #12]	@ float
  28 0018 FE25A0E3 		mov	r2, #1065353216
  29 001c 282083E5 		str	r2, [r3, #40]	@ float
  30 0020 2C1083E5 		str	r1, [r3, #44]	@ float
  31 0024 302083E5 		str	r2, [r3, #48]	@ float
  32 0028 342083E5 		str	r2, [r3, #52]	@ float
  33 002c 1C2083E5 		str	r2, [r3, #28]	@ float
  34 0030 202083E5 		str	r2, [r3, #32]	@ float
  35 0034 242083E5 		str	r2, [r3, #36]	@ float
  36 0038 1EFF2FE1 		bx	lr
  37              	.L3:
  38              		.align	2
  39              	.L2:
  40 003c 00000000 		.word	infrared
  41 0040 BBA1713E 		.word	1047634363
  42 0044 1F854B3F 		.word	1061913887
  44              		.comm	infrared,56,4
  45              		.ident	"GCC: (GNU Tools for ARM Embedded Processors) 4.8.3 20131129 (release) [ARM/embedded-4_8-br
DEFINED SYMBOLS
                            *ABS*:00000000 infrared.c
     /tmp/ccsxMIfy.s:14     .text.infrared_struct_init:00000000 $a
     /tmp/ccsxMIfy.s:17     .text.infrared_struct_init:00000000 infrared_struct_init
     /tmp/ccsxMIfy.s:40     .text.infrared_struct_init:0000003c $d
                            *COM*:00000038 infrared

NO UNDEFINED SYMBOLS
