   1              		.cpu arm7tdmi
   2              		.fpu softvfp
   3              		.eabi_attribute 20, 1
   4              		.eabi_attribute 21, 1
   5              		.eabi_attribute 23, 3
   6              		.eabi_attribute 24, 1
   7              		.eabi_attribute 25, 1
   8              		.eabi_attribute 26, 1
   9              		.eabi_attribute 30, 4
  10              		.eabi_attribute 34, 0
  11              		.eabi_attribute 18, 4
  12              		.file	"inter_mcu.c"
  13              		.comm	time_since_last_ap,1,1
  14              		.comm	ap_ok,1,1
  15              		.global	inter_mcu_received_ap
  16              		.global	inter_mcu_received_fbw
  17              		.global	ap_state
  18              		.global	fbw_state
  19              		.section	.bss.inter_mcu_received_ap,"aw",%nobits
  22              	inter_mcu_received_ap:
  23 0000 00       		.space	1
  24              		.section	.bss._ap_state,"aw",%nobits
  25              		.align	1
  28              	_ap_state:
  29 0000 00000000 		.space	14
  29      00000000 
  29      00000000 
  29      0000
  30              		.section	.data.fbw_state,"aw",%progbits
  31              		.align	2
  34              	fbw_state:
  35 0000 00000000 		.word	_fbw_state
  36              		.section	.bss.inter_mcu_received_fbw,"aw",%nobits
  39              	inter_mcu_received_fbw:
  40 0000 00       		.space	1
  41              		.section	.data.ap_state,"aw",%progbits
  42              		.align	2
  45              	ap_state:
  46 0000 00000000 		.word	_ap_state
  47              		.section	.bss._fbw_state,"aw",%nobits
  48              		.align	2
  51              	_fbw_state:
  52 0000 00000000 		.space	20
  52      00000000 
  52      00000000 
  52      00000000 
  52      00000000 
  53              		.ident	"GCC: (GNU Tools for ARM Embedded Processors) 4.8.3 20131129 (release) [ARM/embedded-4_8-br
DEFINED SYMBOLS
                            *ABS*:00000000 inter_mcu.c
                            *COM*:00000001 time_since_last_ap
                            *COM*:00000001 ap_ok
     /tmp/ccESVrkx.s:22     .bss.inter_mcu_received_ap:00000000 inter_mcu_received_ap
     /tmp/ccESVrkx.s:39     .bss.inter_mcu_received_fbw:00000000 inter_mcu_received_fbw
     /tmp/ccESVrkx.s:45     .data.ap_state:00000000 ap_state
     /tmp/ccESVrkx.s:34     .data.fbw_state:00000000 fbw_state
     /tmp/ccESVrkx.s:23     .bss.inter_mcu_received_ap:00000000 $d
     /tmp/ccESVrkx.s:25     .bss._ap_state:00000000 $d
     /tmp/ccESVrkx.s:28     .bss._ap_state:00000000 _ap_state
     /tmp/ccESVrkx.s:31     .data.fbw_state:00000000 $d
     /tmp/ccESVrkx.s:51     .bss._fbw_state:00000000 _fbw_state
     /tmp/ccESVrkx.s:40     .bss.inter_mcu_received_fbw:00000000 $d
     /tmp/ccESVrkx.s:42     .data.ap_state:00000000 $d
     /tmp/ccESVrkx.s:48     .bss._fbw_state:00000000 $d

NO UNDEFINED SYMBOLS
