   1              		.cpu arm7tdmi
   2              		.fpu softvfp
   3              		.eabi_attribute 20, 1
   4              		.eabi_attribute 21, 1
   5              		.eabi_attribute 23, 3
   6              		.eabi_attribute 24, 1
   7              		.eabi_attribute 25, 1
   8              		.eabi_attribute 26, 1
   9              		.eabi_attribute 30, 4
  10              		.eabi_attribute 34, 0
  11              		.eabi_attribute 18, 4
  12              		.file	"main.c"
  13              		.section	.text.startup.main,"ax",%progbits
  14              		.align	2
  15              		.global	main
  17              	main:
  18              		@ Function supports interworking.
  19              		@ Volatile: function does not return.
  20              		@ args = 0, pretend = 0, frame = 0
  21              		@ frame_needed = 0, uses_anonymous_args = 0
  22 0000 08402DE9 		stmfd	sp!, {r3, lr}
  23 0004 FEFFFFEB 		bl	init_fbw
  24 0008 FEFFFFEB 		bl	init_ap
  25              	.L2:
  26 000c FEFFFFEB 		bl	handle_periodic_tasks_fbw
  27 0010 FEFFFFEB 		bl	handle_periodic_tasks_ap
  28 0014 FEFFFFEB 		bl	event_task_fbw
  29 0018 FEFFFFEB 		bl	event_task_ap
  30 001c FAFFFFEA 		b	.L2
  32              		.ident	"GCC: (GNU Tools for ARM Embedded Processors) 4.8.3 20131129 (release) [ARM/embedded-4_8-br
DEFINED SYMBOLS
                            *ABS*:00000000 main.c
     /tmp/ccSqhwJD.s:14     .text.startup.main:00000000 $a
     /tmp/ccSqhwJD.s:17     .text.startup.main:00000000 main

UNDEFINED SYMBOLS
init_fbw
init_ap
handle_periodic_tasks_fbw
handle_periodic_tasks_ap
event_task_fbw
event_task_ap
