   1              		.cpu arm7tdmi
   2              		.fpu softvfp
   3              		.eabi_attribute 20, 1
   4              		.eabi_attribute 21, 1
   5              		.eabi_attribute 23, 3
   6              		.eabi_attribute 24, 1
   7              		.eabi_attribute 25, 1
   8              		.eabi_attribute 26, 1
   9              		.eabi_attribute 30, 4
  10              		.eabi_attribute 34, 0
  11              		.eabi_attribute 18, 4
  12              		.file	"mcu.c"
  13              		.section	.text.mcu_init,"ax",%progbits
  14              		.align	2
  15              		.global	mcu_init
  17              	mcu_init:
  18              		@ Function supports interworking.
  19              		@ args = 0, pretend = 0, frame = 0
  20              		@ frame_needed = 0, uses_anonymous_args = 0
  21 0000 08402DE9 		stmfd	sp!, {r3, lr}
  22 0004 FEFFFFEB 		bl	mcu_arch_init
  23 0008 FEFFFFEB 		bl	sys_time_init
  24 000c 88309FE5 		ldr	r3, .L2
  25 0010 182093E5 		ldr	r2, [r3, #24]
  26 0014 022882E3 		orr	r2, r2, #131072
  27 0018 182083E5 		str	r2, [r3, #24]
  28 001c 0228A0E3 		mov	r2, #131072
  29 0020 142083E5 		str	r2, [r3, #20]
  30 0024 182093E5 		ldr	r2, [r3, #24]
  31 0028 012882E3 		orr	r2, r2, #65536
  32 002c 182083E5 		str	r2, [r3, #24]
  33 0030 0128A0E3 		mov	r2, #65536
  34 0034 142083E5 		str	r2, [r3, #20]
  35 0038 182093E5 		ldr	r2, [r3, #24]
  36 003c 022582E3 		orr	r2, r2, #8388608
  37 0040 182083E5 		str	r2, [r3, #24]
  38 0044 0225A0E3 		mov	r2, #8388608
  39 0048 142083E5 		str	r2, [r3, #20]
  40 004c 182093E5 		ldr	r2, [r3, #24]
  41 0050 012782E3 		orr	r2, r2, #262144
  42 0054 182083E5 		str	r2, [r3, #24]
  43 0058 0127A0E3 		mov	r2, #262144
  44 005c 142083E5 		str	r2, [r3, #20]
  45 0060 182093E5 		ldr	r2, [r3, #24]
  46 0064 012582E3 		orr	r2, r2, #4194304
  47 0068 182083E5 		str	r2, [r3, #24]
  48 006c 0125A0E3 		mov	r2, #4194304
  49 0070 142083E5 		str	r2, [r3, #20]
  50 0074 182093E5 		ldr	r2, [r3, #24]
  51 0078 022682E3 		orr	r2, r2, #2097152
  52 007c 182083E5 		str	r2, [r3, #24]
  53 0080 0226A0E3 		mov	r2, #2097152
  54 0084 142083E5 		str	r2, [r3, #20]
  55 0088 FEFFFFEB 		bl	uart0_init
  56 008c FEFFFFEB 		bl	uart1_init
  57 0090 FEFFFFEB 		bl	adc_init
  58 0094 0840BDE8 		ldmfd	sp!, {r3, lr}
  59 0098 1EFF2FE1 		bx	lr
  60              	.L3:
  61              		.align	2
  62              	.L2:
  63 009c 008002E0 		.word	-536707072
  65              		.ident	"GCC: (GNU Tools for ARM Embedded Processors) 4.8.3 20131129 (release) [ARM/embedded-4_8-br
DEFINED SYMBOLS
                            *ABS*:00000000 mcu.c
     /tmp/ccqpnqdW.s:14     .text.mcu_init:00000000 $a
     /tmp/ccqpnqdW.s:17     .text.mcu_init:00000000 mcu_init
     /tmp/ccqpnqdW.s:63     .text.mcu_init:0000009c $d

UNDEFINED SYMBOLS
mcu_arch_init
sys_time_init
uart0_init
uart1_init
adc_init
