   1              		.cpu arm7tdmi
   2              		.fpu softvfp
   3              		.eabi_attribute 20, 1
   4              		.eabi_attribute 21, 1
   5              		.eabi_attribute 23, 3
   6              		.eabi_attribute 24, 1
   7              		.eabi_attribute 25, 1
   8              		.eabi_attribute 26, 1
   9              		.eabi_attribute 30, 4
  10              		.eabi_attribute 34, 0
  11              		.eabi_attribute 18, 4
  12              		.file	"mcu_arch.c"
  13              		.section	.text.mcu_arch_init,"ax",%progbits
  14              		.align	2
  15              		.global	mcu_arch_init
  17              	mcu_arch_init:
  18              		@ Function supports interworking.
  19              		@ args = 0, pretend = 0, frame = 0
  20              		@ frame_needed = 0, uses_anonymous_args = 0
  21              		@ link register save eliminated.
  22 0000 78309FE5 		ldr	r3, .L5
  23 0004 2420A0E3 		mov	r2, #36
  24 0008 8420C3E5 		strb	r2, [r3, #132]
  25 000c 0120A0E3 		mov	r2, #1
  26 0010 8020C3E5 		strb	r2, [r3, #128]
  27 0014 5520E0E3 		mvn	r2, #85
  28 0018 8C20C3E5 		strb	r2, [r3, #140]
  29 001c 5520A0E3 		mov	r2, #85
  30 0020 8C20C3E5 		strb	r2, [r3, #140]
  31              	.L3:
  32 0024 54309FE5 		ldr	r3, .L5
  33 0028 B828D3E1 		ldrh	r2, [r3, #136]
  34 002c 010B12E3 		tst	r2, #1024
  35 0030 FBFFFF0A 		beq	.L3
  36 0034 0320A0E3 		mov	r2, #3
  37 0038 5510E0E3 		mvn	r1, #85
  38 003c 8020C3E5 		strb	r2, [r3, #128]
  39 0040 8C10C3E5 		strb	r1, [r3, #140]
  40 0044 5510A0E3 		mov	r1, #85
  41 0048 8C10C3E5 		strb	r1, [r3, #140]
  42 004c 0420C3E5 		strb	r2, [r3, #4]
  43 0050 0220A0E3 		mov	r2, #2
  44 0054 0020C3E5 		strb	r2, [r3]
  45 0058 0110A0E3 		mov	r1, #1
  46 005c 0020A0E3 		mov	r2, #0
  47 0060 0021C3E5 		strb	r2, [r3, #256]
  48 0064 4010C3E5 		strb	r1, [r3, #64]
  49 0068 0030E0E3 		mvn	r3, #0
  50 006c EB3F03E5 		str	r3, [r3, #-4075]
  51 0070 F32F03E5 		str	r2, [r3, #-4083]
  52 0074 08209FE5 		ldr	r2, .L5+4
  53 0078 CB2F03E5 		str	r2, [r3, #-4043]
  54 007c 1EFF2FE1 		bx	lr
  55              	.L6:
  56              		.align	2
  57              	.L5:
  58 0080 00C01FE0 		.word	-534790144
  59 0084 00000000 		.word	reset
  61              		.ident	"GCC: (GNU Tools for ARM Embedded Processors) 4.8.3 20131129 (release) [ARM/embedded-4_8-br
DEFINED SYMBOLS
                            *ABS*:00000000 mcu_arch.c
     /tmp/cc7BxPUd.s:14     .text.mcu_arch_init:00000000 $a
     /tmp/cc7BxPUd.s:17     .text.mcu_arch_init:00000000 mcu_arch_init
     /tmp/cc7BxPUd.s:58     .text.mcu_arch_init:00000080 $d

UNDEFINED SYMBOLS
reset
