   1              		.cpu arm7tdmi
   2              		.fpu softvfp
   3              		.eabi_attribute 20, 1
   4              		.eabi_attribute 21, 1
   5              		.eabi_attribute 23, 3
   6              		.eabi_attribute 24, 1
   7              		.eabi_attribute 25, 1
   8              		.eabi_attribute 26, 1
   9              		.eabi_attribute 30, 4
  10              		.eabi_attribute 34, 0
  11              		.eabi_attribute 18, 4
  12              		.file	"rc_datalink.c"
  13              		.section	.text.radio_control_impl_init,"ax",%progbits
  14              		.align	2
  15              		.global	radio_control_impl_init
  17              	radio_control_impl_init:
  18              		@ Function supports interworking.
  19              		@ args = 0, pretend = 0, frame = 0
  20              		@ frame_needed = 0, uses_anonymous_args = 0
  21              		@ link register save eliminated.
  22 0000 08309FE5 		ldr	r3, .L2
  23 0004 0020A0E3 		mov	r2, #0
  24 0008 0020C3E5 		strb	r2, [r3]
  25 000c 1EFF2FE1 		bx	lr
  26              	.L3:
  27              		.align	2
  28              	.L2:
  29 0010 00000000 		.word	rc_dl_frame_available
  31              		.section	.text.parse_rc_3ch_datalink,"ax",%progbits
  32              		.align	2
  33              		.global	parse_rc_3ch_datalink
  35              	parse_rc_3ch_datalink:
  36              		@ Function supports interworking.
  37              		@ args = 0, pretend = 0, frame = 0
  38              		@ frame_needed = 0, uses_anonymous_args = 0
  39              		@ link register save eliminated.
  40 0000 30309FE5 		ldr	r3, .L5
  41 0004 0120C3E5 		strb	r2, [r3, #1]
  42 0008 2021A0E1 		mov	r2, r0, lsr #2
  43 000c 8220A0E1 		mov	r2, r2, asl #1
  44 0010 0320C3E5 		strb	r2, [r3, #3]
  45 0014 030000E2 		and	r0, r0, #3
  46 0018 0020A0E3 		mov	r2, #0
  47 001c 0010C3E5 		strb	r1, [r3]
  48 0020 0220C3E5 		strb	r2, [r3, #2]
  49 0024 0400C3E5 		strb	r0, [r3, #4]
  50 0028 0C309FE5 		ldr	r3, .L5+4
  51 002c 0120A0E3 		mov	r2, #1
  52 0030 0020C3E5 		strb	r2, [r3]
  53 0034 1EFF2FE1 		bx	lr
  54              	.L6:
  55              		.align	2
  56              	.L5:
  57 0038 00000000 		.word	rc_dl_values
  58 003c 00000000 		.word	rc_dl_frame_available
  60              		.section	.text.parse_rc_4ch_datalink,"ax",%progbits
  61              		.align	2
  62              		.global	parse_rc_4ch_datalink
  64              	parse_rc_4ch_datalink:
  65              		@ Function supports interworking.
  66              		@ args = 4, pretend = 0, frame = 0
  67              		@ frame_needed = 0, uses_anonymous_args = 0
  68              		@ link register save eliminated.
  69 0000 24C09FE5 		ldr	ip, .L8
  70 0004 0130CCE5 		strb	r3, [ip, #1]
  71 0008 D030DDE1 		ldrsb	r3, [sp]
  72 000c 0230CCE5 		strb	r3, [ip, #2]
  73 0010 18309FE5 		ldr	r3, .L8+4
  74 0014 0020CCE5 		strb	r2, [ip]
  75 0018 0120A0E3 		mov	r2, #1
  76 001c 0400CCE5 		strb	r0, [ip, #4]
  77 0020 0310CCE5 		strb	r1, [ip, #3]
  78 0024 0020C3E5 		strb	r2, [r3]
  79 0028 1EFF2FE1 		bx	lr
  80              	.L9:
  81              		.align	2
  82              	.L8:
  83 002c 00000000 		.word	rc_dl_values
  84 0030 00000000 		.word	rc_dl_frame_available
  86              		.comm	rc_dl_frame_available,1,1
  87              		.comm	rc_dl_values,5,1
  88              		.ident	"GCC: (GNU Tools for ARM Embedded Processors) 4.8.3 20131129 (release) [ARM/embedded-4_8-br
DEFINED SYMBOLS
                            *ABS*:00000000 rc_datalink.c
     /tmp/ccA0NmnN.s:14     .text.radio_control_impl_init:00000000 $a
     /tmp/ccA0NmnN.s:17     .text.radio_control_impl_init:00000000 radio_control_impl_init
     /tmp/ccA0NmnN.s:29     .text.radio_control_impl_init:00000010 $d
                            *COM*:00000001 rc_dl_frame_available
     /tmp/ccA0NmnN.s:32     .text.parse_rc_3ch_datalink:00000000 $a
     /tmp/ccA0NmnN.s:35     .text.parse_rc_3ch_datalink:00000000 parse_rc_3ch_datalink
     /tmp/ccA0NmnN.s:57     .text.parse_rc_3ch_datalink:00000038 $d
                            *COM*:00000005 rc_dl_values
     /tmp/ccA0NmnN.s:61     .text.parse_rc_4ch_datalink:00000000 $a
     /tmp/ccA0NmnN.s:64     .text.parse_rc_4ch_datalink:00000000 parse_rc_4ch_datalink
     /tmp/ccA0NmnN.s:83     .text.parse_rc_4ch_datalink:0000002c $d

NO UNDEFINED SYMBOLS
