   1              		.cpu arm7tdmi
   2              		.fpu softvfp
   3              		.eabi_attribute 20, 1
   4              		.eabi_attribute 21, 1
   5              		.eabi_attribute 23, 3
   6              		.eabi_attribute 24, 1
   7              		.eabi_attribute 25, 1
   8              		.eabi_attribute 26, 1
   9              		.eabi_attribute 30, 4
  10              		.eabi_attribute 34, 0
  11              		.eabi_attribute 18, 4
  12              		.file	"servos_4017_hw.c"
  13              		.section	.text.actuators_init,"ax",%progbits
  14              		.align	2
  15              		.global	actuators_init
  17              	actuators_init:
  18              		@ Function supports interworking.
  19              		@ args = 0, pretend = 0, frame = 0
  20              		@ frame_needed = 0, uses_anonymous_args = 0
  21              		@ link register save eliminated.
  22 0000 94309FE5 		ldr	r3, .L6
  23 0004 082093E5 		ldr	r2, [r3, #8]
  24 0008 022282E3 		orr	r2, r2, #536870912
  25 000c 082083E5 		str	r2, [r3, #8]
  26 0010 88209FE5 		ldr	r2, .L6+4
  27 0014 041092E5 		ldr	r1, [r2, #4]
  28 0018 031381E3 		orr	r1, r1, #201326592
  29 001c 041082E5 		str	r1, [r2, #4]
  30 0020 181093E5 		ldr	r1, [r3, #24]
  31 0024 011681E3 		orr	r1, r1, #1048576
  32 0028 181083E5 		str	r1, [r3, #24]
  33 002c 141092E5 		ldr	r1, [r2, #20]
  34 0030 0810C1E3 		bic	r1, r1, #8
  35 0034 141082E5 		str	r1, [r2, #20]
  36 0038 0126A0E3 		mov	r2, #1048576
  37 003c 142083E5 		str	r2, [r3, #20]
  38 0040 093943E2 		sub	r3, r3, #147456
  39 0044 142093E5 		ldr	r2, [r3, #20]
  40 0048 022C82E3 		orr	r2, r2, #512
  41 004c 142083E5 		str	r2, [r3, #20]
  42 0050 3C2093E5 		ldr	r2, [r3, #60]
  43 0054 0820C2E3 		bic	r2, r2, #8
  44 0058 3C2083E5 		str	r2, [r3, #60]
  45 005c 3C2093E5 		ldr	r2, [r3, #60]
  46 0060 022B82E3 		orr	r2, r2, #2048
  47 0064 3C2083E5 		str	r2, [r3, #60]
  48 0068 34209FE5 		ldr	r2, .L6+8
  49 006c 242083E5 		str	r2, [r3, #36]
  50 0070 30309FE5 		ldr	r3, .L6+12
  51 0074 0A20A0E3 		mov	r2, #10
  52 0078 0020C3E5 		strb	r2, [r3]
  53 007c 0030A0E3 		mov	r3, #0
  54              	.L3:
  55 0080 24109FE5 		ldr	r1, .L6+16
  56 0084 24209FE5 		ldr	r2, .L6+20
  57 0088 B21083E1 		strh	r1, [r3, r2]	@ movhi
  58 008c 023083E2 		add	r3, r3, #2
  59 0090 140053E3 		cmp	r3, #20
  60 0094 F9FFFF1A 		bne	.L3
  61 0098 1EFF2FE1 		bx	lr
  62              	.L7:
  63              		.align	2
  64              	.L6:
  65 009c 008002E0 		.word	-536707072
  66 00a0 00C002E0 		.word	-536690688
  67 00a4 FFFF0000 		.word	65535
  68 00a8 00000000 		.word	servos_4017_idx
  69 00ac E4570000 		.word	22500
  70 00b0 00000000 		.word	servos_values
  72              		.comm	servos_values,20,2
  73              		.comm	servos_4017_idx,1,1
  74              		.ident	"GCC: (GNU Tools for ARM Embedded Processors) 4.8.3 20131129 (release) [ARM/embedded-4_8-br
DEFINED SYMBOLS
                            *ABS*:00000000 servos_4017_hw.c
     /tmp/ccDAZ3rB.s:14     .text.actuators_init:00000000 $a
     /tmp/ccDAZ3rB.s:17     .text.actuators_init:00000000 actuators_init
     /tmp/ccDAZ3rB.s:65     .text.actuators_init:0000009c $d
                            *COM*:00000001 servos_4017_idx
                            *COM*:00000014 servos_values

NO UNDEFINED SYMBOLS
