   1              		.cpu arm7tdmi
   2              		.fpu softvfp
   3              		.eabi_attribute 20, 1
   4              		.eabi_attribute 21, 1
   5              		.eabi_attribute 23, 3
   6              		.eabi_attribute 24, 1
   7              		.eabi_attribute 25, 1
   8              		.eabi_attribute 26, 1
   9              		.eabi_attribute 30, 4
  10              		.eabi_attribute 34, 0
  11              		.eabi_attribute 18, 4
  12              		.file	"settings.c"
  13              		.section	.text.settings_init,"ax",%progbits
  14              		.align	2
  15              		.global	settings_init
  17              	settings_init:
  18              		@ Function supports interworking.
  19              		@ args = 0, pretend = 0, frame = 0
  20              		@ frame_needed = 0, uses_anonymous_args = 0
  21              		@ link register save eliminated.
  22 0000 1EFF2FE1 		bx	lr
  24              		.section	.text.settings_store,"ax",%progbits
  25              		.align	2
  26              		.global	settings_store
  28              	settings_store:
  29              		@ Function supports interworking.
  30              		@ args = 0, pretend = 0, frame = 0
  31              		@ frame_needed = 0, uses_anonymous_args = 0
  32              		@ link register save eliminated.
  33 0000 1EFF2FE1 		bx	lr
  35              		.comm	settings_store_now,1,1
  36              		.comm	pers_settings,0,1
  37              		.ident	"GCC: (GNU Tools for ARM Embedded Processors) 4.8.3 20131129 (release) [ARM/embedded-4_8-br
DEFINED SYMBOLS
                            *ABS*:00000000 settings.c
     /tmp/cc4tSfWX.s:14     .text.settings_init:00000000 $a
     /tmp/cc4tSfWX.s:17     .text.settings_init:00000000 settings_init
     /tmp/cc4tSfWX.s:25     .text.settings_store:00000000 $a
     /tmp/cc4tSfWX.s:28     .text.settings_store:00000000 settings_store
                            *COM*:00000001 settings_store_now
                            *COM*:00000000 pers_settings

NO UNDEFINED SYMBOLS
