   1              		.cpu arm7tdmi
   2              		.fpu softvfp
   3              		.eabi_attribute 20, 1
   4              		.eabi_attribute 21, 1
   5              		.eabi_attribute 23, 3
   6              		.eabi_attribute 24, 1
   7              		.eabi_attribute 25, 1
   8              		.eabi_attribute 26, 1
   9              		.eabi_attribute 30, 4
  10              		.eabi_attribute 34, 0
  11              		.eabi_attribute 18, 4
  12              		.file	"traffic_info.c"
  13              		.section	.text.traffic_info_init,"ax",%progbits
  14              		.align	2
  15              		.global	traffic_info_init
  17              	traffic_info_init:
  18              		@ Function supports interworking.
  19              		@ args = 0, pretend = 0, frame = 0
  20              		@ frame_needed = 0, uses_anonymous_args = 0
  21              		@ link register save eliminated.
  22 0000 24309FE5 		ldr	r3, .L2
  23 0004 0020A0E3 		mov	r2, #0
  24 0008 0020C3E5 		strb	r2, [r3]
  25 000c 0120A0E3 		mov	r2, #1
  26 0010 0220C3E5 		strb	r2, [r3, #2]
  27 0014 14209FE5 		ldr	r2, .L2+4
  28 0018 0230A0E3 		mov	r3, #2
  29 001c 2030C2E5 		strb	r3, [r2, #32]
  30 0020 0C209FE5 		ldr	r2, .L2+8
  31 0024 0030C2E5 		strb	r3, [r2]
  32 0028 1EFF2FE1 		bx	lr
  33              	.L3:
  34              		.align	2
  35              	.L2:
  36 002c 00000000 		.word	the_acs_id
  37 0030 00000000 		.word	the_acs
  38 0034 00000000 		.word	acs_idx
  40              		.section	.text.get_ac_info,"ax",%progbits
  41              		.align	2
  42              		.global	get_ac_info
  44              	get_ac_info:
  45              		@ Function supports interworking.
  46              		@ args = 0, pretend = 0, frame = 0
  47              		@ frame_needed = 0, uses_anonymous_args = 0
  48              		@ link register save eliminated.
  49 0000 0C309FE5 		ldr	r3, .L5
  50 0004 0000D3E7 		ldrb	r0, [r3, r0]	@ zero_extendqisi2
  51 0008 08309FE5 		ldr	r3, .L5+4
  52 000c 800283E0 		add	r0, r3, r0, asl #5
  53 0010 1EFF2FE1 		bx	lr
  54              	.L6:
  55              		.align	2
  56              	.L5:
  57 0014 00000000 		.word	the_acs_id
  58 0018 00000000 		.word	the_acs
  60              		.comm	the_acs,768,4
  61              		.comm	the_acs_id,256,1
  62              		.comm	acs_idx,1,1
  63              		.ident	"GCC: (GNU Tools for ARM Embedded Processors) 4.8.3 20131129 (release) [ARM/embedded-4_8-br
DEFINED SYMBOLS
                            *ABS*:00000000 traffic_info.c
     /tmp/cce06mEz.s:14     .text.traffic_info_init:00000000 $a
     /tmp/cce06mEz.s:17     .text.traffic_info_init:00000000 traffic_info_init
     /tmp/cce06mEz.s:36     .text.traffic_info_init:0000002c $d
                            *COM*:00000100 the_acs_id
                            *COM*:00000300 the_acs
                            *COM*:00000001 acs_idx
     /tmp/cce06mEz.s:41     .text.get_ac_info:00000000 $a
     /tmp/cce06mEz.s:44     .text.get_ac_info:00000000 get_ac_info
     /tmp/cce06mEz.s:57     .text.get_ac_info:00000014 $d

NO UNDEFINED SYMBOLS
