   1              		.cpu arm7tdmi
   2              		.fpu softvfp
   3              		.eabi_attribute 20, 1
   4              		.eabi_attribute 21, 1
   5              		.eabi_attribute 23, 3
   6              		.eabi_attribute 24, 1
   7              		.eabi_attribute 25, 1
   8              		.eabi_attribute 26, 1
   9              		.eabi_attribute 30, 4
  10              		.eabi_attribute 34, 0
  11              		.eabi_attribute 18, 4
  12              		.file	"uart.c"
  13              		.section	.text.uart_periph_init,"ax",%progbits
  14              		.align	2
  15              		.global	uart_periph_init
  17              	uart_periph_init:
  18              		@ Function supports interworking.
  19              		@ args = 0, pretend = 0, frame = 0
  20              		@ frame_needed = 0, uses_anonymous_args = 0
  21              		@ link register save eliminated.
  22 0000 0030A0E3 		mov	r3, #0
  23 0004 412FA0E3 		mov	r2, #260
  24 0008 B038C0E1 		strh	r3, [r0, #128]	@ movhi
  25 000c B238C0E1 		strh	r3, [r0, #130]	@ movhi
  26 0010 B23080E1 		strh	r3, [r0, r2]	@ movhi
  27 0014 022082E2 		add	r2, r2, #2
  28 0018 B23080E1 		strh	r3, [r0, r2]	@ movhi
  29 001c 0831C0E5 		strb	r3, [r0, #264]
  30 0020 1EFF2FE1 		bx	lr
  32              		.section	.text.uart_check_free_space,"ax",%progbits
  33              		.align	2
  34              		.global	uart_check_free_space
  36              	uart_check_free_space:
  37              		@ Function supports interworking.
  38              		@ args = 0, pretend = 0, frame = 0
  39              		@ frame_needed = 0, uses_anonymous_args = 0
  40              		@ link register save eliminated.
  41 0000 44309FE5 		ldr	r3, .L4
  42 0004 B32090E1 		ldrh	r2, [r0, r3]
  43 0008 413FA0E3 		mov	r3, #260
  44 000c B33090E1 		ldrh	r3, [r0, r3]
  45 0010 022063E0 		rsb	r2, r3, r2
  46 0014 0228A0E1 		mov	r2, r2, asl #16
  47 0018 2228A0E1 		mov	r2, r2, lsr #16
  48 001c 0208A0E1 		mov	r0, r2, asl #16
  49 0020 000050E3 		cmp	r0, #0
  50 0024 0230A0E1 		mov	r3, r2
  51 0028 803082D2 		addle	r3, r2, #128
  52 002c 0338A0D1 		movle	r3, r3, asl #16
  53 0030 2338A0D1 		movle	r3, r3, lsr #16
  54 0034 013043E2 		sub	r3, r3, #1
  55 0038 0338A0E1 		mov	r3, r3, asl #16
  56 003c 230851E1 		cmp	r1, r3, lsr #16
  57 0040 0000A083 		movhi	r0, #0
  58 0044 0100A093 		movls	r0, #1
  59 0048 1EFF2FE1 		bx	lr
  60              	.L5:
  61              		.align	2
  62              	.L4:
  63 004c 06010000 		.word	262
  65              		.comm	uart1,288,4
  66              		.comm	uart0,288,4
  67              		.ident	"GCC: (GNU Tools for ARM Embedded Processors) 4.8.3 20131129 (release) [ARM/embedded-4_8-br
DEFINED SYMBOLS
                            *ABS*:00000000 uart.c
     /tmp/ccIyrLKI.s:14     .text.uart_periph_init:00000000 $a
     /tmp/ccIyrLKI.s:17     .text.uart_periph_init:00000000 uart_periph_init
     /tmp/ccIyrLKI.s:33     .text.uart_check_free_space:00000000 $a
     /tmp/ccIyrLKI.s:36     .text.uart_check_free_space:00000000 uart_check_free_space
     /tmp/ccIyrLKI.s:63     .text.uart_check_free_space:0000004c $d
                            *COM*:00000120 uart1
                            *COM*:00000120 uart0

NO UNDEFINED SYMBOLS
